{"meta": {"format": 3, "version": "7.13.4", "timestamp": "2026-03-04T22:56:19.859084", "branch_coverage": false, "show_contexts": false}, "files": {"src/__init__.py": {"executed_lines": [3, 4, 5, 6], "summary": {"covered_lines": 4, "num_statements": 4, "percent_covered": 100.0, "percent_covered_display": "100", "missing_lines": 0, "excluded_lines": 0, "percent_statements_covered": 100.0, "percent_statements_covered_display": "100"}, "missing_lines": [], "excluded_lines": [], "functions": {"": {"executed_lines": [3, 4, 5, 6], "summary": {"covered_lines": 4, "num_statements": 4, "percent_covered": 100.0, "percent_covered_display": "100", "missing_lines": 0, "excluded_lines": 0, "percent_statements_covered": 100.0, "percent_statements_covered_display": "100"}, "missing_lines": [], "excluded_lines": [], "start_line": 1}}, "classes": {"": {"executed_lines": [3, 4, 5, 6], "summary": {"covered_lines": 4, "num_statements": 4, "percent_covered": 100.0, "percent_covered_display": "100", "missing_lines": 0, "excluded_lines": 0, "percent_statements_covered": 100.0, "percent_statements_covered_display": "100"}, "missing_lines": [], "excluded_lines": [], "start_line": 1}}}, "src/adapters/database/__init__.py": {"executed_lines": [3, 4, 5, 6, 8], "summary": {"covered_lines": 5, "num_statements": 5, "percent_covered": 100.0, "percent_covered_display": "100", "missing_lines": 0, "excluded_lines": 0, "percent_statements_covered": 100.0, "percent_statements_covered_display": "100"}, "missing_lines": [], "excluded_lines": [], "functions": {"": {"executed_lines": [3, 4, 5, 6, 8], "summary": {"covered_lines": 5, "num_statements": 5, "percent_covered": 100.0, "percent_covered_display": "100", "missing_lines": 0, "excluded_lines": 0, "percent_statements_covered": 100.0, "percent_statements_covered_display": "100"}, "missing_lines": [], "excluded_lines": [], "start_line": 1}}, "classes": {"": {"executed_lines": [3, 4, 5, 6, 8], "summary": {"covered_lines": 5, "num_statements": 5, "percent_covered": 100.0, "percent_covered_display": "100", "missing_lines": 0, "excluded_lines": 0, "percent_statements_covered": 100.0, "percent_statements_covered_display": "100"}, "missing_lines": [], "excluded_lines": [], "start_line": 1}}}, "src/adapters/database/data_integrity_tester.py": {"executed_lines": [3, 4, 5, 8, 11, 12, 13, 14, 15, 16, 19, 20, 33, 34, 35, 36, 37, 38, 41, 42, 54, 55, 56, 57, 58, 60, 61, 66, 100, 110, 154, 189, 220, 264, 295, 325, 362, 397, 408, 449], "summary": {"covered_lines": 40, "num_statements": 134, "percent_covered": 29.850746268656717, "percent_covered_display": "30", "missing_lines": 94, "excluded_lines": 0, "percent_statements_covered": 29.850746268656717, "percent_statements_covered_display": "30"}, "missing_lines": [63, 107, 108, 123, 125, 126, 127, 130, 131, 133, 135, 167, 176, 178, 179, 181, 193, 200, 201, 202, 204, 211, 212, 224, 225, 235, 244, 245, 246, 248, 255, 256, 268, 275, 276, 277, 279, 286, 287, 299, 305, 306, 307, 309, 316, 317, 327, 328, 336, 342, 343, 344, 346, 353, 354, 368, 374, 375, 376, 377, 378, 379, 381, 388, 389, 399, 400, 401, 402, 403, 404, 405, 406, 410, 411, 413, 419, 420, 421, 426, 427, 430, 431, 434, 435, 437, 447, 464, 473, 474, 475, 477, 488, 489], "excluded_lines": [], "functions": {"IntegrityTestResult.violation_count": {"executed_lines": [], "summary": {"covered_lines": 0, "num_statements": 1, "percent_covered": 0.0, "percent_covered_display": "0", "missing_lines": 1, "excluded_lines": 0, "percent_statements_covered": 0.0, "percent_statements_covered_display": "0"}, "missing_lines": [63], "excluded_lines": [], "start_line": 61}, "DataIntegrityTester.__init__": {"executed_lines": [], "summary": {"covered_lines": 0, "num_statements": 2, "percent_covered": 0.0, "percent_covered_display": "0", "missing_lines": 2, "excluded_lines": 0, "percent_statements_covered": 0.0, "percent_statements_covered_display": "0"}, "missing_lines": [107, 108], "excluded_lines": [], "start_line": 100}, "DataIntegrityTester.test_data_integrity": {"executed_lines": [], "summary": {"covered_lines": 0, "num_statements": 8, "percent_covered": 0.0, "percent_covered_display": "0", "missing_lines": 8, "excluded_lines": 0, "percent_statements_covered": 0.0, "percent_statements_covered_display": "0"}, "missing_lines": [123, 125, 126, 127, 130, 131, 133, 135], "excluded_lines": [], "start_line": 110}, "DataIntegrityTester._test_constraint": {"executed_lines": [], "summary": {"covered_lines": 0, "num_statements": 5, "percent_covered": 0.0, "percent_covered_display": "0", "missing_lines": 5, "excluded_lines": 0, "percent_statements_covered": 0.0, "percent_statements_covered_display": "0"}, "missing_lines": [167, 176, 178, 179, 181], "excluded_lines": [], "start_line": 154}, "DataIntegrityTester._test_primary_key": {"executed_lines": [], "summary": {"covered_lines": 0, "num_statements": 7, "percent_covered": 0.0, "percent_covered_display": "0", "missing_lines": 7, "excluded_lines": 0, "percent_statements_covered": 0.0, "percent_statements_covered_display": "0"}, "missing_lines": [193, 200, 201, 202, 204, 211, 212], "excluded_lines": [], "start_line": 189}, "DataIntegrityTester._test_foreign_key": {"executed_lines": [], "summary": {"covered_lines": 0, "num_statements": 9, "percent_covered": 0.0, "percent_covered_display": "0", "missing_lines": 9, "excluded_lines": 0, "percent_statements_covered": 0.0, "percent_statements_covered_display": "0"}, "missing_lines": [224, 225, 235, 244, 245, 246, 248, 255, 256], "excluded_lines": [], "start_line": 220}, "DataIntegrityTester._test_unique": {"executed_lines": [], "summary": {"covered_lines": 0, "num_statements": 7, "percent_covered": 0.0, "percent_covered_display": "0", "missing_lines": 7, "excluded_lines": 0, "percent_statements_covered": 0.0, "percent_statements_covered_display": "0"}, "missing_lines": [268, 275, 276, 277, 279, 286, 287], "excluded_lines": [], "start_line": 264}, "DataIntegrityTester._test_not_null": {"executed_lines": [], "summary": {"covered_lines": 0, "num_statements": 7, "percent_covered": 0.0, "percent_covered_display": "0", "missing_lines": 7, "excluded_lines": 0, "percent_statements_covered": 0.0, "percent_statements_covered_display": "0"}, "missing_lines": [299, 305, 306, 307, 309, 316, 317], "excluded_lines": [], "start_line": 295}, "DataIntegrityTester._test_check": {"executed_lines": [], "summary": {"covered_lines": 0, "num_statements": 9, "percent_covered": 0.0, "percent_covered_display": "0", "missing_lines": 9, "excluded_lines": 0, "percent_statements_covered": 0.0, "percent_statements_covered_display": "0"}, "missing_lines": [327, 328, 336, 342, 343, 344, 346, 353, 354], "excluded_lines": [], "start_line": 325}, "DataIntegrityTester._test_default": {"executed_lines": [], "summary": {"covered_lines": 0, "num_statements": 10, "percent_covered": 0.0, "percent_covered_display": "0", "missing_lines": 10, "excluded_lines": 0, "percent_statements_covered": 0.0, "percent_statements_covered_display": "0"}, "missing_lines": [368, 374, 375, 376, 377, 378, 379, 381, 388, 389], "excluded_lines": [], "start_line": 362}, "DataIntegrityTester._get_table_count": {"executed_lines": [], "summary": {"covered_lines": 0, "num_statements": 8, "percent_covered": 0.0, "percent_covered_display": "0", "missing_lines": 8, "excluded_lines": 0, "percent_statements_covered": 0.0, "percent_statements_covered_display": "0"}, "missing_lines": [399, 400, 401, 402, 403, 404, 405, 406], "excluded_lines": [], "start_line": 397}, "DataIntegrityTester._get_recommendations": {"executed_lines": [], "summary": {"covered_lines": 0, "num_statements": 14, "percent_covered": 0.0, "percent_covered_display": "0", "missing_lines": 14, "excluded_lines": 0, "percent_statements_covered": 0.0, "percent_statements_covered_display": "0"}, "missing_lines": [410, 411, 413, 419, 420, 421, 426, 427, 430, 431, 434, 435, 437, 447], "excluded_lines": [], "start_line": 408}, "DataIntegrityTester.check_orphan_records": {"executed_lines": [], "summary": {"covered_lines": 0, "num_statements": 7, "percent_covered": 0.0, "percent_covered_display": "0", "missing_lines": 7, "excluded_lines": 0, "percent_statements_covered": 0.0, "percent_statements_covered_display": "0"}, "missing_lines": [464, 473, 474, 475, 477, 488, 489], "excluded_lines": [], "start_line": 449}, "": {"executed_lines": [3, 4, 5, 8, 11, 12, 13, 14, 15, 16, 19, 20, 33, 34, 35, 36, 37, 38, 41, 42, 54, 55, 56, 57, 58, 60, 61, 66, 100, 110, 154, 189, 220, 264, 295, 325, 362, 397, 408, 449], "summary": {"covered_lines": 40, "num_statements": 40, "percent_covered": 100.0, "percent_covered_display": "100", "missing_lines": 0, "excluded_lines": 0, "percent_statements_covered": 100.0, "percent_statements_covered_display": "100"}, "missing_lines": [], "excluded_lines": [], "start_line": 1}}, "classes": {"ConstraintType": {"executed_lines": [], "summary": {"covered_lines": 0, "num_statements": 0, "percent_covered": 100.0, "percent_covered_display": "100", "missing_lines": 0, "excluded_lines": 0, "percent_statements_covered": 100.0, "percent_statements_covered_display": "100"}, "missing_lines": [], "excluded_lines": [], "start_line": 8}, "IntegrityConstraint": {"executed_lines": [], "summary": {"covered_lines": 0, "num_statements": 0, "percent_covered": 100.0, "percent_covered_display": "100", "missing_lines": 0, "excluded_lines": 0, "percent_statements_covered": 100.0, "percent_statements_covered_display": "100"}, "missing_lines": [], "excluded_lines": [], "start_line": 20}, "IntegrityTestResult": {"executed_lines": [], "summary": {"covered_lines": 0, "num_statements": 1, "percent_covered": 0.0, "percent_covered_display": "0", "missing_lines": 1, "excluded_lines": 0, "percent_statements_covered": 0.0, "percent_statements_covered_display": "0"}, "missing_lines": [63], "excluded_lines": [], "start_line": 42}, "DataIntegrityTester": {"executed_lines": [], "summary": {"covered_lines": 0, "num_statements": 93, "percent_covered": 0.0, "percent_covered_display": "0", "missing_lines": 93, "excluded_lines": 0, "percent_statements_covered": 0.0, "percent_statements_covered_display": "0"}, "missing_lines": [107, 108, 123, 125, 126, 127, 130, 131, 133, 135, 167, 176, 178, 179, 181, 193, 200, 201, 202, 204, 211, 212, 224, 225, 235, 244, 245, 246, 248, 255, 256, 268, 275, 276, 277, 279, 286, 287, 299, 305, 306, 307, 309, 316, 317, 327, 328, 336, 342, 343, 344, 346, 353, 354, 368, 374, 375, 376, 377, 378, 379, 381, 388, 389, 399, 400, 401, 402, 403, 404, 405, 406, 410, 411, 413, 419, 420, 421, 426, 427, 430, 431, 434, 435, 437, 447, 464, 473, 474, 475, 477, 488, 489], "excluded_lines": [], "start_line": 66}, "": {"executed_lines": [3, 4, 5, 8, 11, 12, 13, 14, 15, 16, 19, 20, 33, 34, 35, 36, 37, 38, 41, 42, 54, 55, 56, 57, 58, 60, 61, 66, 100, 110, 154, 189, 220, 264, 295, 325, 362, 397, 408, 449], "summary": {"covered_lines": 40, "num_statements": 40, "percent_covered": 100.0, "percent_covered_display": "100", "missing_lines": 0, "excluded_lines": 0, "percent_statements_covered": 100.0, "percent_statements_covered_display": "100"}, "missing_lines": [], "excluded_lines": [], "start_line": 1}}}, "src/adapters/database/database_client.py": {"executed_lines": [3, 4, 5, 6, 7, 10, 42, 56, 68, 73, 90, 140, 161, 194, 207, 235, 261, 270, 275, 280, 293, 304, 311, 318, 344], "summary": {"covered_lines": 25, "num_statements": 101, "percent_covered": 24.752475247524753, "percent_covered_display": "25", "missing_lines": 76, "excluded_lines": 0, "percent_statements_covered": 24.752475247524753, "percent_statements_covered_display": "25"}, "missing_lines": [49, 50, 51, 52, 53, 54, 63, 70, 71, 84, 85, 88, 101, 104, 106, 153, 154, 156, 157, 159, 174, 175, 177, 178, 180, 184, 201, 202, 205, 222, 223, 225, 226, 228, 242, 243, 245, 247, 255, 257, 259, 268, 272, 273, 277, 300, 301, 302, 306, 308, 309, 313, 314, 315, 316, 329, 330, 332, 335, 336, 337, 338, 340, 341, 342, 351, 352, 355, 358, 360, 363, 364, 365, 377, 378, 382], "excluded_lines": [], "functions": {"DatabaseClient.__init__": {"executed_lines": [], "summary": {"covered_lines": 0, "num_statements": 6, "percent_covered": 0.0, "percent_covered_display": "0", "missing_lines": 6, "excluded_lines": 0, "percent_statements_covered": 0.0, "percent_statements_covered_display": "0"}, "missing_lines": [49, 50, 51, 52, 53, 54], "excluded_lines": [], "start_line": 42}, "DatabaseClient.connect": {"executed_lines": [], "summary": {"covered_lines": 0, "num_statements": 1, "percent_covered": 0.0, "percent_covered_display": "0", "missing_lines": 1, "excluded_lines": 0, "percent_statements_covered": 0.0, "percent_statements_covered_display": "0"}, "missing_lines": [63], "excluded_lines": [], "start_line": 56}, "DatabaseClient.disconnect": {"executed_lines": [], "summary": {"covered_lines": 0, "num_statements": 2, "percent_covered": 0.0, "percent_covered_display": "0", "missing_lines": 2, "excluded_lines": 0, "percent_statements_covered": 0.0, "percent_statements_covered_display": "0"}, "missing_lines": [70, 71], "excluded_lines": [], "start_line": 68}, "DatabaseClient.execute_query": {"executed_lines": [], "summary": {"covered_lines": 0, "num_statements": 3, "percent_covered": 0.0, "percent_covered_display": "0", "missing_lines": 3, "excluded_lines": 0, "percent_statements_covered": 0.0, "percent_statements_covered_display": "0"}, "missing_lines": [84, 85, 88], "excluded_lines": [], "start_line": 73}, "DatabaseClient.validate_query": {"executed_lines": [], "summary": {"covered_lines": 0, "num_statements": 3, "percent_covered": 0.0, "percent_covered_display": "0", "missing_lines": 3, "excluded_lines": 0, "percent_statements_covered": 0.0, "percent_statements_covered_display": "0"}, "missing_lines": [101, 104, 106], "excluded_lines": [], "start_line": 90}, "DatabaseClient.test_data_integrity": {"executed_lines": [], "summary": {"covered_lines": 0, "num_statements": 5, "percent_covered": 0.0, "percent_covered_display": "0", "missing_lines": 5, "excluded_lines": 0, "percent_statements_covered": 0.0, "percent_statements_covered_display": "0"}, "missing_lines": [153, 154, 156, 157, 159], "excluded_lines": [], "start_line": 140}, "DatabaseClient.test_migration": {"executed_lines": [], "summary": {"covered_lines": 0, "num_statements": 6, "percent_covered": 0.0, "percent_covered_display": "0", "missing_lines": 6, "excluded_lines": 0, "percent_statements_covered": 0.0, "percent_statements_covered_display": "0"}, "missing_lines": [174, 175, 177, 178, 180, 184], "excluded_lines": [], "start_line": 161}, "DatabaseClient.get_schema_info": {"executed_lines": [], "summary": {"covered_lines": 0, "num_statements": 3, "percent_covered": 0.0, "percent_covered_display": "0", "missing_lines": 3, "excluded_lines": 0, "percent_statements_covered": 0.0, "percent_statements_covered_display": "0"}, "missing_lines": [201, 202, 205], "excluded_lines": [], "start_line": 194}, "DatabaseClient.check_orphan_records": {"executed_lines": [], "summary": {"covered_lines": 0, "num_statements": 5, "percent_covered": 0.0, "percent_covered_display": "0", "missing_lines": 5, "excluded_lines": 0, "percent_statements_covered": 0.0, "percent_statements_covered_display": "0"}, "missing_lines": [222, 223, 225, 226, 228], "excluded_lines": [], "start_line": 207}, "DatabaseClient.run_full_database_scan": {"executed_lines": [], "summary": {"covered_lines": 0, "num_statements": 7, "percent_covered": 0.0, "percent_covered_display": "0", "missing_lines": 7, "excluded_lines": 0, "percent_statements_covered": 0.0, "percent_statements_covered_display": "0"}, "missing_lines": [242, 243, 245, 247, 255, 257, 259], "excluded_lines": [], "start_line": 235}, "DatabaseClient.is_connected": {"executed_lines": [], "summary": {"covered_lines": 0, "num_statements": 1, "percent_covered": 0.0, "percent_covered_display": "0", "missing_lines": 1, "excluded_lines": 0, "percent_statements_covered": 0.0, "percent_statements_covered_display": "0"}, "missing_lines": [268], "excluded_lines": [], "start_line": 261}, "DatabaseClient.__aenter__": {"executed_lines": [], "summary": {"covered_lines": 0, "num_statements": 2, "percent_covered": 0.0, "percent_covered_display": "0", "missing_lines": 2, "excluded_lines": 0, "percent_statements_covered": 0.0, "percent_statements_covered_display": "0"}, "missing_lines": [272, 273], "excluded_lines": [], "start_line": 270}, "DatabaseClient.__aexit__": {"executed_lines": [], "summary": {"covered_lines": 0, "num_statements": 1, "percent_covered": 0.0, "percent_covered_display": "0", "missing_lines": 1, "excluded_lines": 0, "percent_statements_covered": 0.0, "percent_statements_covered_display": "0"}, "missing_lines": [277], "excluded_lines": [], "start_line": 275}, "SQLiteClient.__init__": {"executed_lines": [], "summary": {"covered_lines": 0, "num_statements": 3, "percent_covered": 0.0, "percent_covered_display": "0", "missing_lines": 3, "excluded_lines": 0, "percent_statements_covered": 0.0, "percent_statements_covered_display": "0"}, "missing_lines": [300, 301, 302], "excluded_lines": [], "start_line": 293}, "SQLiteClient.connect": {"executed_lines": [], "summary": {"covered_lines": 0, "num_statements": 3, "percent_covered": 0.0, "percent_covered_display": "0", "missing_lines": 3, "excluded_lines": 0, "percent_statements_covered": 0.0, "percent_statements_covered_display": "0"}, "missing_lines": [306, 308, 309], "excluded_lines": [], "start_line": 304}, "SQLiteClient.disconnect": {"executed_lines": [], "summary": {"covered_lines": 0, "num_statements": 4, "percent_covered": 0.0, "percent_covered_display": "0", "missing_lines": 4, "excluded_lines": 0, "percent_statements_covered": 0.0, "percent_statements_covered_display": "0"}, "missing_lines": [313, 314, 315, 316], "excluded_lines": [], "start_line": 311}, "SQLiteClient.execute_query": {"executed_lines": [], "summary": {"covered_lines": 0, "num_statements": 10, "percent_covered": 0.0, "percent_covered_display": "0", "missing_lines": 10, "excluded_lines": 0, "percent_statements_covered": 0.0, "percent_statements_covered_display": "0"}, "missing_lines": [329, 330, 332, 335, 336, 337, 338, 340, 341, 342], "excluded_lines": [], "start_line": 318}, "SQLiteClient.get_schema_info": {"executed_lines": [], "summary": {"covered_lines": 0, "num_statements": 11, "percent_covered": 0.0, "percent_covered_display": "0", "missing_lines": 11, "excluded_lines": 0, "percent_statements_covered": 0.0, "percent_statements_covered_display": "0"}, "missing_lines": [351, 352, 355, 358, 360, 363, 364, 365, 377, 378, 382], "excluded_lines": [], "start_line": 344}, "": {"executed_lines": [3, 4, 5, 6, 7, 10, 42, 56, 68, 73, 90, 140, 161, 194, 207, 235, 261, 270, 275, 280, 293, 304, 311, 318, 344], "summary": {"covered_lines": 25, "num_statements": 25, "percent_covered": 100.0, "percent_covered_display": "100", "missing_lines": 0, "excluded_lines": 0, "percent_statements_covered": 100.0, "percent_statements_covered_display": "100"}, "missing_lines": [], "excluded_lines": [], "start_line": 1}}, "classes": {"DatabaseClient": {"executed_lines": [], "summary": {"covered_lines": 0, "num_statements": 45, "percent_covered": 0.0, "percent_covered_display": "0", "missing_lines": 45, "excluded_lines": 0, "percent_statements_covered": 0.0, "percent_statements_covered_display": "0"}, "missing_lines": [49, 50, 51, 52, 53, 54, 63, 70, 71, 84, 85, 88, 101, 104, 106, 153, 154, 156, 157, 159, 174, 175, 177, 178, 180, 184, 201, 202, 205, 222, 223, 225, 226, 228, 242, 243, 245, 247, 255, 257, 259, 268, 272, 273, 277], "excluded_lines": [], "start_line": 10}, "SQLiteClient": {"executed_lines": [], "summary": {"covered_lines": 0, "num_statements": 31, "percent_covered": 0.0, "percent_covered_display": "0", "missing_lines": 31, "excluded_lines": 0, "percent_statements_covered": 0.0, "percent_statements_covered_display": "0"}, "missing_lines": [300, 301, 302, 306, 308, 309, 313, 314, 315, 316, 329, 330, 332, 335, 336, 337, 338, 340, 341, 342, 351, 352, 355, 358, 360, 363, 364, 365, 377, 378, 382], "excluded_lines": [], "start_line": 280}, "": {"executed_lines": [3, 4, 5, 6, 7, 10, 42, 56, 68, 73, 90, 140, 161, 194, 207, 235, 261, 270, 275, 280, 293, 304, 311, 318, 344], "summary": {"covered_lines": 25, "num_statements": 25, "percent_covered": 100.0, "percent_covered_display": "100", "missing_lines": 0, "excluded_lines": 0, "percent_statements_covered": 100.0, "percent_statements_covered_display": "100"}, "missing_lines": [], "excluded_lines": [], "start_line": 1}}}, "src/adapters/database/migration_tester.py": {"executed_lines": [3, 4, 5, 6, 9, 12, 13, 14, 15, 16, 19, 20, 34, 35, 36, 37, 38, 39, 40, 42, 49, 70, 80, 183, 225, 273, 329, 337, 348, 362, 375, 399, 413, 428], "summary": {"covered_lines": 34, "num_statements": 180, "percent_covered": 18.88888888888889, "percent_covered_display": "19", "missing_lines": 146, "excluded_lines": 0, "percent_statements_covered": 18.88888888888889, "percent_statements_covered_display": "19"}, "missing_lines": [43, 44, 45, 46, 77, 78, 99, 101, 103, 108, 109, 111, 113, 114, 115, 117, 118, 121, 124, 127, 130, 131, 132, 135, 136, 137, 139, 142, 143, 144, 146, 155, 156, 158, 159, 162, 163, 164, 165, 166, 167, 168, 170, 180, 181, 193, 194, 195, 197, 198, 199, 201, 202, 204, 208, 210, 211, 213, 215, 217, 235, 237, 239, 240, 248, 250, 255, 270, 271, 286, 287, 288, 289, 291, 293, 294, 297, 298, 299, 300, 303, 304, 305, 306, 309, 313, 326, 327, 332, 334, 335, 341, 344, 345, 346, 350, 351, 352, 353, 355, 357, 358, 359, 360, 364, 367, 368, 370, 371, 373, 377, 378, 380, 381, 382, 383, 384, 385, 386, 387, 388, 389, 390, 391, 392, 393, 394, 395, 397, 401, 403, 406, 409, 411, 415, 417, 420, 423, 424, 426, 435, 436, 443, 444, 446, 448], "excluded_lines": [], "functions": {"MigrationResult.__post_init__": {"executed_lines": [], "summary": {"covered_lines": 0, "num_statements": 4, "percent_covered": 0.0, "percent_covered_display": "0", "missing_lines": 4, "excluded_lines": 0, "percent_statements_covered": 0.0, "percent_statements_covered_display": "0"}, "missing_lines": [43, 44, 45, 46], "excluded_lines": [], "start_line": 42}, "MigrationTester.__init__": {"executed_lines": [], "summary": {"covered_lines": 0, "num_statements": 2, "percent_covered": 0.0, "percent_covered_display": "0", "missing_lines": 2, "excluded_lines": 0, "percent_statements_covered": 0.0, "percent_statements_covered_display": "0"}, "missing_lines": [77, 78], "excluded_lines": [], "start_line": 70}, "MigrationTester.test_migration": {"executed_lines": [], "summary": {"covered_lines": 0, "num_statements": 39, "percent_covered": 0.0, "percent_covered_display": "0", "missing_lines": 39, "excluded_lines": 0, "percent_statements_covered": 0.0, "percent_statements_covered_display": "0"}, "missing_lines": [99, 101, 103, 108, 109, 111, 113, 114, 115, 117, 118, 121, 124, 127, 130, 131, 132, 135, 136, 137, 139, 142, 143, 144, 146, 155, 156, 158, 159, 162, 163, 164, 165, 166, 167, 168, 170, 180, 181], "excluded_lines": [], "start_line": 80}, "MigrationTester.test_migration_chain": {"executed_lines": [], "summary": {"covered_lines": 0, "num_statements": 15, "percent_covered": 0.0, "percent_covered_display": "0", "missing_lines": 15, "excluded_lines": 0, "percent_statements_covered": 0.0, "percent_statements_covered_display": "0"}, "missing_lines": [193, 194, 195, 197, 198, 199, 201, 202, 204, 208, 210, 211, 213, 215, 217], "excluded_lines": [], "start_line": 183}, "MigrationTester.validate_migration_idempotency": {"executed_lines": [], "summary": {"covered_lines": 0, "num_statements": 9, "percent_covered": 0.0, "percent_covered_display": "0", "missing_lines": 9, "excluded_lines": 0, "percent_statements_covered": 0.0, "percent_statements_covered_display": "0"}, "missing_lines": [235, 237, 239, 240, 248, 250, 255, 270, 271], "excluded_lines": [], "start_line": 225}, "MigrationTester.check_migration_compatibility": {"executed_lines": [], "summary": {"covered_lines": 0, "num_statements": 19, "percent_covered": 0.0, "percent_covered_display": "0", "missing_lines": 19, "excluded_lines": 0, "percent_statements_covered": 0.0, "percent_statements_covered_display": "0"}, "missing_lines": [286, 287, 288, 289, 291, 293, 294, 297, 298, 299, 300, 303, 304, 305, 306, 309, 313, 326, 327], "excluded_lines": [], "start_line": 273}, "MigrationTester._execute_sql": {"executed_lines": [], "summary": {"covered_lines": 0, "num_statements": 3, "percent_covered": 0.0, "percent_covered_display": "0", "missing_lines": 3, "excluded_lines": 0, "percent_statements_covered": 0.0, "percent_statements_covered_display": "0"}, "missing_lines": [332, 334, 335], "excluded_lines": [], "start_line": 329}, "MigrationTester._create_backup_point": {"executed_lines": [], "summary": {"covered_lines": 0, "num_statements": 4, "percent_covered": 0.0, "percent_covered_display": "0", "missing_lines": 4, "excluded_lines": 0, "percent_statements_covered": 0.0, "percent_statements_covered_display": "0"}, "missing_lines": [341, 344, 345, 346], "excluded_lines": [], "start_line": 337}, "MigrationTester._test_rollback": {"executed_lines": [], "summary": {"covered_lines": 0, "num_statements": 9, "percent_covered": 0.0, "percent_covered_display": "0", "missing_lines": 9, "excluded_lines": 0, "percent_statements_covered": 0.0, "percent_statements_covered_display": "0"}, "missing_lines": [350, 351, 352, 353, 355, 357, 358, 359, 360], "excluded_lines": [], "start_line": 348}, "MigrationTester._validate_migration": {"executed_lines": [], "summary": {"covered_lines": 0, "num_statements": 6, "percent_covered": 0.0, "percent_covered_display": "0", "missing_lines": 6, "excluded_lines": 0, "percent_statements_covered": 0.0, "percent_statements_covered_display": "0"}, "missing_lines": [364, 367, 368, 370, 371, 373], "excluded_lines": [], "start_line": 362}, "MigrationTester._parse_migration_changes": {"executed_lines": [], "summary": {"covered_lines": 0, "num_statements": 19, "percent_covered": 0.0, "percent_covered_display": "0", "missing_lines": 19, "excluded_lines": 0, "percent_statements_covered": 0.0, "percent_statements_covered_display": "0"}, "missing_lines": [377, 378, 380, 381, 382, 383, 384, 385, 386, 387, 388, 389, 390, 391, 392, 393, 394, 395, 397], "excluded_lines": [], "start_line": 375}, "MigrationTester._extract_tables_from_migration": {"executed_lines": [], "summary": {"covered_lines": 0, "num_statements": 5, "percent_covered": 0.0, "percent_covered_display": "0", "missing_lines": 5, "excluded_lines": 0, "percent_statements_covered": 0.0, "percent_statements_covered_display": "0"}, "missing_lines": [401, 403, 406, 409, 411], "excluded_lines": [], "start_line": 399}, "MigrationTester._extract_column_changes": {"executed_lines": [], "summary": {"covered_lines": 0, "num_statements": 6, "percent_covered": 0.0, "percent_covered_display": "0", "missing_lines": 6, "excluded_lines": 0, "percent_statements_covered": 0.0, "percent_statements_covered_display": "0"}, "missing_lines": [415, 417, 420, 423, 424, 426], "excluded_lines": [], "start_line": 413}, "MigrationTester.get_summary": {"executed_lines": [], "summary": {"covered_lines": 0, "num_statements": 6, "percent_covered": 0.0, "percent_covered_display": "0", "missing_lines": 6, "excluded_lines": 0, "percent_statements_covered": 0.0, "percent_statements_covered_display": "0"}, "missing_lines": [435, 436, 443, 444, 446, 448], "excluded_lines": [], "start_line": 428}, "": {"executed_lines": [3, 4, 5, 6, 9, 12, 13, 14, 15, 16, 19, 20, 34, 35, 36, 37, 38, 39, 40, 42, 49, 70, 80, 183, 225, 273, 329, 337, 348, 362, 375, 399, 413, 428], "summary": {"covered_lines": 34, "num_statements": 34, "percent_covered": 100.0, "percent_covered_display": "100", "missing_lines": 0, "excluded_lines": 0, "percent_statements_covered": 100.0, "percent_statements_covered_display": "100"}, "missing_lines": [], "excluded_lines": [], "start_line": 1}}, "classes": {"MigrationStatus": {"executed_lines": [], "summary": {"covered_lines": 0, "num_statements": 0, "percent_covered": 100.0, "percent_covered_display": "100", "missing_lines": 0, "excluded_lines": 0, "percent_statements_covered": 100.0, "percent_statements_covered_display": "100"}, "missing_lines": [], "excluded_lines": [], "start_line": 9}, "MigrationResult": {"executed_lines": [], "summary": {"covered_lines": 0, "num_statements": 4, "percent_covered": 0.0, "percent_covered_display": "0", "missing_lines": 4, "excluded_lines": 0, "percent_statements_covered": 0.0, "percent_statements_covered_display": "0"}, "missing_lines": [43, 44, 45, 46], "excluded_lines": [], "start_line": 20}, "MigrationTester": {"executed_lines": [], "summary": {"covered_lines": 0, "num_statements": 142, "percent_covered": 0.0, "percent_covered_display": "0", "missing_lines": 142, "excluded_lines": 0, "percent_statements_covered": 0.0, "percent_statements_covered_display": "0"}, "missing_lines": [77, 78, 99, 101, 103, 108, 109, 111, 113, 114, 115, 117, 118, 121, 124, 127, 130, 131, 132, 135, 136, 137, 139, 142, 143, 144, 146, 155, 156, 158, 159, 162, 163, 164, 165, 166, 167, 168, 170, 180, 181, 193, 194, 195, 197, 198, 199, 201, 202, 204, 208, 210, 211, 213, 215, 217, 235, 237, 239, 240, 248, 250, 255, 270, 271, 286, 287, 288, 289, 291, 293, 294, 297, 298, 299, 300, 303, 304, 305, 306, 309, 313, 326, 327, 332, 334, 335, 341, 344, 345, 346, 350, 351, 352, 353, 355, 357, 358, 359, 360, 364, 367, 368, 370, 371, 373, 377, 378, 380, 381, 382, 383, 384, 385, 386, 387, 388, 389, 390, 391, 392, 393, 394, 395, 397, 401, 403, 406, 409, 411, 415, 417, 420, 423, 424, 426, 435, 436, 443, 444, 446, 448], "excluded_lines": [], "start_line": 49}, "": {"executed_lines": [3, 4, 5, 6, 9, 12, 13, 14, 15, 16, 19, 20, 34, 35, 36, 37, 38, 39, 40, 42, 49, 70, 80, 183, 225, 273, 329, 337, 348, 362, 375, 399, 413, 428], "summary": {"covered_lines": 34, "num_statements": 34, "percent_covered": 100.0, "percent_covered_display": "100", "missing_lines": 0, "excluded_lines": 0, "percent_statements_covered": 100.0, "percent_statements_covered_display": "100"}, "missing_lines": [], "excluded_lines": [], "start_line": 1}}}, "src/adapters/database/sql_validator.py": {"executed_lines": [3, 4, 5, 6, 9, 12, 13, 14, 17, 18, 29, 30, 31, 32, 35, 36, 47, 48, 49, 50, 52, 56, 61, 81, 94, 103, 110, 116, 200, 266, 332, 414, 442, 448, 452], "summary": {"covered_lines": 35, "num_statements": 143, "percent_covered": 24.475524475524477, "percent_covered_display": "24", "missing_lines": 108, "excluded_lines": 0, "percent_statements_covered": 24.475524475524477, "percent_statements_covered_display": "24"}, "missing_lines": [54, 58, 112, 113, 114, 126, 128, 129, 137, 140, 143, 144, 145, 147, 148, 157, 158, 168, 169, 170, 171, 181, 183, 187, 196, 198, 210, 212, 215, 216, 217, 218, 219, 229, 230, 231, 241, 242, 252, 253, 262, 264, 276, 278, 281, 282, 292, 293, 294, 304, 305, 306, 307, 308, 318, 319, 328, 330, 345, 357, 360, 361, 362, 363, 364, 365, 366, 367, 370, 371, 372, 374, 375, 376, 379, 382, 383, 388, 389, 390, 393, 396, 397, 400, 401, 402, 403, 404, 406, 407, 408, 409, 410, 412, 425, 426, 427, 430, 431, 434, 438, 440, 444, 445, 446, 450, 454, 461], "excluded_lines": [], "functions": {"SQLValidationResult.has_errors": {"executed_lines": [], "summary": {"covered_lines": 0, "num_statements": 1, "percent_covered": 0.0, "percent_covered_display": "0", "missing_lines": 1, "excluded_lines": 0, "percent_statements_covered": 0.0, "percent_statements_covered_display": "0"}, "missing_lines": [54], "excluded_lines": [], "start_line": 52}, "SQLValidationResult.has_warnings": {"executed_lines": [], "summary": {"covered_lines": 0, "num_statements": 1, "percent_covered": 0.0, "percent_covered_display": "0", "missing_lines": 1, "excluded_lines": 0, "percent_statements_covered": 0.0, "percent_statements_covered_display": "0"}, "missing_lines": [58], "excluded_lines": [], "start_line": 56}, "SQLValidator.__init__": {"executed_lines": [], "summary": {"covered_lines": 0, "num_statements": 3, "percent_covered": 0.0, "percent_covered_display": "0", "missing_lines": 3, "excluded_lines": 0, "percent_statements_covered": 0.0, "percent_statements_covered_display": "0"}, "missing_lines": [112, 113, 114], "excluded_lines": [], "start_line": 110}, "SQLValidator.validate_syntax": {"executed_lines": [], "summary": {"covered_lines": 0, "num_statements": 21, "percent_covered": 0.0, "percent_covered_display": "0", "missing_lines": 21, "excluded_lines": 0, "percent_statements_covered": 0.0, "percent_statements_covered_display": "0"}, "missing_lines": [126, 128, 129, 137, 140, 143, 144, 145, 147, 148, 157, 158, 168, 169, 170, 171, 181, 183, 187, 196, 198], "excluded_lines": [], "start_line": 116}, "SQLValidator.check_performance_issues": {"executed_lines": [], "summary": {"covered_lines": 0, "num_statements": 16, "percent_covered": 0.0, "percent_covered_display": "0", "missing_lines": 16, "excluded_lines": 0, "percent_statements_covered": 0.0, "percent_statements_covered_display": "0"}, "missing_lines": [210, 212, 215, 216, 217, 218, 219, 229, 230, 231, 241, 242, 252, 253, 262, 264], "excluded_lines": [], "start_line": 200}, "SQLValidator.check_security_issues": {"executed_lines": [], "summary": {"covered_lines": 0, "num_statements": 16, "percent_covered": 0.0, "percent_covered_display": "0", "missing_lines": 16, "excluded_lines": 0, "percent_statements_covered": 0.0, "percent_statements_covered_display": "0"}, "missing_lines": [276, 278, 281, 282, 292, 293, 294, 304, 305, 306, 307, 308, 318, 319, 328, 330], "excluded_lines": [], "start_line": 266}, "SQLValidator.analyze_query_plan": {"executed_lines": [], "summary": {"covered_lines": 0, "num_statements": 36, "percent_covered": 0.0, "percent_covered_display": "0", "missing_lines": 36, "excluded_lines": 0, "percent_statements_covered": 0.0, "percent_statements_covered_display": "0"}, "missing_lines": [345, 357, 360, 361, 362, 363, 364, 365, 366, 367, 370, 371, 372, 374, 375, 376, 379, 382, 383, 388, 389, 390, 393, 396, 397, 400, 401, 402, 403, 404, 406, 407, 408, 409, 410, 412], "excluded_lines": [], "start_line": 332}, "SQLValidator.validate_query": {"executed_lines": [], "summary": {"covered_lines": 0, "num_statements": 8, "percent_covered": 0.0, "percent_covered_display": "0", "missing_lines": 8, "excluded_lines": 0, "percent_statements_covered": 0.0, "percent_statements_covered_display": "0"}, "missing_lines": [425, 426, 427, 430, 431, 434, 438, 440], "excluded_lines": [], "start_line": 414}, "SQLValidator._reset": {"executed_lines": [], "summary": {"covered_lines": 0, "num_statements": 3, "percent_covered": 0.0, "percent_covered_display": "0", "missing_lines": 3, "excluded_lines": 0, "percent_statements_covered": 0.0, "percent_statements_covered_display": "0"}, "missing_lines": [444, 445, 446], "excluded_lines": [], "start_line": 442}, "SQLValidator._get_line_number": {"executed_lines": [], "summary": {"covered_lines": 0, "num_statements": 1, "percent_covered": 0.0, "percent_covered_display": "0", "missing_lines": 1, "excluded_lines": 0, "percent_statements_covered": 0.0, "percent_statements_covered_display": "0"}, "missing_lines": [450], "excluded_lines": [], "start_line": 448}, "SQLValidator._get_performance_suggestion": {"executed_lines": [], "summary": {"covered_lines": 0, "num_statements": 2, "percent_covered": 0.0, "percent_covered_display": "0", "missing_lines": 2, "excluded_lines": 0, "percent_statements_covered": 0.0, "percent_statements_covered_display": "0"}, "missing_lines": [454, 461], "excluded_lines": [], "start_line": 452}, "": {"executed_lines": [3, 4, 5, 6, 9, 12, 13, 14, 17, 18, 29, 30, 31, 32, 35, 36, 47, 48, 49, 50, 52, 56, 61, 81, 94, 103, 110, 116, 200, 266, 332, 414, 442, 448, 452], "summary": {"covered_lines": 35, "num_statements": 35, "percent_covered": 100.0, "percent_covered_display": "100", "missing_lines": 0, "excluded_lines": 0, "percent_statements_covered": 100.0, "percent_statements_covered_display": "100"}, "missing_lines": [], "excluded_lines": [], "start_line": 1}}, "classes": {"ValidationSeverity": {"executed_lines": [], "summary": {"covered_lines": 0, "num_statements": 0, "percent_covered": 100.0, "percent_covered_display": "100", "missing_lines": 0, "excluded_lines": 0, "percent_statements_covered": 100.0, "percent_statements_covered_display": "100"}, "missing_lines": [], "excluded_lines": [], "start_line": 9}, "SQLIssue": {"executed_lines": [], "summary": {"covered_lines": 0, "num_statements": 0, "percent_covered": 100.0, "percent_covered_display": "100", "missing_lines": 0, "excluded_lines": 0, "percent_statements_covered": 100.0, "percent_statements_covered_display": "100"}, "missing_lines": [], "excluded_lines": [], "start_line": 18}, "SQLValidationResult": {"executed_lines": [], "summary": {"covered_lines": 0, "num_statements": 2, "percent_covered": 0.0, "percent_covered_display": "0", "missing_lines": 2, "excluded_lines": 0, "percent_statements_covered": 0.0, "percent_statements_covered_display": "0"}, "missing_lines": [54, 58], "excluded_lines": [], "start_line": 36}, "SQLValidator": {"executed_lines": [], "summary": {"covered_lines": 0, "num_statements": 106, "percent_covered": 0.0, "percent_covered_display": "0", "missing_lines": 106, "excluded_lines": 0, "percent_statements_covered": 0.0, "percent_statements_covered_display": "0"}, "missing_lines": [112, 113, 114, 126, 128, 129, 137, 140, 143, 144, 145, 147, 148, 157, 158, 168, 169, 170, 171, 181, 183, 187, 196, 198, 210, 212, 215, 216, 217, 218, 219, 229, 230, 231, 241, 242, 252, 253, 262, 264, 276, 278, 281, 282, 292, 293, 294, 304, 305, 306, 307, 308, 318, 319, 328, 330, 345, 357, 360, 361, 362, 363, 364, 365, 366, 367, 370, 371, 372, 374, 375, 376, 379, 382, 383, 388, 389, 390, 393, 396, 397, 400, 401, 402, 403, 404, 406, 407, 408, 409, 410, 412, 425, 426, 427, 430, 431, 434, 438, 440, 444, 445, 446, 450, 454, 461], "excluded_lines": [], "start_line": 61}, "": {"executed_lines": [3, 4, 5, 6, 9, 12, 13, 14, 17, 18, 29, 30, 31, 32, 35, 36, 47, 48, 49, 50, 52, 56, 61, 81, 94, 103, 110, 116, 200, 266, 332, 414, 442, 448, 452], "summary": {"covered_lines": 35, "num_statements": 35, "percent_covered": 100.0, "percent_covered_display": "100", "missing_lines": 0, "excluded_lines": 0, "percent_statements_covered": 100.0, "percent_statements_covered_display": "100"}, "missing_lines": [], "excluded_lines": [], "start_line": 1}}}, "src/adapters/http/httpx_client.py": {"executed_lines": [3, 4, 5, 8, 16, 35, 45, 60, 76, 92, 107, 113, 117], "summary": {"covered_lines": 13, "num_statements": 37, "percent_covered": 35.13513513513514, "percent_covered_display": "35", "missing_lines": 24, "excluded_lines": 0, "percent_statements_covered": 35.13513513513514, "percent_statements_covered_display": "35"}, "missing_lines": [30, 31, 32, 33, 37, 38, 43, 56, 57, 58, 72, 73, 74, 88, 89, 90, 103, 104, 105, 109, 110, 111, 115, 119], "excluded_lines": [], "functions": {"HTTPXClient.__init__": {"executed_lines": [], "summary": {"covered_lines": 0, "num_statements": 4, "percent_covered": 0.0, "percent_covered_display": "0", "missing_lines": 4, "excluded_lines": 0, "percent_statements_covered": 0.0, "percent_statements_covered_display": "0"}, "missing_lines": [30, 31, 32, 33], "excluded_lines": [], "start_line": 16}, "HTTPXClient._get_client": {"executed_lines": [], "summary": {"covered_lines": 0, "num_statements": 3, "percent_covered": 0.0, "percent_covered_display": "0", "missing_lines": 3, "excluded_lines": 0, "percent_statements_covered": 0.0, "percent_statements_covered_display": "0"}, "missing_lines": [37, 38, 43], "excluded_lines": [], "start_line": 35}, "HTTPXClient.get": {"executed_lines": [], "summary": {"covered_lines": 0, "num_statements": 3, "percent_covered": 0.0, "percent_covered_display": "0", "missing_lines": 3, "excluded_lines": 0, "percent_statements_covered": 0.0, "percent_statements_covered_display": "0"}, "missing_lines": [56, 57, 58], "excluded_lines": [], "start_line": 45}, "HTTPXClient.post": {"executed_lines": [], "summary": {"covered_lines": 0, "num_statements": 3, "percent_covered": 0.0, "percent_covered_display": "0", "missing_lines": 3, "excluded_lines": 0, "percent_statements_covered": 0.0, "percent_statements_covered_display": "0"}, "missing_lines": [72, 73, 74], "excluded_lines": [], "start_line": 60}, "HTTPXClient.put": {"executed_lines": [], "summary": {"covered_lines": 0, "num_statements": 3, "percent_covered": 0.0, "percent_covered_display": "0", "missing_lines": 3, "excluded_lines": 0, "percent_statements_covered": 0.0, "percent_statements_covered_display": "0"}, "missing_lines": [88, 89, 90], "excluded_lines": [], "start_line": 76}, "HTTPXClient.delete": {"executed_lines": [], "summary": {"covered_lines": 0, "num_statements": 3, "percent_covered": 0.0, "percent_covered_display": "0", "missing_lines": 3, "excluded_lines": 0, "percent_statements_covered": 0.0, "percent_statements_covered_display": "0"}, "missing_lines": [103, 104, 105], "excluded_lines": [], "start_line": 92}, "HTTPXClient.close": {"executed_lines": [], "summary": {"covered_lines": 0, "num_statements": 3, "percent_covered": 0.0, "percent_covered_display": "0", "missing_lines": 3, "excluded_lines": 0, "percent_statements_covered": 0.0, "percent_statements_covered_display": "0"}, "missing_lines": [109, 110, 111], "excluded_lines": [], "start_line": 107}, "HTTPXClient.__aenter__": {"executed_lines": [], "summary": {"covered_lines": 0, "num_statements": 1, "percent_covered": 0.0, "percent_covered_display": "0", "missing_lines": 1, "excluded_lines": 0, "percent_statements_covered": 0.0, "percent_statements_covered_display": "0"}, "missing_lines": [115], "excluded_lines": [], "start_line": 113}, "HTTPXClient.__aexit__": {"executed_lines": [], "summary": {"covered_lines": 0, "num_statements": 1, "percent_covered": 0.0, "percent_covered_display": "0", "missing_lines": 1, "excluded_lines": 0, "percent_statements_covered": 0.0, "percent_statements_covered_display": "0"}, "missing_lines": [119], "excluded_lines": [], "start_line": 117}, "": {"executed_lines": [3, 4, 5, 8, 16, 35, 45, 60, 76, 92, 107, 113, 117], "summary": {"covered_lines": 13, "num_statements": 13, "percent_covered": 100.0, "percent_covered_display": "100", "missing_lines": 0, "excluded_lines": 0, "percent_statements_covered": 100.0, "percent_statements_covered_display": "100"}, "missing_lines": [], "excluded_lines": [], "start_line": 1}}, "classes": {"HTTPXClient": {"executed_lines": [], "summary": {"covered_lines": 0, "num_statements": 24, "percent_covered": 0.0, "percent_covered_display": "0", "missing_lines": 24, "excluded_lines": 0, "percent_statements_covered": 0.0, "percent_statements_covered_display": "0"}, "missing_lines": [30, 31, 32, 33, 37, 38, 43, 56, 57, 58, 72, 73, 74, 88, 89, 90, 103, 104, 105, 109, 110, 111, 115, 119], "excluded_lines": [], "start_line": 8}, "": {"executed_lines": [3, 4, 5, 8, 16, 35, 45, 60, 76, 92, 107, 113, 117], "summary": {"covered_lines": 13, "num_statements": 13, "percent_covered": 100.0, "percent_covered_display": "100", "missing_lines": 0, "excluded_lines": 0, "percent_statements_covered": 100.0, "percent_statements_covered_display": "100"}, "missing_lines": [], "excluded_lines": [], "start_line": 1}}}, "src/adapters/performance/__init__.py": {"executed_lines": [3, 4, 5, 6, 8], "summary": {"covered_lines": 5, "num_statements": 5, "percent_covered": 100.0, "percent_covered_display": "100", "missing_lines": 0, "excluded_lines": 0, "percent_statements_covered": 100.0, "percent_statements_covered_display": "100"}, "missing_lines": [], "excluded_lines": [], "functions": {"": {"executed_lines": [3, 4, 5, 6, 8], "summary": {"covered_lines": 5, "num_statements": 5, "percent_covered": 100.0, "percent_covered_display": "100", "missing_lines": 0, "excluded_lines": 0, "percent_statements_covered": 100.0, "percent_statements_covered_display": "100"}, "missing_lines": [], "excluded_lines": [], "start_line": 1}}, "classes": {"": {"executed_lines": [3, 4, 5, 6, 8], "summary": {"covered_lines": 5, "num_statements": 5, "percent_covered": 100.0, "percent_covered_display": "100", "missing_lines": 0, "excluded_lines": 0, "percent_statements_covered": 100.0, "percent_statements_covered_display": "100"}, "missing_lines": [], "excluded_lines": [], "start_line": 1}}}, "src/adapters/performance/benchmark_runner.py": {"executed_lines": [3, 4, 5, 6, 9, 10, 24, 25, 26, 27, 28, 29, 30, 32, 33, 39, 53, 70, 74, 129, 184, 250], "summary": {"covered_lines": 22, "num_statements": 98, "percent_covered": 22.448979591836736, "percent_covered_display": "22", "missing_lines": 76, "excluded_lines": 0, "percent_statements_covered": 22.448979591836736, "percent_statements_covered_display": "22"}, "missing_lines": [35, 36, 37, 41, 72, 93, 94, 97, 98, 99, 100, 101, 104, 106, 107, 108, 109, 110, 111, 112, 113, 114, 116, 117, 119, 148, 149, 152, 153, 154, 155, 156, 159, 161, 162, 163, 164, 165, 166, 167, 168, 169, 171, 172, 174, 205, 206, 208, 210, 211, 212, 213, 214, 215, 216, 217, 218, 219, 220, 222, 224, 225, 227, 228, 229, 230, 232, 233, 235, 260, 261, 263, 264, 265, 267, 284], "excluded_lines": [], "functions": {"BenchmarkResult.throughput": {"executed_lines": [], "summary": {"covered_lines": 0, "num_statements": 3, "percent_covered": 0.0, "percent_covered_display": "0", "missing_lines": 3, "excluded_lines": 0, "percent_statements_covered": 0.0, "percent_statements_covered_display": "0"}, "missing_lines": [35, 36, 37], "excluded_lines": [], "start_line": 33}, "BenchmarkResult.to_dict": {"executed_lines": [], "summary": {"covered_lines": 0, "num_statements": 1, "percent_covered": 0.0, "percent_covered_display": "0", "missing_lines": 1, "excluded_lines": 0, "percent_statements_covered": 0.0, "percent_statements_covered_display": "0"}, "missing_lines": [41], "excluded_lines": [], "start_line": 39}, "BenchmarkRunner.__init__": {"executed_lines": [], "summary": {"covered_lines": 0, "num_statements": 1, "percent_covered": 0.0, "percent_covered_display": "0", "missing_lines": 1, "excluded_lines": 0, "percent_statements_covered": 0.0, "percent_statements_covered_display": "0"}, "missing_lines": [72], "excluded_lines": [], "start_line": 70}, "BenchmarkRunner.benchmark_async": {"executed_lines": [], "summary": {"covered_lines": 0, "num_statements": 20, "percent_covered": 0.0, "percent_covered_display": "0", "missing_lines": 20, "excluded_lines": 0, "percent_statements_covered": 0.0, "percent_statements_covered_display": "0"}, "missing_lines": [93, 94, 97, 98, 99, 100, 101, 104, 106, 107, 108, 109, 110, 111, 112, 113, 114, 116, 117, 119], "excluded_lines": [], "start_line": 74}, "BenchmarkRunner.benchmark_sync": {"executed_lines": [], "summary": {"covered_lines": 0, "num_statements": 20, "percent_covered": 0.0, "percent_covered_display": "0", "missing_lines": 20, "excluded_lines": 0, "percent_statements_covered": 0.0, "percent_statements_covered_display": "0"}, "missing_lines": [148, 149, 152, 153, 154, 155, 156, 159, 161, 162, 163, 164, 165, 166, 167, 168, 169, 171, 172, 174], "excluded_lines": [], "start_line": 129}, "BenchmarkRunner.benchmark_endpoint": {"executed_lines": [], "summary": {"covered_lines": 0, "num_statements": 24, "percent_covered": 0.0, "percent_covered_display": "0", "missing_lines": 24, "excluded_lines": 0, "percent_statements_covered": 0.0, "percent_statements_covered_display": "0"}, "missing_lines": [205, 206, 208, 210, 211, 212, 213, 214, 215, 216, 217, 218, 219, 220, 222, 224, 225, 227, 228, 229, 230, 232, 233, 235], "excluded_lines": [], "start_line": 184}, "BenchmarkRunner.compare_benchmarks": {"executed_lines": [], "summary": {"covered_lines": 0, "num_statements": 7, "percent_covered": 0.0, "percent_covered_display": "0", "missing_lines": 7, "excluded_lines": 0, "percent_statements_covered": 0.0, "percent_statements_covered_display": "0"}, "missing_lines": [260, 261, 263, 264, 265, 267, 284], "excluded_lines": [], "start_line": 250}, "": {"executed_lines": [3, 4, 5, 6, 9, 10, 24, 25, 26, 27, 28, 29, 30, 32, 33, 39, 53, 70, 74, 129, 184, 250], "summary": {"covered_lines": 22, "num_statements": 22, "percent_covered": 100.0, "percent_covered_display": "100", "missing_lines": 0, "excluded_lines": 0, "percent_statements_covered": 100.0, "percent_statements_covered_display": "100"}, "missing_lines": [], "excluded_lines": [], "start_line": 1}}, "classes": {"BenchmarkResult": {"executed_lines": [], "summary": {"covered_lines": 0, "num_statements": 4, "percent_covered": 0.0, "percent_covered_display": "0", "missing_lines": 4, "excluded_lines": 0, "percent_statements_covered": 0.0, "percent_statements_covered_display": "0"}, "missing_lines": [35, 36, 37, 41], "excluded_lines": [], "start_line": 10}, "BenchmarkRunner": {"executed_lines": [], "summary": {"covered_lines": 0, "num_statements": 72, "percent_covered": 0.0, "percent_covered_display": "0", "missing_lines": 72, "excluded_lines": 0, "percent_statements_covered": 0.0, "percent_statements_covered_display": "0"}, "missing_lines": [72, 93, 94, 97, 98, 99, 100, 101, 104, 106, 107, 108, 109, 110, 111, 112, 113, 114, 116, 117, 119, 148, 149, 152, 153, 154, 155, 156, 159, 161, 162, 163, 164, 165, 166, 167, 168, 169, 171, 172, 174, 205, 206, 208, 210, 211, 212, 213, 214, 215, 216, 217, 218, 219, 220, 222, 224, 225, 227, 228, 229, 230, 232, 233, 235, 260, 261, 263, 264, 265, 267, 284], "excluded_lines": [], "start_line": 53}, "": {"executed_lines": [3, 4, 5, 6, 9, 10, 24, 25, 26, 27, 28, 29, 30, 32, 33, 39, 53, 70, 74, 129, 184, 250], "summary": {"covered_lines": 22, "num_statements": 22, "percent_covered": 100.0, "percent_covered_display": "100", "missing_lines": 0, "excluded_lines": 0, "percent_statements_covered": 100.0, "percent_statements_covered_display": "100"}, "missing_lines": [], "excluded_lines": [], "start_line": 1}}}, "src/adapters/performance/load_test_runner.py": {"executed_lines": [3, 4, 5, 6, 7, 8, 9, 12, 20, 21, 38, 39, 44, 51, 61, 71, 141, 158, 167, 174, 184, 192, 261, 278, 291, 298, 302, 310, 372], "summary": {"covered_lines": 29, "num_statements": 141, "percent_covered": 20.56737588652482, "percent_covered_display": "21", "missing_lines": 112, "excluded_lines": 0, "percent_statements_covered": 20.56737588652482, "percent_statements_covered_display": "21"}, "missing_lines": [36, 41, 58, 59, 63, 64, 67, 68, 69, 86, 87, 90, 92, 93, 108, 109, 111, 112, 114, 118, 120, 121, 124, 126, 138, 139, 143, 153, 154, 155, 156, 161, 181, 182, 186, 187, 188, 189, 190, 207, 208, 212, 214, 215, 226, 227, 229, 231, 232, 234, 238, 240, 241, 244, 246, 258, 259, 263, 273, 274, 275, 276, 280, 281, 282, 284, 285, 286, 287, 288, 300, 304, 305, 306, 307, 308, 328, 329, 334, 336, 347, 348, 350, 354, 356, 357, 359, 361, 374, 376, 377, 378, 379, 380, 381, 382, 383, 384, 385, 386, 387, 388, 389, 390, 391, 392, 393, 394, 395, 396, 397, 399], "excluded_lines": [], "functions": {"LoadTestRunner.run_load_test": {"executed_lines": [], "summary": {"covered_lines": 0, "num_statements": 1, "percent_covered": 0.0, "percent_covered_display": "0", "missing_lines": 1, "excluded_lines": 0, "percent_statements_covered": 0.0, "percent_statements_covered_display": "0"}, "missing_lines": [36], "excluded_lines": [], "start_line": 21}, "LoadTestRunner.is_available": {"executed_lines": [], "summary": {"covered_lines": 0, "num_statements": 1, "percent_covered": 0.0, "percent_covered_display": "0", "missing_lines": 1, "excluded_lines": 0, "percent_statements_covered": 0.0, "percent_statements_covered_display": "0"}, "missing_lines": [41], "excluded_lines": [], "start_line": 39}, "LocustAdapter.__init__": {"executed_lines": [], "summary": {"covered_lines": 0, "num_statements": 2, "percent_covered": 0.0, "percent_covered_display": "0", "missing_lines": 2, "excluded_lines": 0, "percent_statements_covered": 0.0, "percent_statements_covered_display": "0"}, "missing_lines": [58, 59], "excluded_lines": [], "start_line": 51}, "LocustAdapter.is_available": {"executed_lines": [], "summary": {"covered_lines": 0, "num_statements": 5, "percent_covered": 0.0, "percent_covered_display": "0", "missing_lines": 5, "excluded_lines": 0, "percent_statements_covered": 0.0, "percent_statements_covered_display": "0"}, "missing_lines": [63, 64, 67, 68, 69], "excluded_lines": [], "start_line": 61}, "LocustAdapter.run_load_test": {"executed_lines": [], "summary": {"covered_lines": 0, "num_statements": 17, "percent_covered": 0.0, "percent_covered_display": "0", "missing_lines": 17, "excluded_lines": 0, "percent_statements_covered": 0.0, "percent_statements_covered_display": "0"}, "missing_lines": [86, 87, 90, 92, 93, 108, 109, 111, 112, 114, 118, 120, 121, 124, 126, 138, 139], "excluded_lines": [], "start_line": 71}, "LocustAdapter._create_temp_locustfile": {"executed_lines": [], "summary": {"covered_lines": 0, "num_statements": 5, "percent_covered": 0.0, "percent_covered_display": "0", "missing_lines": 5, "excluded_lines": 0, "percent_statements_covered": 0.0, "percent_statements_covered_display": "0"}, "missing_lines": [143, 153, 154, 155, 156], "excluded_lines": [], "start_line": 141}, "LocustAdapter._parse_results": {"executed_lines": [], "summary": {"covered_lines": 0, "num_statements": 1, "percent_covered": 0.0, "percent_covered_display": "0", "missing_lines": 1, "excluded_lines": 0, "percent_statements_covered": 0.0, "percent_statements_covered_display": "0"}, "missing_lines": [161], "excluded_lines": [], "start_line": 158}, "K6Adapter.__init__": {"executed_lines": [], "summary": {"covered_lines": 0, "num_statements": 2, "percent_covered": 0.0, "percent_covered_display": "0", "missing_lines": 2, "excluded_lines": 0, "percent_statements_covered": 0.0, "percent_statements_covered_display": "0"}, "missing_lines": [181, 182], "excluded_lines": [], "start_line": 174}, "K6Adapter.is_available": {"executed_lines": [], "summary": {"covered_lines": 0, "num_statements": 5, "percent_covered": 0.0, "percent_covered_display": "0", "missing_lines": 5, "excluded_lines": 0, "percent_statements_covered": 0.0, "percent_statements_covered_display": "0"}, "missing_lines": [186, 187, 188, 189, 190], "excluded_lines": [], "start_line": 184}, "K6Adapter.run_load_test": {"executed_lines": [], "summary": {"covered_lines": 0, "num_statements": 18, "percent_covered": 0.0, "percent_covered_display": "0", "missing_lines": 18, "excluded_lines": 0, "percent_statements_covered": 0.0, "percent_statements_covered_display": "0"}, "missing_lines": [207, 208, 212, 214, 215, 226, 227, 229, 231, 232, 234, 238, 240, 241, 244, 246, 258, 259], "excluded_lines": [], "start_line": 192}, "K6Adapter._create_temp_script": {"executed_lines": [], "summary": {"covered_lines": 0, "num_statements": 5, "percent_covered": 0.0, "percent_covered_display": "0", "missing_lines": 5, "excluded_lines": 0, "percent_statements_covered": 0.0, "percent_statements_covered_display": "0"}, "missing_lines": [263, 273, 274, 275, 276], "excluded_lines": [], "start_line": 261}, "K6Adapter._load_k6_summary": {"executed_lines": [], "summary": {"covered_lines": 0, "num_statements": 8, "percent_covered": 0.0, "percent_covered_display": "0", "missing_lines": 8, "excluded_lines": 0, "percent_statements_covered": 0.0, "percent_statements_covered_display": "0"}, "missing_lines": [280, 281, 282, 284, 285, 286, 287, 288], "excluded_lines": [], "start_line": 278}, "ApacheBenchAdapter.__init__": {"executed_lines": [], "summary": {"covered_lines": 0, "num_statements": 1, "percent_covered": 0.0, "percent_covered_display": "0", "missing_lines": 1, "excluded_lines": 0, "percent_statements_covered": 0.0, "percent_statements_covered_display": "0"}, "missing_lines": [300], "excluded_lines": [], "start_line": 298}, "ApacheBenchAdapter.is_available": {"executed_lines": [], "summary": {"covered_lines": 0, "num_statements": 5, "percent_covered": 0.0, "percent_covered_display": "0", "missing_lines": 5, "excluded_lines": 0, "percent_statements_covered": 0.0, "percent_statements_covered_display": "0"}, "missing_lines": [304, 305, 306, 307, 308], "excluded_lines": [], "start_line": 302}, "ApacheBenchAdapter.run_load_test": {"executed_lines": [], "summary": {"covered_lines": 0, "num_statements": 12, "percent_covered": 0.0, "percent_covered_display": "0", "missing_lines": 12, "excluded_lines": 0, "percent_statements_covered": 0.0, "percent_statements_covered_display": "0"}, "missing_lines": [328, 329, 334, 336, 347, 348, 350, 354, 356, 357, 359, 361], "excluded_lines": [], "start_line": 310}, "ApacheBenchAdapter._parse_ab_output": {"executed_lines": [], "summary": {"covered_lines": 0, "num_statements": 24, "percent_covered": 0.0, "percent_covered_display": "0", "missing_lines": 24, "excluded_lines": 0, "percent_statements_covered": 0.0, "percent_statements_covered_display": "0"}, "missing_lines": [374, 376, 377, 378, 379, 380, 381, 382, 383, 384, 385, 386, 387, 388, 389, 390, 391, 392, 393, 394, 395, 396, 397, 399], "excluded_lines": [], "start_line": 372}, "": {"executed_lines": [3, 4, 5, 6, 7, 8, 9, 12, 20, 21, 38, 39, 44, 51, 61, 71, 141, 158, 167, 174, 184, 192, 261, 278, 291, 298, 302, 310, 372], "summary": {"covered_lines": 29, "num_statements": 29, "percent_covered": 100.0, "percent_covered_display": "100", "missing_lines": 0, "excluded_lines": 0, "percent_statements_covered": 100.0, "percent_statements_covered_display": "100"}, "missing_lines": [], "excluded_lines": [], "start_line": 1}}, "classes": {"LoadTestRunner": {"executed_lines": [], "summary": {"covered_lines": 0, "num_statements": 2, "percent_covered": 0.0, "percent_covered_display": "0", "missing_lines": 2, "excluded_lines": 0, "percent_statements_covered": 0.0, "percent_statements_covered_display": "0"}, "missing_lines": [36, 41], "excluded_lines": [], "start_line": 12}, "LocustAdapter": {"executed_lines": [], "summary": {"covered_lines": 0, "num_statements": 30, "percent_covered": 0.0, "percent_covered_display": "0", "missing_lines": 30, "excluded_lines": 0, "percent_statements_covered": 0.0, "percent_statements_covered_display": "0"}, "missing_lines": [58, 59, 63, 64, 67, 68, 69, 86, 87, 90, 92, 93, 108, 109, 111, 112, 114, 118, 120, 121, 124, 126, 138, 139, 143, 153, 154, 155, 156, 161], "excluded_lines": [], "start_line": 44}, "K6Adapter": {"executed_lines": [], "summary": {"covered_lines": 0, "num_statements": 38, "percent_covered": 0.0, "percent_covered_display": "0", "missing_lines": 38, "excluded_lines": 0, "percent_statements_covered": 0.0, "percent_statements_covered_display": "0"}, "missing_lines": [181, 182, 186, 187, 188, 189, 190, 207, 208, 212, 214, 215, 226, 227, 229, 231, 232, 234, 238, 240, 241, 244, 246, 258, 259, 263, 273, 274, 275, 276, 280, 281, 282, 284, 285, 286, 287, 288], "excluded_lines": [], "start_line": 167}, "ApacheBenchAdapter": {"executed_lines": [], "summary": {"covered_lines": 0, "num_statements": 42, "percent_covered": 0.0, "percent_covered_display": "0", "missing_lines": 42, "excluded_lines": 0, "percent_statements_covered": 0.0, "percent_statements_covered_display": "0"}, "missing_lines": [300, 304, 305, 306, 307, 308, 328, 329, 334, 336, 347, 348, 350, 354, 356, 357, 359, 361, 374, 376, 377, 378, 379, 380, 381, 382, 383, 384, 385, 386, 387, 388, 389, 390, 391, 392, 393, 394, 395, 396, 397, 399], "excluded_lines": [], "start_line": 291}, "": {"executed_lines": [3, 4, 5, 6, 7, 8, 9, 12, 20, 21, 38, 39, 44, 51, 61, 71, 141, 158, 167, 174, 184, 192, 261, 278, 291, 298, 302, 310, 372], "summary": {"covered_lines": 29, "num_statements": 29, "percent_covered": 100.0, "percent_covered_display": "100", "missing_lines": 0, "excluded_lines": 0, "percent_statements_covered": 100.0, "percent_statements_covered_display": "100"}, "missing_lines": [], "excluded_lines": [], "start_line": 1}}}, "src/adapters/performance/metrics_collector.py": {"executed_lines": [3, 4, 5, 6, 7, 8, 11, 12, 26, 27, 28, 29, 30, 31, 32, 34, 35, 41, 42, 51, 52, 58, 59, 65, 66, 72, 73, 79, 80, 90, 91, 101, 124, 139, 144, 150, 155, 168, 182, 192, 201, 206], "summary": {"covered_lines": 42, "num_statements": 92, "percent_covered": 45.65217391304348, "percent_covered_display": "46", "missing_lines": 50, "excluded_lines": 0, "percent_statements_covered": 45.65217391304348, "percent_statements_covered_display": "46"}, "missing_lines": [37, 38, 39, 44, 45, 46, 47, 48, 49, 54, 55, 56, 61, 62, 63, 68, 69, 70, 75, 76, 77, 82, 83, 84, 93, 94, 95, 103, 141, 142, 146, 147, 148, 152, 153, 162, 163, 164, 165, 166, 176, 177, 178, 179, 180, 190, 199, 203, 204, 213], "excluded_lines": [], "functions": {"PerformanceMetrics.error_rate": {"executed_lines": [], "summary": {"covered_lines": 0, "num_statements": 3, "percent_covered": 0.0, "percent_covered_display": "0", "missing_lines": 3, "excluded_lines": 0, "percent_statements_covered": 0.0, "percent_statements_covered_display": "0"}, "missing_lines": [37, 38, 39], "excluded_lines": [], "start_line": 35}, "PerformanceMetrics.throughput": {"executed_lines": [], "summary": {"covered_lines": 0, "num_statements": 6, "percent_covered": 0.0, "percent_covered_display": "0", "missing_lines": 6, "excluded_lines": 0, "percent_statements_covered": 0.0, "percent_statements_covered_display": "0"}, "missing_lines": [44, 45, 46, 47, 48, 49], "excluded_lines": [], "start_line": 42}, "PerformanceMetrics.avg_response_time": {"executed_lines": [], "summary": {"covered_lines": 0, "num_statements": 3, "percent_covered": 0.0, "percent_covered_display": "0", "missing_lines": 3, "excluded_lines": 0, "percent_statements_covered": 0.0, "percent_statements_covered_display": "0"}, "missing_lines": [54, 55, 56], "excluded_lines": [], "start_line": 52}, "PerformanceMetrics.min_response_time": {"executed_lines": [], "summary": {"covered_lines": 0, "num_statements": 3, "percent_covered": 0.0, "percent_covered_display": "0", "missing_lines": 3, "excluded_lines": 0, "percent_statements_covered": 0.0, "percent_statements_covered_display": "0"}, "missing_lines": [61, 62, 63], "excluded_lines": [], "start_line": 59}, "PerformanceMetrics.max_response_time": {"executed_lines": [], "summary": {"covered_lines": 0, "num_statements": 3, "percent_covered": 0.0, "percent_covered_display": "0", "missing_lines": 3, "excluded_lines": 0, "percent_statements_covered": 0.0, "percent_statements_covered_display": "0"}, "missing_lines": [68, 69, 70], "excluded_lines": [], "start_line": 66}, "PerformanceMetrics.median_response_time": {"executed_lines": [], "summary": {"covered_lines": 0, "num_statements": 3, "percent_covered": 0.0, "percent_covered_display": "0", "missing_lines": 3, "excluded_lines": 0, "percent_statements_covered": 0.0, "percent_statements_covered_display": "0"}, "missing_lines": [75, 76, 77], "excluded_lines": [], "start_line": 73}, "PerformanceMetrics.p95_response_time": {"executed_lines": [], "summary": {"covered_lines": 0, "num_statements": 3, "percent_covered": 0.0, "percent_covered_display": "0", "missing_lines": 3, "excluded_lines": 0, "percent_statements_covered": 0.0, "percent_statements_covered_display": "0"}, "missing_lines": [82, 83, 84], "excluded_lines": [], "start_line": 80}, "PerformanceMetrics.p99_response_time": {"executed_lines": [], "summary": {"covered_lines": 0, "num_statements": 3, "percent_covered": 0.0, "percent_covered_display": "0", "missing_lines": 3, "excluded_lines": 0, "percent_statements_covered": 0.0, "percent_statements_covered_display": "0"}, "missing_lines": [93, 94, 95], "excluded_lines": [], "start_line": 91}, "PerformanceMetrics.to_dict": {"executed_lines": [], "summary": {"covered_lines": 0, "num_statements": 1, "percent_covered": 0.0, "percent_covered_display": "0", "missing_lines": 1, "excluded_lines": 0, "percent_statements_covered": 0.0, "percent_statements_covered_display": "0"}, "missing_lines": [103], "excluded_lines": [], "start_line": 101}, "MetricsCollector.__init__": {"executed_lines": [], "summary": {"covered_lines": 0, "num_statements": 2, "percent_covered": 0.0, "percent_covered_display": "0", "missing_lines": 2, "excluded_lines": 0, "percent_statements_covered": 0.0, "percent_statements_covered_display": "0"}, "missing_lines": [141, 142], "excluded_lines": [], "start_line": 139}, "MetricsCollector.start_collection": {"executed_lines": [], "summary": {"covered_lines": 0, "num_statements": 3, "percent_covered": 0.0, "percent_covered_display": "0", "missing_lines": 3, "excluded_lines": 0, "percent_statements_covered": 0.0, "percent_statements_covered_display": "0"}, "missing_lines": [146, 147, 148], "excluded_lines": [], "start_line": 144}, "MetricsCollector.stop_collection": {"executed_lines": [], "summary": {"covered_lines": 0, "num_statements": 2, "percent_covered": 0.0, "percent_covered_display": "0", "missing_lines": 2, "excluded_lines": 0, "percent_statements_covered": 0.0, "percent_statements_covered_display": "0"}, "missing_lines": [152, 153], "excluded_lines": [], "start_line": 150}, "MetricsCollector.record_response_time": {"executed_lines": [], "summary": {"covered_lines": 0, "num_statements": 5, "percent_covered": 0.0, "percent_covered_display": "0", "missing_lines": 5, "excluded_lines": 0, "percent_statements_covered": 0.0, "percent_statements_covered_display": "0"}, "missing_lines": [162, 163, 164, 165, 166], "excluded_lines": [], "start_line": 155}, "MetricsCollector.record_error": {"executed_lines": [], "summary": {"covered_lines": 0, "num_statements": 5, "percent_covered": 0.0, "percent_covered_display": "0", "missing_lines": 5, "excluded_lines": 0, "percent_statements_covered": 0.0, "percent_statements_covered_display": "0"}, "missing_lines": [176, 177, 178, 179, 180], "excluded_lines": [], "start_line": 168}, "MetricsCollector.record_throughput": {"executed_lines": [], "summary": {"covered_lines": 0, "num_statements": 1, "percent_covered": 0.0, "percent_covered_display": "0", "missing_lines": 1, "excluded_lines": 0, "percent_statements_covered": 0.0, "percent_statements_covered_display": "0"}, "missing_lines": [190], "excluded_lines": [], "start_line": 182}, "MetricsCollector.get_metrics": {"executed_lines": [], "summary": {"covered_lines": 0, "num_statements": 1, "percent_covered": 0.0, "percent_covered_display": "0", "missing_lines": 1, "excluded_lines": 0, "percent_statements_covered": 0.0, "percent_statements_covered_display": "0"}, "missing_lines": [199], "excluded_lines": [], "start_line": 192}, "MetricsCollector.reset": {"executed_lines": [], "summary": {"covered_lines": 0, "num_statements": 2, "percent_covered": 0.0, "percent_covered_display": "0", "missing_lines": 2, "excluded_lines": 0, "percent_statements_covered": 0.0, "percent_statements_covered_display": "0"}, "missing_lines": [203, 204], "excluded_lines": [], "start_line": 201}, "MetricsCollector.get_metrics_object": {"executed_lines": [], "summary": {"covered_lines": 0, "num_statements": 1, "percent_covered": 0.0, "percent_covered_display": "0", "missing_lines": 1, "excluded_lines": 0, "percent_statements_covered": 0.0, "percent_statements_covered_display": "0"}, "missing_lines": [213], "excluded_lines": [], "start_line": 206}, "": {"executed_lines": [3, 4, 5, 6, 7, 8, 11, 12, 26, 27, 28, 29, 30, 31, 32, 34, 35, 41, 42, 51, 52, 58, 59, 65, 66, 72, 73, 79, 80, 90, 91, 101, 124, 139, 144, 150, 155, 168, 182, 192, 201, 206], "summary": {"covered_lines": 42, "num_statements": 42, "percent_covered": 100.0, "percent_covered_display": "100", "missing_lines": 0, "excluded_lines": 0, "percent_statements_covered": 100.0, "percent_statements_covered_display": "100"}, "missing_lines": [], "excluded_lines": [], "start_line": 1}}, "classes": {"PerformanceMetrics": {"executed_lines": [], "summary": {"covered_lines": 0, "num_statements": 28, "percent_covered": 0.0, "percent_covered_display": "0", "missing_lines": 28, "excluded_lines": 0, "percent_statements_covered": 0.0, "percent_statements_covered_display": "0"}, "missing_lines": [37, 38, 39, 44, 45, 46, 47, 48, 49, 54, 55, 56, 61, 62, 63, 68, 69, 70, 75, 76, 77, 82, 83, 84, 93, 94, 95, 103], "excluded_lines": [], "start_line": 12}, "MetricsCollector": {"executed_lines": [], "summary": {"covered_lines": 0, "num_statements": 22, "percent_covered": 0.0, "percent_covered_display": "0", "missing_lines": 22, "excluded_lines": 0, "percent_statements_covered": 0.0, "percent_statements_covered_display": "0"}, "missing_lines": [141, 142, 146, 147, 148, 152, 153, 162, 163, 164, 165, 166, 176, 177, 178, 179, 180, 190, 199, 203, 204, 213], "excluded_lines": [], "start_line": 124}, "": {"executed_lines": [3, 4, 5, 6, 7, 8, 11, 12, 26, 27, 28, 29, 30, 31, 32, 34, 35, 41, 42, 51, 52, 58, 59, 65, 66, 72, 73, 79, 80, 90, 91, 101, 124, 139, 144, 150, 155, 168, 182, 192, 201, 206], "summary": {"covered_lines": 42, "num_statements": 42, "percent_covered": 100.0, "percent_covered_display": "100", "missing_lines": 0, "excluded_lines": 0, "percent_statements_covered": 100.0, "percent_statements_covered_display": "100"}, "missing_lines": [], "excluded_lines": [], "start_line": 1}}}, "src/adapters/performance/performance_client.py": {"executed_lines": [3, 4, 5, 11, 12, 15, 47, 65, 85, 103, 132, 156, 206, 243, 252, 270, 274], "summary": {"covered_lines": 17, "num_statements": 83, "percent_covered": 20.481927710843372, "percent_covered_display": "20", "missing_lines": 66, "excluded_lines": 0, "percent_statements_covered": 20.481927710843372, "percent_statements_covered_display": "20"}, "missing_lines": [55, 56, 57, 58, 59, 60, 62, 63, 75, 76, 77, 78, 79, 80, 81, 83, 93, 95, 96, 97, 99, 118, 119, 121, 122, 123, 125, 126, 128, 143, 144, 146, 147, 151, 154, 172, 173, 175, 176, 177, 179, 180, 182, 183, 185, 186, 190, 193, 194, 196, 198, 219, 221, 222, 228, 231, 233, 241, 250, 259, 262, 264, 267, 268, 272, 276], "excluded_lines": [], "functions": {"PerformanceClient.__init__": {"executed_lines": [], "summary": {"covered_lines": 0, "num_statements": 8, "percent_covered": 0.0, "percent_covered_display": "0", "missing_lines": 8, "excluded_lines": 0, "percent_statements_covered": 0.0, "percent_statements_covered_display": "0"}, "missing_lines": [55, 56, 57, 58, 59, 60, 62, 63], "excluded_lines": [], "start_line": 47}, "PerformanceClient._create_load_runner": {"executed_lines": [], "summary": {"covered_lines": 0, "num_statements": 8, "percent_covered": 0.0, "percent_covered_display": "0", "missing_lines": 8, "excluded_lines": 0, "percent_statements_covered": 0.0, "percent_statements_covered_display": "0"}, "missing_lines": [75, 76, 77, 78, 79, 80, 81, 83], "excluded_lines": [], "start_line": 65}, "PerformanceClient._detect_best_tool": {"executed_lines": [], "summary": {"covered_lines": 0, "num_statements": 5, "percent_covered": 0.0, "percent_covered_display": "0", "missing_lines": 5, "excluded_lines": 0, "percent_statements_covered": 0.0, "percent_statements_covered_display": "0"}, "missing_lines": [93, 95, 96, 97, 99], "excluded_lines": [], "start_line": 85}, "PerformanceClient.load_test": {"executed_lines": [], "summary": {"covered_lines": 0, "num_statements": 8, "percent_covered": 0.0, "percent_covered_display": "0", "missing_lines": 8, "excluded_lines": 0, "percent_statements_covered": 0.0, "percent_statements_covered_display": "0"}, "missing_lines": [118, 119, 121, 122, 123, 125, 126, 128], "excluded_lines": [], "start_line": 103}, "PerformanceClient.benchmark": {"executed_lines": [], "summary": {"covered_lines": 0, "num_statements": 6, "percent_covered": 0.0, "percent_covered_display": "0", "missing_lines": 6, "excluded_lines": 0, "percent_statements_covered": 0.0, "percent_statements_covered_display": "0"}, "missing_lines": [143, 144, 146, 147, 151, 154], "excluded_lines": [], "start_line": 132}, "PerformanceClient.stress_test": {"executed_lines": [], "summary": {"covered_lines": 0, "num_statements": 16, "percent_covered": 0.0, "percent_covered_display": "0", "missing_lines": 16, "excluded_lines": 0, "percent_statements_covered": 0.0, "percent_statements_covered_display": "0"}, "missing_lines": [172, 173, 175, 176, 177, 179, 180, 182, 183, 185, 186, 190, 193, 194, 196, 198], "excluded_lines": [], "start_line": 156}, "PerformanceClient.run_comparison": {"executed_lines": [], "summary": {"covered_lines": 0, "num_statements": 7, "percent_covered": 0.0, "percent_covered_display": "0", "missing_lines": 7, "excluded_lines": 0, "percent_statements_covered": 0.0, "percent_statements_covered_display": "0"}, "missing_lines": [219, 221, 222, 228, 231, 233, 241], "excluded_lines": [], "start_line": 206}, "PerformanceClient.get_metrics_collector": {"executed_lines": [], "summary": {"covered_lines": 0, "num_statements": 1, "percent_covered": 0.0, "percent_covered_display": "0", "missing_lines": 1, "excluded_lines": 0, "percent_statements_covered": 0.0, "percent_statements_covered_display": "0"}, "missing_lines": [250], "excluded_lines": [], "start_line": 243}, "PerformanceClient.close": {"executed_lines": [], "summary": {"covered_lines": 0, "num_statements": 5, "percent_covered": 0.0, "percent_covered_display": "0", "missing_lines": 5, "excluded_lines": 0, "percent_statements_covered": 0.0, "percent_statements_covered_display": "0"}, "missing_lines": [259, 262, 264, 267, 268], "excluded_lines": [], "start_line": 252}, "PerformanceClient.__aenter__": {"executed_lines": [], "summary": {"covered_lines": 0, "num_statements": 1, "percent_covered": 0.0, "percent_covered_display": "0", "missing_lines": 1, "excluded_lines": 0, "percent_statements_covered": 0.0, "percent_statements_covered_display": "0"}, "missing_lines": [272], "excluded_lines": [], "start_line": 270}, "PerformanceClient.__aexit__": {"executed_lines": [], "summary": {"covered_lines": 0, "num_statements": 1, "percent_covered": 0.0, "percent_covered_display": "0", "missing_lines": 1, "excluded_lines": 0, "percent_statements_covered": 0.0, "percent_statements_covered_display": "0"}, "missing_lines": [276], "excluded_lines": [], "start_line": 274}, "": {"executed_lines": [3, 4, 5, 11, 12, 15, 47, 65, 85, 103, 132, 156, 206, 243, 252, 270, 274], "summary": {"covered_lines": 17, "num_statements": 17, "percent_covered": 100.0, "percent_covered_display": "100", "missing_lines": 0, "excluded_lines": 0, "percent_statements_covered": 100.0, "percent_statements_covered_display": "100"}, "missing_lines": [], "excluded_lines": [], "start_line": 1}}, "classes": {"PerformanceClient": {"executed_lines": [], "summary": {"covered_lines": 0, "num_statements": 66, "percent_covered": 0.0, "percent_covered_display": "0", "missing_lines": 66, "excluded_lines": 0, "percent_statements_covered": 0.0, "percent_statements_covered_display": "0"}, "missing_lines": [55, 56, 57, 58, 59, 60, 62, 63, 75, 76, 77, 78, 79, 80, 81, 83, 93, 95, 96, 97, 99, 118, 119, 121, 122, 123, 125, 126, 128, 143, 144, 146, 147, 151, 154, 172, 173, 175, 176, 177, 179, 180, 182, 183, 185, 186, 190, 193, 194, 196, 198, 219, 221, 222, 228, 231, 233, 241, 250, 259, 262, 264, 267, 268, 272, 276], "excluded_lines": [], "start_line": 15}, "": {"executed_lines": [3, 4, 5, 11, 12, 15, 47, 65, 85, 103, 132, 156, 206, 243, 252, 270, 274], "summary": {"covered_lines": 17, "num_statements": 17, "percent_covered": 100.0, "percent_covered_display": "100", "missing_lines": 0, "excluded_lines": 0, "percent_statements_covered": 100.0, "percent_statements_covered_display": "100"}, "missing_lines": [], "excluded_lines": [], "start_line": 1}}}, "src/adapters/reporting/allure_reporter.py": {"executed_lines": [7, 8, 9, 10, 11, 12, 13, 15, 16, 18, 21, 24, 25, 26, 29, 32, 33, 34, 35, 38, 41, 42, 43, 44, 45, 48, 78, 106, 123, 147, 163, 181, 191, 202, 212, 222, 251, 280, 289, 298, 309, 315, 334, 353, 396, 426, 503, 573, 577], "summary": {"covered_lines": 49, "num_statements": 188, "percent_covered": 26.06382978723404, "percent_covered_display": "26", "missing_lines": 139, "excluded_lines": 0, "percent_statements_covered": 26.06382978723404, "percent_statements_covered_display": "26"}, "missing_lines": [92, 93, 94, 95, 96, 99, 100, 101, 104, 114, 115, 116, 119, 120, 121, 131, 132, 135, 138, 141, 142, 144, 145, 155, 156, 159, 160, 161, 171, 172, 174, 175, 189, 199, 200, 209, 210, 219, 220, 237, 238, 240, 242, 243, 244, 245, 246, 247, 249, 266, 267, 269, 270, 271, 272, 273, 274, 276, 278, 287, 296, 307, 311, 312, 313, 325, 332, 344, 351, 366, 368, 370, 384, 385, 386, 388, 390, 391, 392, 394, 406, 409, 410, 411, 412, 415, 421, 422, 424, 436, 439, 441, 444, 456, 457, 458, 459, 461, 462, 463, 465, 467, 468, 470, 471, 476, 477, 478, 479, 484, 485, 486, 487, 488, 491, 492, 493, 494, 497, 498, 499, 501, 513, 516, 517, 518, 519, 522, 551, 552, 553, 554, 556, 563, 568, 569, 571, 575, 579], "excluded_lines": [], "functions": {"AllureReporter.__init__": {"executed_lines": [], "summary": {"covered_lines": 0, "num_statements": 9, "percent_covered": 0.0, "percent_covered_display": "0", "missing_lines": 9, "excluded_lines": 0, "percent_statements_covered": 0.0, "percent_statements_covered_display": "0"}, "missing_lines": [92, 93, 94, 95, 96, 99, 100, 101, 104], "excluded_lines": [], "start_line": 78}, "AllureReporter.start_test": {"executed_lines": [], "summary": {"covered_lines": 0, "num_statements": 6, "percent_covered": 0.0, "percent_covered_display": "0", "missing_lines": 6, "excluded_lines": 0, "percent_statements_covered": 0.0, "percent_statements_covered_display": "0"}, "missing_lines": [114, 115, 116, 119, 120, 121], "excluded_lines": [], "start_line": 106}, "AllureReporter.end_test": {"executed_lines": [], "summary": {"covered_lines": 0, "num_statements": 8, "percent_covered": 0.0, "percent_covered_display": "0", "missing_lines": 8, "excluded_lines": 0, "percent_statements_covered": 0.0, "percent_statements_covered_display": "0"}, "missing_lines": [131, 132, 135, 138, 141, 142, 144, 145], "excluded_lines": [], "start_line": 123}, "AllureReporter.add_step": {"executed_lines": [], "summary": {"covered_lines": 0, "num_statements": 5, "percent_covered": 0.0, "percent_covered_display": "0", "missing_lines": 5, "excluded_lines": 0, "percent_statements_covered": 0.0, "percent_statements_covered_display": "0"}, "missing_lines": [155, 156, 159, 160, 161], "excluded_lines": [], "start_line": 147}, "AllureReporter.attach_screenshot": {"executed_lines": [], "summary": {"covered_lines": 0, "num_statements": 4, "percent_covered": 0.0, "percent_covered_display": "0", "missing_lines": 4, "excluded_lines": 0, "percent_statements_covered": 0.0, "percent_statements_covered_display": "0"}, "missing_lines": [171, 172, 174, 175], "excluded_lines": [], "start_line": 163}, "AllureReporter.attach_text": {"executed_lines": [], "summary": {"covered_lines": 0, "num_statements": 1, "percent_covered": 0.0, "percent_covered_display": "0", "missing_lines": 1, "excluded_lines": 0, "percent_statements_covered": 0.0, "percent_statements_covered_display": "0"}, "missing_lines": [189], "excluded_lines": [], "start_line": 181}, "AllureReporter.attach_json": {"executed_lines": [], "summary": {"covered_lines": 0, "num_statements": 2, "percent_covered": 0.0, "percent_covered_display": "0", "missing_lines": 2, "excluded_lines": 0, "percent_statements_covered": 0.0, "percent_statements_covered_display": "0"}, "missing_lines": [199, 200], "excluded_lines": [], "start_line": 191}, "AllureReporter.add_tag": {"executed_lines": [], "summary": {"covered_lines": 0, "num_statements": 2, "percent_covered": 0.0, "percent_covered_display": "0", "missing_lines": 2, "excluded_lines": 0, "percent_statements_covered": 0.0, "percent_statements_covered_display": "0"}, "missing_lines": [209, 210], "excluded_lines": [], "start_line": 202}, "AllureReporter.add_severity": {"executed_lines": [], "summary": {"covered_lines": 0, "num_statements": 2, "percent_covered": 0.0, "percent_covered_display": "0", "missing_lines": 2, "excluded_lines": 0, "percent_statements_covered": 0.0, "percent_statements_covered_display": "0"}, "missing_lines": [219, 220], "excluded_lines": [], "start_line": 212}, "AllureReporter.generate_report": {"executed_lines": [], "summary": {"covered_lines": 0, "num_statements": 10, "percent_covered": 0.0, "percent_covered_display": "0", "missing_lines": 10, "excluded_lines": 0, "percent_statements_covered": 0.0, "percent_statements_cov
[...]
54, 455, 456, 458, 459, 460, 461, 462, 466, 470, 482, 483, 487, 488, 489, 493], "excluded_lines": [], "start_line": 28}, "": {"executed_lines": [5, 6, 7, 8, 9, 11, 21, 22, 25, 28, 56, 58, 65, 94, 95, 100, 140, 160, 166, 172, 209, 228, 330, 345, 353, 372, 396, 433, 445, 464, 468, 472, 491, 503], "summary": {"covered_lines": 34, "num_statements": 34, "percent_covered": 100.0, "percent_covered_display": "100", "missing_lines": 0, "excluded_lines": 0, "percent_statements_covered": 100.0, "percent_statements_covered_display": "100"}, "missing_lines": [], "excluded_lines": [], "start_line": 1}}}, "src/infrastructure/shutdown/standalone.py": {"executed_lines": [8, 9, 10, 11, 13, 14, 15, 18, 21, 47, 51, 63, 74, 85, 112, 116, 120, 148, 160, 161, 207, 224, 228, 267, 297, 313, 353, 388], "summary": {"covered_lines": 28, "num_statements": 139, "percent_covered": 20.14388489208633, "percent_covered_display": "20", "missing_lines": 111, "excluded_lines": 0, "percent_statements_covered": 20.14388489208633, "percent_statements_covered_display": "20"}, "missing_lines": [48, 49, 58, 59, 61, 65, 72, 76, 83, 103, 110, 114, 118, 134, 135, 138, 139, 140, 143, 145, 146, 155, 156, 157, 182, 183, 184, 186, 187, 188, 191, 192, 194, 195, 196, 197, 199, 200, 202, 204, 225, 226, 242, 243, 244, 245, 247, 248, 249, 250, 251, 252, 253, 254, 255, 256, 257, 258, 259, 260, 262, 263, 265, 278, 279, 280, 281, 283, 284, 286, 288, 289, 290, 291, 292, 293, 294, 295, 304, 306, 307, 309, 310, 329, 331, 332, 333, 334, 335, 337, 338, 339, 340, 341, 344, 346, 348, 375, 377, 378, 379, 380, 381, 385, 404, 406, 407, 408, 410, 411, 413], "excluded_lines": [], "functions": {"StandaloneShutdown.__init__": {"executed_lines": [], "summary": {"covered_lines": 0, "num_statements": 2, "percent_covered": 0.0, "percent_covered_display": "0", "missing_lines": 2, "excluded_lines": 0, "percent_statements_covered": 0.0, "percent_statements_covered_display": "0"}, "missing_lines": [48, 49], "excluded_lines": [], "start_line": 47}, "StandaloneShutdown.setup": {"executed_lines": [], "summary": {"covered_lines": 0, "num_statements": 3, "percent_covered": 0.0, "percent_covered_display": "0", "missing_lines": 3, "excluded_lines": 0, "percent_statements_covered": 0.0, "percent_statements_covered_display": "0"}, "missing_lines": [58, 59, 61], "excluded_lines": [], "start_line": 51}, "StandaloneShutdown.register_database": {"executed_lines": [], "summary": {"covered_lines": 0, "num_statements": 2, "percent_covered": 0.0, "percent_covered_display": "0", "missing_lines": 2, "excluded_lines": 0, "percent_statements_covered": 0.0, "percent_statements_covered_display": "0"}, "missing_lines": [65, 72], "excluded_lines": [], "start_line": 63}, "StandaloneShutdown.register_redis": {"executed_lines": [], "summary": {"covered_lines": 0, "num_statements": 2, "percent_covered": 0.0, "percent_covered_display": "0", "missing_lines": 2, "excluded_lines": 0, "percent_statements_covered": 0.0, "percent_statements_covered_display": "0"}, "missing_lines": [76, 83], "excluded_lines": [], "start_line": 74}, "StandaloneShutdown.register_resource": {"executed_lines": [], "summary": {"covered_lines": 0, "num_statements": 2, "percent_covered": 0.0, "percent_covered_display": "0", "missing_lines": 2, "excluded_lines": 0, "percent_statements_covered": 0.0, "percent_statements_covered_display": "0"}, "missing_lines": [103, 110], "excluded_lines": [], "start_line": 85}, "StandaloneShutdown.is_shutting_down": {"executed_lines": [], "summary": {"covered_lines": 0, "num_statements": 1, "percent_covered": 0.0, "percent_covered_display": "0", "missing_lines": 1, "excluded_lines": 0, "percent_statements_covered": 0.0, "percent_statements_covered_display": "0"}, "missing_lines": [114], "excluded_lines": [], "start_line": 112}, "StandaloneShutdown.should_stop": {"executed_lines": [], "summary": {"covered_lines": 0, "num_statements": 1, "percent_covered": 0.0, "percent_covered_display": "0", "missing_lines": 1, "excluded_lines": 0, "percent_statements_covered": 0.0, "percent_statements_covered_display": "0"}, "missing_lines": [118], "excluded_lines": [], "start_line": 116}, "StandaloneShutdown.wait_and_cleanup": {"executed_lines": [], "summary": {"covered_lines": 0, "num_statements": 8, "percent_covered": 0.0, "percent_covered_display": "0", "missing_lines": 8, "excluded_lines": 0, "percent_statements_covered": 0.0, "percent_statements_covered_display": "0"}, "missing_lines": [134, 135, 138, 139, 140, 143, 145, 146], "excluded_lines": [], "start_line": 120}, "StandaloneShutdown.trigger_shutdown": {"executed_lines": [], "summary": {"covered_lines": 0, "num_statements": 3, "percent_covered": 0.0, "percent_covered_display": "0", "missing_lines": 3, "excluded_lines": 0, "percent_statements_covered": 0.0, "percent_statements_covered_display": "0"}, "missing_lines": [155, 156, 157], "excluded_lines": [], "start_line": 148}, "shutdown_context": {"executed_lines": [], "summary": {"covered_lines": 0, "num_statements": 16, "percent_covered": 0.0, "percent_covered_display": "0", "missing_lines": 16, "excluded_lines": 0, "percent_statements_covered": 0.0, "percent_statements_covered_display": "0"}, "missing_lines": [182, 183, 184, 186, 187, 188, 191, 192, 194, 195, 196, 197, 199, 200, 202, 204], "excluded_lines": [], "start_line": 161}, "BackgroundTaskManager.__init__": {"executed_lines": [], "summary": {"covered_lines": 0, "num_statements": 2, "percent_covered": 0.0, "percent_covered_display": "0", "missing_lines": 2, "excluded_lines": 0, "percent_statements_covered": 0.0, "percent_statements_covered_display": "0"}, "missing_lines": [225, 226], "excluded_lines": [], "start_line": 224}, "BackgroundTaskManager.start_task": {"executed_lines": [], "summary": {"covered_lines": 0, "num_statements": 8, "percent_covered": 0.0, "percent_covered_display": "0", "missing_lines": 8, "excluded_lines": 0, "percent_statements_covered": 0.0, "percent_statements_covered_display": "0"}, "missing_lines": [242, 243, 244, 245, 247, 262, 263, 265], "excluded_lines": [], "start_line": 228}, "BackgroundTaskManager.start_task.wrapper": {"executed_lines": [], "summary": {"covered_lines": 0, "num_statements": 13, "percent_covered": 0.0, "percent_covered_display": "0", "missing_lines": 13, "excluded_lines": 0, "percent_statements_covered": 0.0, "percent_statements_covered_display": "0"}, "missing_lines": [248, 249, 250, 251, 252, 253, 254, 255, 256, 257, 258, 259, 260], "excluded_lines": [], "start_line": 247}, "BackgroundTaskManager.stop_task": {"executed_lines": [], "summary": {"covered_lines": 0, "num_statements": 15, "percent_covered": 0.0, "percent_covered_display": "0", "missing_lines": 15, "excluded_lines": 0, "percent_statements_covered": 0.0, "percent_statements_covered_display": "0"}, "missing_lines": [278, 279, 280, 281, 283, 284, 286, 288, 289, 290, 291, 292, 293, 294, 295], "excluded_lines": [], "start_line": 267}, "BackgroundTaskManager.stop_all": {"executed_lines": [], "summary": {"covered_lines": 0, "num_statements": 5, "percent_covered": 0.0, "percent_covered_display": "0", "missing_lines": 5, "excluded_lines": 0, "percent_statements_covered": 0.0, "percent_statements_covered_display": "0"}, "missing_lines": [304, 306, 307, 309, 310], "excluded_lines": [], "start_line": 297}, "create_shutdown_decorator": {"executed_lines": [], "summary": {"covered_lines": 0, "num_statements": 3, "percent_covered": 0.0, "percent_covered_display": "0", "missing_lines": 3, "excluded_lines": 0, "percent_statements_covered": 0.0, "percent_statements_covered_display": "0"}, "missing_lines": [329, 331, 348], "excluded_lines": [], "start_line": 313}, "create_shutdown_decorator.decorator": {"executed_lines": [], "summary": {"covered_lines": 0, "num_statements": 3, "percent_covered": 0.0, "percent_covered_display": "0", "missing_lines": 3, "excluded_lines": 0, "percent_statements_covered": 0.0, "percent_statements_covered_display": "0"}, "missing_lines": [332, 344, 346], "excluded_lines": [], "start_line": 331}, "create_shutdown_decorator.decorator.wrapper": {"executed_lines": [], "summary": {"covered_lines": 0, "num_statements": 8, "percent_covered": 0.0, "percent_covered_display": "0", "missing_lines": 8, "excluded_lines": 0, "percent_statements_covered": 0.0, "percent_statements_covered_display": "0"}, "missing_lines": [333, 334, 335, 337, 338, 339, 340, 341], "excluded_lines": [], "start_line": 332}, "run_with_shutdown": {"executed_lines": [], "summary": {"covered_lines": 0, "num_statements": 7, "percent_covered": 0.0, "percent_covered_display": "0", "missing_lines": 7, "excluded_lines": 0, "percent_statements_covered": 0.0, "percent_statements_covered_display": "0"}, "missing_lines": [375, 377, 378, 379, 380, 381, 385], "excluded_lines": [], "start_line": 353}, "install_signal_handler": {"executed_lines": [], "summary": {"covered_lines": 0, "num_statements": 5, "percent_covered": 0.0, "percent_covered_display": "0", "missing_lines": 5, "excluded_lines": 0, "percent_statements_covered": 0.0, "percent_statements_covered_display": "0"}, "missing_lines": [404, 406, 410, 411, 413], "excluded_lines": [], "start_line": 388}, "install_signal_handler.handler": {"executed_lines": [], "summary": {"covered_lines": 0, "num_statements": 2, "percent_covered": 0.0, "percent_covered_display": "0", "missing_lines": 2, "excluded_lines": 0, "percent_statements_covered": 0.0, "percent_statements_covered_display": "0"}, "missing_lines": [407, 408], "excluded_lines": [], "start_line": 406}, "": {"executed_lines": [8, 9, 10, 11, 13, 14, 15, 18, 21, 47, 51, 63, 74, 85, 112, 116, 120, 148, 160, 161, 207, 224, 228, 267, 297, 313, 353, 388], "summary": {"covered_lines": 28, "num_statements": 28, "percent_covered": 100.0, "percent_covered_display": "100", "missing_lines": 0, "excluded_lines": 0, "percent_statements_covered": 100.0, "percent_statements_covered_display": "100"}, "missing_lines": [], "excluded_lines": [], "start_line": 1}}, "classes": {"StandaloneShutdown": {"executed_lines": [], "summary": {"covered_lines": 0, "num_statements": 24, "percent_covered": 0.0, "percent_covered_display": "0", "missing_lines": 24, "excluded_lines": 0, "percent_statements_covered": 0.0, "percent_statements_covered_display": "0"}, "missing_lines": [48, 49, 58, 59, 61, 65, 72, 76, 83, 103, 110, 114, 118, 134, 135, 138, 139, 140, 143, 145, 146, 155, 156, 157], "excluded_lines": [], "start_line": 21}, "BackgroundTaskManager": {"executed_lines": [], "summary": {"covered_lines": 0, "num_statements": 43, "percent_covered": 0.0, "percent_covered_display": "0", "missing_lines": 43, "excluded_lines": 0, "percent_statements_covered": 0.0, "percent_statements_covered_display": "0"}, "missing_lines": [225, 226, 242, 243, 244, 245, 247, 248, 249, 250, 251, 252, 253, 254, 255, 256, 257, 258, 259, 260, 262, 263, 265, 278, 279, 280, 281, 283, 284, 286, 288, 289, 290, 291, 292, 293, 294, 295, 304, 306, 307, 309, 310], "excluded_lines": [], "start_line": 207}, "": {"executed_lines": [8, 9, 10, 11, 13, 14, 15, 18, 21, 47, 51, 63, 74, 85, 112, 116, 120, 148, 160, 161, 207, 224, 228, 267, 297, 313, 353, 388], "summary": {"covered_lines": 28, "num_statements": 72, "percent_covered": 38.888888888888886, "percent_covered_display": "39", "missing_lines": 44, "excluded_lines": 0, "percent_statements_covered": 38.888888888888886, "percent_statements_covered_display": "39"}, "missing_lines": [182, 183, 184, 186, 187, 188, 191, 192, 194, 195, 196, 197, 199, 200, 202, 204, 329, 331, 332, 333, 334, 335, 337, 338, 339, 340, 341, 344, 346, 348, 375, 377, 378, 379, 380, 381, 385, 404, 406, 407, 408, 410, 411, 413], "excluded_lines": [], "start_line": 1}}}, "src/infrastructure/usage/__init__.py": {"executed_lines": [8, 13], "summary": {"covered_lines": 2, "num_statements": 2, "percent_covered": 100.0, "percent_covered_display": "100", "missing_lines": 0, "excluded_lines": 0, "percent_statements_covered": 100.0, "percent_statements_covered_display": "100"}, "missing_lines": [], "excluded_lines": [], "functions": {"": {"executed_lines": [8, 13], "summary": {"covered_lines": 2, "num_statements": 2, "percent_covered": 100.0, "percent_covered_display": "100", "missing_lines": 0, "excluded_lines": 0, "percent_statements_covered": 100.0, "percent_statements_covered_display": "100"}, "missing_lines": [], "excluded_lines": [], "start_line": 1}}, "classes": {"": {"executed_lines": [8, 13], "summary": {"covered_lines": 2, "num_statements": 2, "percent_covered": 100.0, "percent_covered_display": "100", "missing_lines": 0, "excluded_lines": 0, "percent_statements_covered": 100.0, "percent_statements_covered_display": "100"}, "missing_lines": [], "excluded_lines": [], "start_line": 1}}}, "src/infrastructure/usage/usage_tracker.py": {"executed_lines": [8, 9, 10, 11, 13, 23, 26, 29, 34, 69, 100, 148, 187, 227, 265, 276, 305, 317, 330, 333], "summary": {"covered_lines": 20, "num_statements": 106, "percent_covered": 18.867924528301888, "percent_covered_display": "19", "missing_lines": 86, "excluded_lines": 0, "percent_statements_covered": 18.867924528301888, "percent_statements_covered_display": "19"}, "missing_lines": [31, 32, 55, 64, 65, 67, 88, 91, 92, 93, 94, 95, 96, 98, 117, 119, 126, 134, 135, 136, 137, 138, 139, 140, 141, 142, 143, 144, 146, 163, 166, 169, 172, 175, 178, 182, 183, 185, 204, 205, 207, 208, 211, 212, 213, 214, 216, 242, 243, 244, 247, 248, 249, 253, 267, 274, 278, 280, 281, 282, 283, 284, 285, 286, 287, 288, 289, 290, 292, 293, 294, 295, 297, 298, 299, 301, 303, 312, 313, 314, 315, 319, 326, 336, 337, 338], "excluded_lines": [], "functions": {"UsageTracker.__init__": {"executed_lines": [], "summary": {"covered_lines": 0, "num_statements": 2, "percent_covered": 0.0, "percent_covered_display": "0", "missing_lines": 2, "excluded_lines": 0, "percent_statements_covered": 0.0, "percent_statements_covered_display": "0"}, "missing_lines": [31, 32], "excluded_lines": [], "start_line": 29}, "UsageTracker.track_usage": {"executed_lines": [], "summary": {"covered_lines": 0, "num_statements": 4, "percent_covered": 0.0, "percent_covered_display": "0", "missing_lines": 4, "excluded_lines": 0, "percent_statements_covered": 0.0, "percent_statements_covered_display": "0"}, "missing_lines": [55, 64, 65, 67], "excluded_lines": [], "start_line": 34}, "UsageTracker.get_usage": {"executed_lines": [], "summary": {"covered_lines": 0, "num_statements": 8, "percent_covered": 0.0, "percent_covered_display": "0", "missing_lines": 8, "excluded_lines": 0, "percent_statements_covered": 0.0, "percent_statements_covered_display": "0"}, "missing_lines": [88, 91, 92, 93, 94, 95, 96, 98], "excluded_lines": [], "start_line": 69}, "UsageTracker.get_usage_summary": {"executed_lines": [], "summary": {"covered_lines": 0, "num_statements": 15, "percent_covered": 0.0, "percent_covered_display": "0", "missing_lines": 15, "excluded_lines": 0, "percent_statements_covered": 0.0, "percent_statements_covered_display": "0"}, "missing_lines": [117, 119, 126, 134, 135, 136, 137, 138, 139, 140, 141, 142, 143, 144, 146], "excluded_lines": [], "start_line": 100}, "UsageTracker.calculate_costs": {"executed_lines": [], "summary": {"covered_lines": 0, "num_statements": 9, "percent_covered": 0.0, "percent_covered_display": "0", "missing_lines": 9, "excluded_lines": 0, "percent_statements_covered": 0.0, "percent_statements_covered_display": "0"}, "missing_lines": [163, 166, 169, 172, 175, 178, 182, 183, 185], "excluded_lines": [], "start_line": 148}, "UsageTracker.check_usage_limit": {"executed_lines": [], "summary": {"covered_lines": 0, "num_statements": 9, "percent_covered": 0.0, "percent_covered_display": "0", "missing_lines": 9, "excluded_lines": 0, "percent_statements_covered": 0.0, "percent_statements_covered_display": "0"}, "missing_lines": [204, 205, 207, 208, 211, 212, 213, 214, 216], "excluded_lines": [], "start_line": 187}, "UsageTracker.get_usage_report": {"executed_lines": [], "summary": {"covered_lines": 0, "num_statements": 7, "percent_covered": 0.0, "percent_covered_display": "0", "missing_lines": 7, "excluded_lines": 0, "percent_statements_covered": 0.0, "percent_statements_covered_display": "0"}, "missing_lines": [242, 243, 244, 247, 248, 249, 253], "excluded_lines": [], "start_line": 227}, "UsageTracker._get_unit": {"executed_lines": [], "summary": {"covered_lines": 0, "num_statements": 2, "percent_covered": 0.0, "percent_covered_display": "0", "missing_lines": 2, "excluded_lines": 0, "percent_statements_covered": 0.0, "percent_statements_covered_display": "0"}, "missing_lines": [267, 274], "excluded_lines": [], "start_line": 265}, "UsageTracker._get_period_dates": {"executed_lines": [], "summary": {"covered_lines": 0, "num_statements": 21, "percent_covered": 0.0, "percent_covered_display": "0", "missing_lines": 21, "excluded_lines": 0, "percent_statements_covered": 0.0, "percent_statements_covered_display": "0"}, "missing_lines": [278, 280, 281, 282, 283, 284, 285, 286, 287, 288, 289, 290, 292, 293, 294, 295, 297, 298, 299, 301, 303], "excluded_lines": [], "start_line": 276}, "UsageTracker._calculate_overage_cost": {"executed_lines": [], "summary": {"covered_lines": 0, "num_statements": 4, "percent_covered": 0.0, "percent_covered_display": "0", "missing_lines": 4, "excluded_lines": 0, "percent_statements_covered": 0.0, "percent_statements_covered_display": "0"}, "missing_lines": [312, 313, 314, 315], "excluded_lines": [], "start_line": 305}, "UsageTracker._get_current_usage": {"executed_lines": [], "summary": {"covered_lines": 0, "num_statements": 2, "percent_covered": 0.0, "percent_covered_display": "0", "missing_lines": 2, "excluded_lines": 0, "percent_statements_covered": 0.0, "percent_statements_covered_display": "0"}, "missing_lines": [319, 326], "excluded_lines": [], "start_line": 317}, "get_usage_tracker": {"executed_lines": [], "summary": {"covered_lines": 0, "num_statements": 3, "percent_covered": 0.0, "percent_covered_display": "0", "missing_lines": 3, "excluded_lines": 0, "percent_statements_covered": 0.0, "percent_statements_covered_display": "0"}, "missing_lines": [336, 337, 338], "excluded_lines": [], "start_line": 333}, "": {"executed_lines": [8, 9, 10, 11, 13, 23, 26, 29, 34, 69, 100, 148, 187, 227, 265, 276, 305, 317, 330, 333], "summary": {"covered_lines": 20, "num_statements": 20, "percent_covered": 100.0, "percent_covered_display": "100", "missing_lines": 0, "excluded_lines": 0, "percent_statements_covered": 100.0, "percent_statements_covered_display": "100"}, "missing_lines": [], "excluded_lines": [], "start_line": 1}}, "classes": {"UsageTracker": {"executed_lines": [], "summary": {"covered_lines": 0, "num_statements": 83, "percent_covered": 0.0, "percent_covered_display": "0", "missing_lines": 83, "excluded_lines": 0, "percent_statements_covered": 0.0, "percent_statements_covered_display": "0"}, "missing_lines": [31, 32, 55, 64, 65, 67, 88, 91, 92, 93, 94, 95, 96, 98, 117, 119, 126, 134, 135, 136, 137, 138, 139, 140, 141, 142, 143, 144, 146, 163, 166, 169, 172, 175, 178, 182, 183, 185, 204, 205, 207, 208, 211, 212, 213, 214, 216, 242, 243, 244, 247, 248, 249, 253, 267, 274, 278, 280, 281, 282, 283, 284, 285, 286, 287, 288, 289, 290, 292, 293, 294, 295, 297, 298, 299, 301, 303, 312, 313, 314, 315, 319, 326], "excluded_lines": [], "start_line": 26}, "": {"executed_lines": [8, 9, 10, 11, 13, 23, 26, 29, 34, 69, 100, 148, 187, 227, 265, 276, 305, 317, 330, 333], "summary": {"covered_lines": 20, "num_statements": 23, "percent_covered": 86.95652173913044, "percent_covered_display": "87", "missing_lines": 3, "excluded_lines": 0, "percent_statements_covered": 86.95652173913044, "percent_statements_covered_display": "87"}, "missing_lines": [336, 337, 338], "excluded_lines": [], "start_line": 1}}}}, "totals": {"covered_lines": 2187, "num_statements": 6302, "percent_covered": 34.70326880355443, "percent_covered_display": "35", "missing_lines": 4115, "excluded_lines": 62, "percent_statements_covered": 34.70326880355443, "percent_statements_covered_display": "35"}}