{"meta": {"format": 3, "version": "7.13.4", "timestamp": "2026-03-04T23:13:50.034947", "branch_coverage": false, "show_contexts": false}, "files": {"__init__.py": {"executed_lines": [], "summary": {"covered_lines": 0, "num_statements": 0, "percent_covered": 100.0, "percent_covered_display": "100", "missing_lines": 0, "excluded_lines": 0, "percent_statements_covered": 100.0, "percent_statements_covered_display": "100"}, "missing_lines": [], "excluded_lines": [], "functions": {"": {"executed_lines": [], "summary": {"covered_lines": 0, "num_statements": 0, "percent_covered": 100.0, "percent_covered_display": "100", "missing_lines": 0, "excluded_lines": 0, "percent_statements_covered": 100.0, "percent_statements_covered_display": "100"}, "missing_lines": [], "excluded_lines": [], "start_line": 1}}, "classes": {"": {"executed_lines": [], "summary": {"covered_lines": 0, "num_statements": 0, "percent_covered": 100.0, "percent_covered_display": "100", "missing_lines": 0, "excluded_lines": 0, "percent_statements_covered": 100.0, "percent_statements_covered_display": "100"}, "missing_lines": [], "excluded_lines": [], "start_line": 1}}}, "config.py": {"executed_lines": [1, 2, 3, 4, 5, 8, 16, 19, 22, 23, 24, 27, 28, 29, 32, 35, 38, 39, 42, 44, 46, 47, 48, 49, 51, 53, 54, 59, 60, 65, 66, 72, 74, 89, 90, 94, 95, 99, 100, 102, 106, 107, 108, 109, 112, 113, 115, 119], "summary": {"covered_lines": 48, "num_statements": 61, "percent_covered": 78.68852459016394, "percent_covered_display": "79", "missing_lines": 13, "excluded_lines": 0, "percent_statements_covered": 78.68852459016394, "percent_statements_covered_display": "79"}, "missing_lines": [67, 75, 77, 78, 80, 81, 83, 84, 86, 87, 92, 97, 103], "excluded_lines": [], "functions": {"Settings.__init__": {"executed_lines": [47, 48, 49], "summary": {"covered_lines": 3, "num_statements": 3, "percent_covered": 100.0, "percent_covered_display": "100", "missing_lines": 0, "excluded_lines": 0, "percent_statements_covered": 100.0, "percent_statements_covered_display": "100"}, "missing_lines": [], "excluded_lines": [], "start_line": 46}, "Settings._validate_production_config": {"executed_lines": [53, 54, 59, 60, 65, 66], "summary": {"covered_lines": 6, "num_statements": 7, "percent_covered": 85.71428571428571, "percent_covered_display": "86", "missing_lines": 1, "excluded_lines": 0, "percent_statements_covered": 85.71428571428571, "percent_statements_covered_display": "86"}, "missing_lines": [67], "excluded_lines": [], "start_line": 51}, "Settings._warn_insecure_defaults": {"executed_lines": [74], "summary": {"covered_lines": 1, "num_statements": 10, "percent_covered": 10.0, "percent_covered_display": "10", "missing_lines": 9, "excluded_lines": 0, "percent_statements_covered": 10.0, "percent_statements_covered_display": "10"}, "missing_lines": [75, 77, 78, 80, 81, 83, 84, 86, 87], "excluded_lines": [], "start_line": 72}, "Settings.is_production": {"executed_lines": [], "summary": {"covered_lines": 0, "num_statements": 1, "percent_covered": 0.0, "percent_covered_display": "0", "missing_lines": 1, "excluded_lines": 0, "percent_statements_covered": 0.0, "percent_statements_covered_display": "0"}, "missing_lines": [92], "excluded_lines": [], "start_line": 90}, "Settings.is_development": {"executed_lines": [], "summary": {"covered_lines": 0, "num_statements": 1, "percent_covered": 0.0, "percent_covered_display": "0", "missing_lines": 1, "excluded_lines": 0, "percent_statements_covered": 0.0, "percent_statements_covered_display": "0"}, "missing_lines": [97], "excluded_lines": [], "start_line": 95}, "Settings.async_database_url": {"executed_lines": [102, 106, 107, 108, 109], "summary": {"covered_lines": 5, "num_statements": 6, "percent_covered": 83.33333333333333, "percent_covered_display": "83", "missing_lines": 1, "excluded_lines": 0, "percent_statements_covered": 83.33333333333333, "percent_statements_covered_display": "83"}, "missing_lines": [103], "excluded_lines": [], "start_line": 100}, "get_settings": {"executed_lines": [115], "summary": {"covered_lines": 1, "num_statements": 1, "percent_covered": 100.0, "percent_covered_display": "100", "missing_lines": 0, "excluded_lines": 0, "percent_statements_covered": 100.0, "percent_statements_covered_display": "100"}, "missing_lines": [], "excluded_lines": [], "start_line": 113}, "": {"executed_lines": [1, 2, 3, 4, 5, 8, 16, 19, 22, 23, 24, 27, 28, 29, 32, 35, 38, 39, 42, 44, 46, 51, 72, 89, 90, 94, 95, 99, 100, 112, 113, 119], "summary": {"covered_lines": 32, "num_statements": 32, "percent_covered": 100.0, "percent_covered_display": "100", "missing_lines": 0, "excluded_lines": 0, "percent_statements_covered": 100.0, "percent_statements_covered_display": "100"}, "missing_lines": [], "excluded_lines": [], "start_line": 1}}, "classes": {"Settings": {"executed_lines": [47, 48, 49, 53, 54, 59, 60, 65, 66, 74, 102, 106, 107, 108, 109], "summary": {"covered_lines": 15, "num_statements": 28, "percent_covered": 53.57142857142857, "percent_covered_display": "54", "missing_lines": 13, "excluded_lines": 0, "percent_statements_covered": 53.57142857142857, "percent_statements_covered_display": "54"}, "missing_lines": [67, 75, 77, 78, 80, 81, 83, 84, 86, 87, 92, 97, 103], "excluded_lines": [], "start_line": 8}, "": {"executed_lines": [1, 2, 3, 4, 5, 8, 16, 19, 22, 23, 24, 27, 28, 29, 32, 35, 38, 39, 42, 44, 46, 51, 72, 89, 90, 94, 95, 99, 100, 112, 113, 115, 119], "summary": {"covered_lines": 33, "num_statements": 33, "percent_covered": 100.0, "percent_covered_display": "100", "missing_lines": 0, "excluded_lines": 0, "percent_statements_covered": 100.0, "percent_statements_covered_display": "100"}, "missing_lines": [], "excluded_lines": [], "start_line": 1}}}, "core/__init__.py": {"executed_lines": [4, 6], "summary": {"covered_lines": 2, "num_statements": 2, "percent_covered": 100.0, "percent_covered_display": "100", "missing_lines": 0, "excluded_lines": 0, "percent_statements_covered": 100.0, "percent_statements_covered_display": "100"}, "missing_lines": [], "excluded_lines": [], "functions": {"": {"executed_lines": [4, 6], "summary": {"covered_lines": 2, "num_statements": 2, "percent_covered": 100.0, "percent_covered_display": "100", "missing_lines": 0, "excluded_lines": 0, "percent_statements_covered": 100.0, "percent_statements_covered_display": "100"}, "missing_lines": [], "excluded_lines": [], "start_line": 1}}, "classes": {"": {"executed_lines": [4, 6], "summary": {"covered_lines": 2, "num_statements": 2, "percent_covered": 100.0, "percent_covered_display": "100", "missing_lines": 0, "excluded_lines": 0, "percent_statements_covered": 100.0, "percent_statements_covered_display": "100"}, "missing_lines": [], "excluded_lines": [], "start_line": 1}}}, "core/cache.py": {"executed_lines": [1, 2, 10, 11, 12, 13, 14, 15, 16, 17, 19, 20, 22, 25, 34, 35, 36, 37, 38, 41, 53, 54, 55, 57, 58, 59, 60, 62, 63, 64, 65, 66, 67, 69, 89, 109, 113, 117, 123, 137, 150, 161, 177, 186, 195, 208, 222, 235, 246, 264, 273, 286, 295, 308, 317, 324, 331, 335, 339, 343, 351, 355, 371, 375, 379, 385, 389, 456, 461, 466, 471], "summary": {"covered_lines": 71, "num_statements": 282, "percent_covered": 25.177304964539008, "percent_covered_display": "25", "missing_lines": 211, "excluded_lines": 0, "percent_statements_covered": 25.177304964539008, "percent_statements_covered_display": "25"}, "missing_lines": [71, 72, 73, 82, 83, 84, 85, 86, 87, 91, 92, 93, 102, 103, 104, 105, 106, 107, 111, 115, 119, 125, 126, 127, 128, 129, 130, 131, 132, 133, 134, 135, 139, 140, 141, 142, 143, 144, 145, 146, 147, 148, 152, 153, 154, 155, 156, 157, 158, 159, 163, 164, 165, 166, 167, 168, 169, 170, 171, 172, 173, 174, 175, 179, 180, 181, 182, 183, 184, 188, 189, 190, 191, 192, 193, 197, 198, 199, 200, 201, 202, 203, 204, 210, 211, 212, 213, 214, 215, 216, 217, 218, 219, 220, 224, 225, 226, 227, 228, 229, 230, 231, 232, 233, 237, 238, 239, 240, 241, 242, 243, 244, 248, 249, 250, 251, 252, 253, 256, 257, 258, 259, 262, 266, 267, 268, 269, 270, 271, 275, 276, 277, 278, 279, 280, 281, 282, 288, 289, 292, 293, 299, 300, 301, 302, 305, 306, 310, 311, 314, 315, 319, 320, 321, 322, 326, 327, 333, 337, 341, 347, 348, 349, 353, 363, 364, 365, 366, 367, 368, 369, 373, 377, 381, 403, 404, 405, 407, 408, 410, 412, 413, 414, 417, 418, 419, 422, 423, 424, 426, 427, 429, 430, 432, 433, 434, 435, 438, 439, 440, 443, 444, 445, 448, 449, 450, 452, 458, 463, 468, 473], "excluded_lines": [], "functions": {"CacheManager.__new__": {"executed_lines": [58, 59, 60], "summary": {"covered_lines": 3, "num_statements": 3, "percent_covered": 100.0, "percent_covered_display": "100", "missing_lines": 0, "excluded_lines": 0, "percent_statements_covered": 100.0, "percent_statements_covered_display": "100"}, "missing_lines": [], "excluded_lines": [], "start_line": 57}, "CacheManager.__init__": {"executed_lines": [63, 64, 65, 66, 67], "summary": {"covered_lines": 5, "num_statements": 5, "percent_covered": 100.0, "percent_covered_display": "100", "missing_lines": 0, "excluded_lines": 0, "percent_statements_covered": 100.0, "percent_statements_covered_display": "100"}, "missing_lines": [], "excluded_lines": [], "start_line": 62}, "CacheManager.get_async_client": {"executed_lines": [], "summary": {"covered_lines": 0, "num_statements": 9, "percent_covered": 0.0, "percent_covered_display": "0", "missing_lines": 9, "excluded_lines": 0, "percent_statements_covered": 0.0, "percent_statements_covered_display": "0"}, "missing_lines": [71, 72, 73, 82, 83, 84, 85, 86, 87], "excluded_lines": [], "start_line": 69}, "CacheManager.get_sync_client": {"executed_lines": [], "summary": {"covered_lines": 0, "num_statements": 9, "percent_covered": 0.0, "percent_covered_display": "0", "missing_lines": 9, "excluded_lines": 0, "percent_statements_covered": 0.0, "percent_statements_covered_display": "0"}, "missing_lines": [91, 92, 93, 102, 103, 104, 105, 106, 107], "excluded_lines": [], "start_line": 89}, "CacheManager._serialize": {"executed_lines": [], "summary": {"covered_lines": 0, "num_statements": 1, "percent_covered": 0.0, "percent_covered_display": "0", "missing_lines": 1, "excluded_lines": 0, "percent_statements_covered": 0.0, "percent_statements_covered_display": "0"}, "missing_lines": [111], "excluded_lines": [], "start_line": 109}, "CacheManager._deserialize": {"executed_lines": [], "summary": {"covered_lines": 0, "num_statements": 1, "percent_covered": 0.0, "percent_covered_display": "0", "missing_lines": 1, "excluded_lines": 0, "percent_statements_covered": 0.0, "percent_statements_covered_display": "0"}, "missing_lines": [115], "excluded_lines": [], "start_line": 113}, "CacheManager._build_key": {"executed_lines": [], "summary": {"covered_lines": 0, "num_statements": 1, "percent_covered": 0.0, "percent_covered_display": "0", "missing_lines": 1, "excluded_lines": 0, "percent_statements_covered": 0.0, "percent_statements_covered_display": "0"}, "missing_lines": [119], "excluded_lines": [], "start_line": 117}, "CacheManager.async_get": {"executed_lines": [], "summary": {"covered_lines": 0, "num_statements": 11, "percent_covered": 0.0, "percent_covered_display": "0", "missing_lines": 11, "excluded_lines": 0, "percent_statements_covered": 0.0, "percent_statements_covered_display": "0"}, "missing_lines": [125, 126, 127, 128, 129, 130, 131, 132, 133, 134, 135], "excluded_lines": [], "start_line": 123}, "CacheManager.async_set": {"executed_lines": [], "summary": {"covered_lines": 0, "num_statements": 10, "percent_covered": 0.0, "percent_covered_display": "0", "missing_lines": 10, "excluded_lines": 0, "percent_statements_covered": 0.0, "percent_statements_covered_display": "0"}, "missing_lines": [139, 140, 141, 142, 143, 144, 145, 146, 147, 148], "excluded_lines": [], "start_line": 137}, "CacheManager.async_delete": {"executed_lines": [], "summary": {"covered_lines": 0, "num_statements": 8, "percent_covered": 0.0, "percent_covered_display": "0", "missing_lines": 8, "excluded_lines": 0, "percent_statements_covered": 0.0, "percent_statements_covered_display": "0"}, "missing_lines": [152, 153, 154, 155, 156, 157, 158, 159], "excluded_lines": [], "start_line": 150}, "CacheManager.async_delete_pattern": {"executed_lines": [], "summary": {"covered_lines": 0, "num_statements": 13, "percent_covered": 0.0, "percent_covered_display": "0", "missing_lines": 13, "excluded_lines": 0, "percent_statements_covered": 0.0, "percent_statements_covered_display": "0"}, "missing_lines": [163, 164, 165, 166, 167, 168, 169, 170, 171, 172, 173, 174, 175], "excluded_lines": [], "start_line": 161}, "CacheManager.async_exists": {"executed_lines": [], "summary": {"covered_lines": 0, "num_statements": 6, "percent_covered": 0.0, "percent_covered_display": "0", "missing_lines": 6, "excluded_lines": 0, "percent_statements_covered": 0.0, "percent_statements_covered_display": "0"}, "missing_lines": [179, 180, 181, 182, 183, 184], "excluded_lines": [], "start_line": 177}, "CacheManager.async_ttl": {"executed_lines": [], "summary": {"covered_lines": 0, "num_statements": 6, "percent_covered": 0.0, "percent_covered_display": "0", "missing_lines": 6, "excluded_lines": 0, "percent_statements_covered": 0.0, "percent_statements_covered_display": "0"}, "missing_lines": [188, 189, 190, 191, 192, 193], "excluded_lines": [], "start_line": 186}, "CacheManager.async_clear": {"executed_lines": [], "summary": {"covered_lines": 0, "num_statements": 8, "percent_covered": 0.0, "percent_covered_display": "0", "missing_lines": 8, "excluded_lines": 0, "percent_statements_covered": 0.0, "percent_statements_covered_display": "0"}, "missing_lines": [197, 198, 199, 200, 201, 202, 203, 204], "excluded_lines": [], "start_line": 195}, "CacheManager.sync_get": {"executed_lines": [], "summary": {"covered_lines": 0, "num_statements": 11, "percent_covered": 0.0, "percent_covered_display": "0", "missing_lines": 11, "excluded_lines": 0, "percent_statements_covered": 0.0, "percent_statements_covered_display": "0"}, "missing_lines": [210, 211, 212, 213, 214, 215, 216, 217, 218, 219, 220], "excluded_lines": [], "start_line": 208}, "CacheManager.sync_set": {"executed_lines": [], "summary": {"covered_lines": 0, "num_statements": 10, "percent_covered": 0.0, "percent_covered_display": "0", "missing_lines": 10, "excluded_lines": 0, "percent_statements_covered": 0.0, "percent_statements_covered_display": "0"}, "missing_lines": [224, 225, 226, 227, 228, 229, 230, 231, 232, 233], "excluded_lines": [], "start_line": 222}, "CacheManager.sync_delete": {"executed_lines": [], "summary": {"covered_lines": 0, "num_statements": 8, "percent_covered": 0.0, "percent_covered_display": "0", "missing_lines": 8, "excluded_lines": 0, "percent_statements_covered": 0.0, "percent_statements_covered_display": "0"}, "missing_lines": [237, 238, 239, 240, 241, 242, 243, 244], "excluded_lines": [], "start_line": 235}, "CacheManager.sync_delete_pattern": {"executed_lines": [], "summary": {"covered_lines": 0, "num_statements": 11, "percent_covered": 0.0, "percent_covered_display": "0", "missing_lines": 11, "excluded_lines": 0, "percent_statements_covered": 0.0, "percent_statements_covered_display": "0"}, "missing_lines": [248, 249, 250, 251, 252, 253, 256, 257, 258, 259, 262], "excluded_lines": [], "start_line": 246}, "CacheManager.sync_exists": {"executed_lines": [], "summary": {"covered_lines": 0, "num_statements": 6, "percent_covered": 0.0, "percent_covered_display": "0", "missing_lines": 6, "excluded_lines": 0, "percent_statements_covered": 0.0, "percent_statements_covered_display": "0"}, "missing_lines": [266, 267, 268, 269, 270, 271], "excluded_lines": [], "start_line": 264}, "CacheManager.sync_clear": {"executed_lines": [], "summary": {"covered_lines": 0, "num_statements": 8, "percent_covered": 0.0, "percent_covered_display": "0", "missing_lines": 8, "excluded_lines": 0, "percent_statements_covered": 0.0, "percent_statements_covered_display": "0"}, "missing_lines": [275, 276, 277, 278, 279, 280, 281, 282], "excluded_lines": [], "start_line": 273}, "CacheManager.invalidate_suite_cache": {"executed_lines": [], "summary": {"covered_lines": 0, "num_statements": 4, "percent_covered": 0.0, "percent_covered_display": "0", "missing_lines": 4, "excluded_lines": 0, "percent_statements_covered": 0.0, "percent_statements_covered_display": "0"}, "missing_lines": [288, 289, 292, 293], "excluded_lines": [], "start_line": 286}, "CacheManager.invalidate_case_cache": {"executed_lines": [], "summary": {"covered_lines": 0, "num_statements": 6, "percent_covered": 0.0, "percent_covered_display": "0", "missing_lines": 6, "excluded_lines": 0, "percent_statements_covered": 0.0, "percent_statements_covered_display": "0"}, "missing_lines": [299, 300, 301, 302, 305, 306], "excluded_lines": [], "start_line": 295}, "CacheManager.invalidate_execution_cache": {"executed_lines": [], "summary": {"covered_lines": 0, "num_statements": 4, "percent_covered": 0.0, "percent_covered_display": "0", "missing_lines": 4, "excluded_lines": 0, "percent_statements_covered": 0.0, "percent_statements_covered_display": "0"}, "missing_lines": [310, 311, 314, 315], "excluded_lines": [], "start_line": 308}, "CacheManager.invalidate_dashboard_cache": {"executed_lines": [], "summary": {"covered_lines": 0, "num_statements": 4, "percent_covered": 0.0, "percent_covered_display": "0", "missing_lines": 4, "excluded_lines": 0, "percent_statements_covered": 0.0, "percent_statements_covered_display": "0"}, "missing_lines": [319, 320, 321, 322], "excluded_lines": [], "start_line": 317}, "CacheManager.invalidate_all_cache": {"executed_lines": [], "summary": {"covered_lines": 0, "num_statements": 2, "percent_covered": 0.0, "percent_covered_display": "0", "missing_lines": 2, "excluded_lines": 0, "percent_statements_covered": 0.0, "percent_statements_covered_display": "0"}, "missing_lines": [326, 327], "excluded_lines": [], "start_line": 324}, "CacheManager.get_suite_key": {"executed_lines": [], "summary": {"covered_lines": 0, "num_statements": 1, "percent_covered": 0.0, "percent_covered_display": "0", "missing_lines": 1, "excluded_lines": 0, "percent_statements_covered": 0.0, "percent_statements_covered_display": "0"}, "missing_lines": [333], "excluded_lines": [], "start_line": 331}, "CacheManager.get_suite_list_key": {"executed_lines": [], "summary": {"covered_lines": 0, "num_statements": 1, "percent_covered": 0.0, "percent_covered_display": "0", "missing_lines": 1, "excluded_lines": 0, "percent_statements_covered": 0.0, "percent_statements_covered_display": "0"}, "missing_lines": [337], "excluded_lines": [], "start_line": 335}, "CacheManager.get_case_key": {"executed_lines": [], "summary": {"covered_lines": 0, "num_statements": 1, "percent_covered": 0.0, "percent_covered_display": "0", "missing_lines": 1, "excluded_lines": 0, "percent_statements_covered": 0.0, "percent_statements_covered_display": "0"}, "missing_lines": [341], "excluded_lines": [], "start_line": 339}, "CacheManager.get_case_list_key": {"executed_lines": [], "summary": {"covered_lines": 0, "num_statements": 3, "percent_covered": 0.0, "percent_covered_display": "0", "missing_lines": 3, "excluded_lines": 0, "percent_statements_covered": 0.0, "percent_statements_covered_display": "0"}, "missing_lines": [347, 348, 349], "excluded_lines": [], "start_line": 343}, "CacheManager.get_execution_key": {"executed_lines": [], "summary": {"covered_lines": 0, "num_statements": 1, "percent_covered": 0.0, "percent_covered_display": "0", "missing_lines": 1, "excluded_lines": 0, "percent_statements_covered": 0.0, "percent_statements_covered_display": "0"}, "missing_lines": [353], "excluded_lines": [], "start_line": 351}, "CacheManager.get_execution_list_key": {"executed_lines": [], "summary": {"covered_lines": 0, "num_statements": 7, "percent_covered": 0.0, "percent_covered_display": "0", "missing_lines": 7, "excluded_lines": 0, "percent_statements_covered": 0.0, "percent_statements_covered_display": "0"}, "missing_lines": [363, 364, 365, 366, 367, 368, 369], "excluded_lines": [], "start_line": 355}, "CacheManager.get_dashboard_stats_key": {"executed_lines": [], "summary": {"covered_lines": 0, "num_statements": 1, "percent_covered": 0.0, "percent_covered_display": "0", "missing_lines": 1, "excluded_lines": 0, "percent_statements_covered": 0.0, "percent_statements_covered_display": "0"}, "missing_lines": [373], "excluded_lines": [], "start_line": 371}, "CacheManager.get_dashboard_trends_key": {"executed_lines": [], "summary": {"covered_lines": 0, "num_statements": 1, "percent_covered": 0.0, "percent_covered_display": "0", "missing_lines": 1, "excluded_lines": 0, "percent_statements_covered": 0.0, "percent_statements_covered_display": "0"}, "missing_lines": [377], "excluded_lines": [], "start_line": 375}, "CacheManager.get_dashboard_recent_key": {"executed_lines": [], "summary": {"covered_lines": 0, "num_statements": 1, "percent_covered": 0.0, "percent_covered_display": "0", "missing_lines": 1, "excluded_lines": 0, "percent_statements_covered": 0.0, "percent_statements_covered_display": "0"}, "missing_lines": [381], "excluded_lines": [], "start_line": 379}, "cached": {"executed_lines": [], "summary": {"covered_lines": 0, "num_statements": 3, "percent_covered": 0.0, "percent_covered_display": "0", "missing_lines": 3, "excluded_lines": 0, "percent_statements_covered": 0.0, "percent_statements_covered_display": "0"}, "missing_lines": [403, 404, 452], "excluded_lines": [], "start_line": 389}, "cached.decorator": {"executed_lines": [], "summary": {"covered_lines": 0, "num_statements": 6, "percent_covered": 0.0, "percent_covered_display": "0", "missing_lines": 6, "excluded_lines": 0, "percent_statements_covered": 0.0, "percent_statements_covered_display": "0"}, "missing_lines": [405, 426, 427, 448, 449, 450], "excluded_lines": [], "start_line": 403}, "cached.decorator.async_wrapper": {"executed_lines": [], "summary": {"covered_lines": 0, "num_statements": 12, "percent_covered": 0.0, "percent_covered_display": "0", "missing_lines": 12, "excluded_lines": 0, "percent_statements_covered": 0.0, "percent_statements_covered_display": "0"}, "missing_lines": [407, 408, 410, 412, 413, 414, 417, 418, 419, 422, 423, 424], "excluded_lines": [], "start_line": 405}, "cached.decorator.sync_wrapper": {"executed_lines": [], "summary": {"covered_lines": 0, "num_statements": 12, "percent_covered": 0.0, "percent_covered_display": "0", "missing_lines": 12, "excluded_lines": 0, "percent_statements_covered": 0.0, "percent_statements_covered_display": "0"}, "missing_lines": [429, 430, 432, 433, 434, 435, 438, 439, 440, 443, 444, 445], "excluded_lines": [], "start_line": 427}, "cache_get": {"executed_lines": [], "summary": {"covered_lines": 0, "num_statements": 1, "percent_covered": 0.0, "percent_covered_display": "0", "missing_lines": 1, "excluded_lines": 0, "percent_statements_covered": 0.0, "percent_statements_covered_display": "0"}, "missing_lines": [458], "excluded_lines": [], "start_line": 456}, "cache_set": {"executed_lines": [], "summary": {"covered_lines": 0, "num_statements": 1, "percent_covered": 0.0, "percent_covered_display": "0", "missing_lines": 1, "excluded_lines": 0, "percent_statements_covered": 0.0, "percent_statements_covered_display": "0"}, "missing_lines": [463], "excluded_lines": [], "start_line": 461}, "cache_delete": {"executed_lines": [], "summary": {"covered_lines": 0, "num_statements": 1, "percent_covered": 0.0, "percent_covered_display": "0", "missing_lines": 1, "excluded_lines": 0, "percent_statements_covered": 0.0, "percent_statements_covered_display": "0"}, "missing_lines": [468], "excluded_lines": [], "start_line": 466}, "cache_delete_pattern": {"executed_lines": [], "summary": {"covered_lines": 0, "num_statements": 1, "percent_covered": 0.0, "percent_covered_display": "0", "missing_lines": 1, "excluded_lines": 0, "percent_statements_covered": 0.0, "percent_statements_covered_display": "0"}, "missing_lines": [473], "excluded_lines": [], "start_line": 471}, "": {"executed_lines": [1, 2, 10, 11, 12, 13, 14, 15, 16, 17, 19, 20, 22, 25, 34, 35, 36, 37, 38, 41, 53, 54, 55, 57, 62, 69, 89, 109, 113, 117, 123, 137, 150, 161, 177, 186, 195, 208, 222, 235, 246, 264, 273, 286, 295, 308, 317, 324, 331, 335, 339, 343, 351, 355, 371, 375, 379, 385, 389, 456, 461, 466, 471], "summary": {"covered_lines": 63, "num_statements": 63, "percent_covered": 100.0, "percent_covered_display": "100", "missing_lines": 0, "excluded_lines": 0, "percent_statements_covered": 100.0, "percent_statements_covered_display": "100"}, "missing_lines": [], "excluded_lines": [], "start_line": 1}}, "classes": {"CacheManager": {"executed_lines": [58, 59, 60, 63, 64, 65, 66, 67], "summary": {"covered_lines": 8, "num_statements": 182, "percent_covered": 4.395604395604396, "percent_covered_display": "4", "missing_lines": 174, "excluded_lines": 0, "percent_statements_covered": 4.395604395604396, "percent_statements_covered_display": "4"}, "missing_lines": [71, 72, 73, 82, 83, 84, 85, 86, 87, 91, 92, 93, 102, 103, 104, 105, 106, 107, 111, 115, 119, 125, 126, 127, 128, 129, 130, 131, 132, 133, 134, 135, 139, 140, 141, 142, 143, 144, 145, 146, 147, 148, 152, 153, 154, 155, 156, 157, 158, 159, 163, 164, 165, 166, 167, 168, 169, 170, 171, 172, 173, 174, 175, 179, 180, 181, 182, 183, 184, 188, 189, 190, 191, 192, 193, 197, 198, 199, 200, 201, 202, 203, 204, 210, 211, 212, 213, 214, 215, 216, 217, 218, 219, 220, 224, 225, 226, 227, 228, 229, 230, 231, 232, 233, 237, 238, 239, 240, 241, 242, 243, 244, 248, 249, 250, 251, 252, 253, 256, 257, 258, 259, 262, 266, 267, 268, 269, 270, 271, 275, 276, 277, 278, 279, 280, 281, 282, 288, 289, 292, 293, 299, 300, 301, 302, 305, 306, 310, 311, 314, 315, 319, 320, 321, 322, 326, 327, 333, 337, 341, 347, 348, 349, 353, 363, 364, 365, 366, 367, 368, 369, 373, 377, 381], "excluded_lines": [], "start_line": 25}, "": {"executed_lines": [1, 2, 10, 11, 12, 13, 14, 15, 16, 17, 19, 20, 22, 25, 34, 35, 36, 37, 38, 41, 53, 54, 55, 57, 62, 69, 89, 109, 113, 117, 123, 137, 150, 161, 177, 186, 195, 208, 222, 235, 246, 264, 273, 286, 295, 308, 317, 324, 331, 335, 339, 343, 351, 355, 371, 375, 379, 385, 389, 456, 461, 466, 471], "summary": {"covered_lines": 63, "num_statements": 100, "percent_covered": 63.0, "percent_covered_display": "63", "missing_lines": 37, "excluded_lines": 0, "percent_statements_covered": 63.0, "percent_statements_covered_display": "63"}, "missing_lines": [403, 404, 405, 407, 408, 410, 412, 413, 414, 417, 418, 419, 422, 423, 424, 426, 427, 429, 430, 432, 433, 434, 435, 438, 439, 440, 443, 444, 445, 448, 449, 450, 452, 458, 463, 468, 473], "excluded_lines": [], "start_line": 1}}}, "core/feature_flags.py": {"executed_lines": [], "summary": {"covered_lines": 0, "num_statements": 128, "percent_covered": 0.0, "percent_covered_display": "0", "missing_lines": 128, "excluded_lines": 0, "percent_statements_covered": 0.0, "percent_statements_covered_display": "0"}, "missing_lines": [6, 7, 8, 9, 10, 13, 15, 16, 17, 18, 19, 22, 36, 46, 47, 48, 49, 50, 51, 52, 54, 65, 66, 68, 69, 71, 72, 74, 75, 77, 78, 80, 81, 83, 85, 87, 90, 91, 93, 95, 97, 98, 100, 102, 103, 105, 106, 108, 110, 112, 113, 114, 115, 117, 118, 120, 121, 123, 125, 126, 128, 129, 132, 133, 134, 136, 139, 141, 143, 145, 146, 149, 150, 153, 154, 155, 156, 158, 160, 162, 164, 174, 175, 177, 188, 199, 200, 201, 203, 205, 206, 208, 210, 211, 212, 213, 214, 216, 218, 220, 232, 233, 234, 237, 239, 241, 243, 245, 247, 253, 255, 257, 264, 265, 267, 268, 269, 270, 272, 276, 279, 281, 285, 287, 290, 298, 305, 306], "excluded_lines": [], "functions": {"FeatureFlag.__init__": {"executed_lines": [], "summary": {"covered_lines": 0, "num_statements": 7, "percent_covered": 0.0, "percent_covered_display": "0", "missing_lines": 7, "excluded_lines": 0, "percent_statements_covered": 0.0, "percent_statements_covered_display": "0"}, "missing_lines": [46, 47, 48, 49, 50, 51, 52], "excluded_lines": [], "start_line": 36}, "FeatureFlag.is_enabled_for_user": {"executed_lines": [], "summary": {"covered_lines": 0, "num_statements": 13, "percent_covered": 0.0, "percent_covered_display": "0", "missing_lines": 13, "excluded_lines": 0, "percent_statements_covered": 0.0, "percent_statements_covered_display": "0"}, "missing_lines": [65, 66, 68, 69, 71, 72, 74, 75, 77, 78, 80, 81, 83], "excluded_lines": [], "start_line": 54}, "FeatureFlag._check_percentage": {"executed_lines": [], "summary": {"covered_lines": 0, "num_statements": 4, "percent_covered": 0.0, "percent_covered_display": "0", "missing_lines": 4, "excluded_lines": 0, "percent_statements_covered": 0.0, "percent_statements_covered_display": "0"}, "missing_lines": [87, 90, 91, 93], "excluded_lines": [], "start_line": 85}, "FeatureFlag._check_user_list": {"executed_lines": [], "summary": {"covered_lines": 0, "num_statements": 2, "percent_covered": 0.0, "percent_covered_display": "0", "missing_lines": 2, "excluded_lines": 0, "percent_statements_covered": 0.0, "percent_statements_covered_display": "0"}, "missing_lines": [97, 98], "excluded_lines": [], "start_line": 95}, "FeatureFlag._check_user_segment": {"executed_lines": [], "summary": {"covered_lines": 0, "num_statements": 5, "percent_covered": 0.0, "percent_covered_display": "0", "missing_lines": 5, "excluded_lines": 0, "percent_statements_covered": 0.0, "percent_statements_covered_display": "0"}, "missing_lines": [102, 103, 105, 106, 108], "excluded_lines": [], "start_line": 100}, "FeatureFlag._check_gradual": {"executed_lines": [], "summary": {"covered_lines": 0, "num_statements": 19, "percent_covered": 0.0, "percent_covered_display": "0", "missing_lines": 19, "excluded_lines": 0, "percent_statements_covered": 0.0, "percent_statements_covered_display": "0"}, "missing_lines": [112, 113, 114, 115, 117, 118, 120, 121, 123, 125, 126, 128, 129, 132, 133, 134, 136, 139, 141], "excluded_lines": [], "start_line": 110}, "FeatureFlag._check_ab_test": {"executed_lines": [], "summary": {"covered_lines": 0, "num_statements": 10, "percent_covered": 0.0, "percent_covered_display": "0", "missing_lines": 10, "excluded_lines": 0, "percent_statements_covered": 0.0, "percent_statements_covered_display": "0"}, "missing_lines": [145, 146, 149, 150, 153, 154, 155, 156, 158, 160], "excluded_lines": [], "start_line": 143}, "FeatureFlag.to_dict": {"executed_lines": [], "summary": {"covered_lines": 0, "num_statements": 1, "percent_covered": 0.0, "percent_covered_display": "0", "missing_lines": 1, "excluded_lines": 0, "percent_statements_covered": 0.0, "percent_statements_covered_display": "0"}, "missing_lines": [164], "excluded_lines": [], "start_line": 162}, "FeatureFlag.from_dict": {"executed_lines": [], "summary": {"covered_lines": 0, "num_statements": 1, "percent_covered": 0.0, "percent_covered_display": "0", "missing_lines": 1, "excluded_lines": 0, "percent_statements_covered": 0.0, "percent_statements_covered_display": "0"}, "missing_lines": [177], "excluded_lines": [], "start_line": 175}, "FeatureFlagManager.__init__": {"executed_lines": [], "summary": {"covered_lines": 0, "num_statements": 2, "percent_covered": 0.0, "percent_covered_display": "0", "missing_lines": 2, "excluded_lines": 0, "percent_statements_covered": 0.0, "percent_statements_covered_display": "0"}, "missing_lines": [200, 201], "excluded_lines": [], "start_line": 199}, "FeatureFlagManager.register_flag": {"executed_lines": [], "summary": {"covered_lines": 0, "num_statements": 2, "percent_covered": 0.0, "percent_covered_display": "0", "missing_lines": 2, "excluded_lines": 0, "percent_statements_covered": 0.0, "percent_statements_covered_display": "0"}, "missing_lines": [205, 206], "excluded_lines": [], "start_line": 203}, "FeatureFlagManager.unregister_flag": {"executed_lines": [], "summary": {"covered_lines": 0, "num_statements": 5, "percent_covered": 0.0, "percent_covered_display": "0", "missing_lines": 5, "excluded_lines": 0, "percent_statements_covered": 0.0, "percent_statements_covered_display": "0"}, "missing_lines": [210, 211, 212, 213, 214], "excluded_lines": [], "start_line": 208}, "FeatureFlagManager.get_flag": {"executed_lines": [], "summary": {"covered_lines": 0, "num_statements": 1, "percent_covered": 0.0, "percent_covered_display": "0", "missing_lines": 1, "excluded_lines": 0, "percent_statements_covered": 0.0, "percent_statements_covered_display": "0"}, "missing_lines": [218], "excluded_lines": [], "start_line": 216}, "FeatureFlagManager.is_enabled": {"executed_lines": [], "summary": {"covered_lines": 0, "num_statements": 5, "percent_covered": 0.0, "percent_covered_display": "0", "missing_lines": 5, "excluded_lines": 0, "percent_statements_covered": 0.0, "percent_statements_covered_display": "0"}, "missing_lines": [232, 233, 234, 237, 239], "excluded_lines": [], "start_line": 220}, "FeatureFlagManager.get_all_flags": {"executed_lines": [], "summary": {"covered_lines": 0, "num_statements": 1, "percent_covered": 0.0, "percent_covered_display": "0", "missing_lines": 1, "excluded_lines": 0, "percent_statements_covered": 0.0, "percent_statements_covered_display": "0"}, "missing_lines": [243], "excluded_lines": [], "start_line": 241}, "FeatureFlagManager.get_stats": {"executed_lines": [], "summary": {"covered_lines": 0, "num_statements": 1, "percent_covered": 0.0, "percent_covered_display": "0", "missing_lines": 1, "excluded_lines": 0, "percent_statements_covered": 0.0, "percent_statements_covered_display": "0"}, "missing_lines": [247], "excluded_lines": [], "start_line": 245}, "FeatureFlagManager.export_flags": {"executed_lines": [], "summary": {"covered_lines": 0, "num_statements": 1, "percent_covered": 0.0, "percent_covered_display": "0", "missing_lines": 1, "excluded_lines": 0, "percent_statements_covered": 0.0, "percent_statements_covered_display": "0"}, "missing_lines": [255], "excluded_lines": [], "start_line": 253}, "FeatureFlagManager.import_flags": {"executed_lines": [], "summary": {"covered_lines": 0, "num_statements": 7, "percent_covered": 0.0, "percent_covered_display": "0", "missing_lines": 7, "excluded_lines": 0, "percent_statements_covered": 0.0, "percent_statements_covered_display": "0"}, "missing_lines": [264, 265, 267, 268, 269, 270, 272], "excluded_lines": [], "start_line": 257}, "get_flag_manager": {"executed_lines": [], "summary": {"covered_lines": 0, "num_statements": 1, "percent_covered": 0.0, "percent_covered_display": "0", "missing_lines": 1, "excluded_lines": 0, "percent_statements_covered": 0.0, "percent_statements_covered_display": "0"}, "missing_lines": [281], "excluded_lines": [], "start_line": 279}, "is_feature_enabled": {"executed_lines": [], "summary": {"covered_lines": 0, "num_statements": 1, "percent_covered": 0.0, "percent_covered_display": "0", "missing_lines": 1, "excluded_lines": 0, "percent_statements_covered": 0.0, "percent_statements_covered_display": "0"}, "missing_lines": [287], "excluded_lines": [], "start_line": 285}, "register_feature_flag": {"executed_lines": [], "summary": {"covered_lines": 0, "num_statements": 3, "percent_covered": 0.0, "percent_covered_display": "0", "missing_lines": 3, "excluded_lines": 0, "percent_statements_covered": 0.0, "percent_statements_covered_display": "0"}, "missing_lines": [298, 305, 306], "excluded_lines": [], "start_line": 290}, "": {"executed_lines": [], "summary": {"covered_lines": 0, "num_statements": 36, "percent_covered": 0.0, "percent_covered_display": "0", "missing_lines": 36, "excluded_lines": 0, "percent_statements_covered": 0.0, "percent_statements_covered_display": "0"}, "missing_lines": [6, 7, 8, 9, 10, 13, 15, 16, 17, 18, 19, 22, 36, 54, 85, 95, 100, 110, 143, 162, 174, 175, 188, 199, 203, 208, 216, 220, 241, 245, 253, 257, 276, 279, 285, 290], "excluded_lines": [], "start_line": 1}}, "classes": {"FeatureFlagStrategy": {"executed_lines": [], "summary": {"covered_lines": 0, "num_statements": 0, "percent_covered": 100.0, "percent_covered_display": "100", "missing_lines": 0, "excluded_lines": 0, "percent_statements_covered": 100.0, "percent_statements_covered_display": "100"}, "missing_lines": [], "excluded_lines": [], "start_line": 13}, "FeatureFlag": {"executed_lines": [], "summary": {"covered_lines": 0, "num_statements": 62, "percent_covered": 0.0, "percent_covered_display": "0", "missing_lines": 62, "excluded_lines": 0, "percent_statements_covered": 0.0, "percent_statements_covered_display": "0"}, "missing_lines": [46, 47, 48, 49, 50, 51, 52, 65, 66, 68, 69, 71, 72, 74, 75, 77, 78, 80, 81, 83, 87, 90, 91, 93, 97, 98, 102, 103, 105, 106, 108, 112, 113, 114, 115, 117, 118, 120, 121, 123, 125, 126, 128, 129, 132, 133, 134, 136, 139, 141, 145, 146, 149, 150, 153, 154, 155, 156, 158, 160, 164, 177], "excluded_lines": [], "start_line": 22}, "FeatureFlagManager": {"executed_lines": [], "summary": {"covered_lines": 0, "num_statements": 25, "percent_covered": 0.0, "percent_covered_display": "0", "missing_lines": 25, "excluded_lines": 0, "percent_statements_covered": 0.0, "percent_statements_covered_display": "0"}, "missing_lines": [200, 201, 205, 206, 210, 211, 212, 213, 214, 218, 232, 233, 234, 237, 239, 243, 247, 255, 264, 265, 267, 268, 269, 270, 272], "excluded_lines": [], "start_line": 188}, "": {"executed_lines": [], "summary": {"covered_lines": 0, "num_statements": 41, "percent_covered": 0.0, "percent_covered_display": "0", "missing_lines": 41, "excluded_lines": 0, "percent_statements_covered": 0.0, "percent_statements_covered_display": "0"}, "missing_lines": [6, 7, 8, 9, 10, 13, 15, 16, 17, 18, 19, 22, 36, 54, 85, 95, 100, 110, 143, 162, 174, 175, 188, 199, 203, 208, 216, 220, 241, 245, 253, 257, 276, 279, 281, 285, 287, 290, 298, 305, 306], "excluded_lines": [], "start_line": 1}}}, "core/logging_config.py": {"executed_lines": [8, 9, 10, 11, 12, 13, 14, 17, 20, 28, 40, 41, 42, 45, 57, 70, 78, 84, 99, 100, 102, 103, 104, 105, 108, 109, 110, 111, 114, 124, 127, 138, 143, 149], "summary": {"covered_lines": 34, "num_statements": 54, "percent_covered": 62.96296296296296, "percent_covered_display": "63", "missing_lines": 20, "excluded_lines": 0, "percent_statements_covered": 62.96296296296296, "percent_statements_covered_display": "63"}, "missing_lines": [22, 23, 24, 25, 72, 135, 140, 145, 151, 154, 157, 158, 161, 162, 165, 166, 168, 169, 170, 171], "excluded_lines": [], "functions": {"add_request_id_processor": {"executed_lines": [], "summary": {"covered_lines": 0, "num_statements": 4, "percent_covered": 0.0, "percent_covered_display": "0", "missing_lines": 4, "excluded_lines": 0, "percent_statements_covered": 0.0, "percent_statements_covered_display": "0"}, "missing_lines": [22, 23, 24, 25], "excluded_lines": [], "start_line": 20}, "configure_logging": {"executed_lines": [40, 41, 42, 45, 57, 70, 78, 84, 99, 100, 102, 103, 104, 105, 108, 109, 110, 111], "summary": {"covered_lines": 18, "num_statements": 19, "percent_covered": 94.73684210526316, "percent_covered_display": "95", "missing_lines": 1, "excluded_lines": 0, "percent_statements_covered": 94.73684210526316, "percent_statements_covered_display": "95"}, "missing_lines": [72], "excluded_lines": [], "start_line": 28}, "get_logger": {"executed_lines": [124], "summary": {"covered_lines": 1, "num_statements": 1, "percent_covered": 100.0, "percent_covered_display": "100", "missing_lines": 0, "excluded_lines": 0, "percent_statements_covered": 100.0, "percent_statements_covered_display": "100"}, "missing_lines": [], "excluded_lines": [], "start_line": 114}, "set_request_id": {"executed_lines": [], "summary": {"covered_lines": 0, "num_statements": 1, "percent_covered": 0.0, "percent_covered_display": "0", "missing_lines": 1, "excluded_lines": 0, "percent_statements_covered": 0.0, "percent_statements_covered_display": "0"}, "missing_lines": [135], "excluded_lines": [], "start_line": 127}, "clear_request_id": {"executed_lines": [], "summary": {"covered_lines": 0, "num_statements": 1, "percent_covered": 0.0, "percent_covered_display": "0", "missing_lines": 1, "excluded_lines": 0, "percent_statements_covered": 0.0, "percent_statements_covered_display": "0"}, "missing_lines": [140], "excluded_lines": [], "start_line": 138}, "get_request_id": {"executed_lines": [], "summary": {"covered_lines": 0, "num_statements": 1, "percent_covered": 0.0, "percent_covered_display": "0", "missing_lines": 1, "excluded_lines": 0, "percent_statements_covered": 0.0, "percent_statements_covered_display": "0"}, "missing_lines": [145], "excluded_lines": [], "start_line": 143}, "": {"executed_lines": [8, 9, 10, 11, 12, 13, 14, 17, 20, 28, 114, 127, 138, 143, 149], "summary": {"covered_lines": 15, "num_statements": 27, "percent_covered": 55.55555555555556, "percent_covered_display": "56", "missing_lines": 12, "excluded_lines": 0, "percent_statements_covered": 55.55555555555556, "percent_statements_covered_display": "56"}, "missing_lines": [151, 154, 157, 158, 161, 162, 165, 166, 168, 169, 170, 171], "excluded_lines": [], "start_line": 1}}, "classes": {"": {"executed_lines": [8, 9, 10, 11, 12, 13, 14, 17, 20, 28, 40, 41, 42, 45, 57, 70, 78, 84, 99, 100, 102, 103, 104, 105, 108, 109, 110, 111, 114, 124, 127, 138, 143, 149], "summary": {"covered_lines": 34, "num_statements": 54, "percent_covered": 62.96296296296296, "percent_covered_display": "63", "missing_lines": 20, "excluded_lines": 0, "percent_statements_covered": 62.96296296296296, "percent_statements_covered_display": "63"}, "missing_lines": [22, 23, 24, 25, 72, 135, 140, 145, 151, 154, 157, 158, 161, 162, 165, 166, 168, 169, 170, 171], "excluded_lines": [], "start_line": 1}}}, "core/metrics.py": {"executed_lines": [], "summary": {"covered_lines": 0, "num_statements": 76, "percent_covered": 0.0, "percent_covered_display": "0", "missing_lines": 76, "excluded_lines": 0, "percent_statements_covered": 0.0, "percent_statements_covered_display": "0"}, "missing_lines": [6, 7, 8, 9, 10, 18, 24, 31, 38, 45, 56, 64, 72, 84, 90, 97, 104, 110, 121, 124, 125, 127, 135, 137, 145, 147, 149, 151, 153, 159, 160, 162, 164, 166, 168, 170, 172, 174, 176, 178, 180, 181, 182, 185, 188, 189, 190, 191, 192, 194, 195, 196, 198, 199, 200, 205, 207, 208, 214, 221, 224, 225, 226, 227, 228, 230, 231, 232, 234, 235, 236, 241, 242, 250, 253, 255], "excluded_lines": [], "functions": {"BusinessMetricsManager.__init__": {"executed_lines": [], "summary": {"covered_lines": 0, "num_statements": 1, "percent_covered": 0.0, "percent_covered_display": "0", "missing_lines": 1, "excluded_lines": 0, "percent_statements_covered": 0.0, "percent_statements_covered_display": "0"}, "missing_lines": [125], "excluded_lines": [], "start_line": 124}, "BusinessMetricsManager.track_test_execution": {"executed_lines": [], "summary": {"covered_lines": 0, "num_statements": 1, "percent_covered": 0.0, "percent_covered_display": "0", "missing_lines": 1, "excluded_lines": 0, "percent_statements_covered": 0.0, "percent_statements_covered_display": "0"}, "missing_lines": [135], "excluded_lines": [], "start_line": 127}, "BusinessMetricsManager.track_api_request": {"executed_lines": [], "summary": {"covered_lines": 0, "num_statements": 1, "percent_covered": 0.0, "percent_covered_display": "0", "missing_lines": 1, "excluded_lines": 0, "percent_statements_covered": 0.0, "percent_statements_covered_display": "0"}, "missing_lines": [145], "excluded_lines": [], "start_line": 137}, "BusinessMetricsManager.record_user_action": {"executed_lines": [], "summary": {"covered_lines": 0, "num_statements": 1, "percent_covered": 0.0, "percent_covered_display": "0", "missing_lines": 1, "excluded_lines": 0, "percent_statements_covered": 0.0, "percent_statements_covered_display": "0"}, "missing_lines": [149], "excluded_lines": [], "start_line": 147}, "BusinessMetricsManager.record_test_result": {"executed_lines": [], "summary": {"covered_lines": 0, "num_statements": 3, "percent_covered": 0.0, "percent_covered_display": "0", "missing_lines": 3, "excluded_lines": 0, "percent_statements_covered": 0.0, "percent_statements_covered_display": "0"}, "missing_lines": [153, 159, 160], "excluded_lines": [], "start_line": 151}, "BusinessMetricsManager.update_active_users": {"executed_lines": [], "summary": {"covered_lines": 0, "num_statements": 1, "percent_covered": 0.0, "percent_covered_display": "0", "missing_lines": 1, "excluded_lines": 0, "percent_statements_covered": 0.0, "percent_statements_covered_display": "0"}, "missing_lines": [164], "excluded_lines": [], "start_line": 162}, "BusinessMetricsManager.update_success_rate": {"executed_lines": [], "summary": {"covered_lines": 0, "num_statements": 1, "percent_covered": 0.0, "percent_covered_display": "0", "missing_lines": 1, "excluded_lines": 0, "percent_statements_covered": 0.0, "percent_statements_covered_display": "0"}, "missing_lines": [168], "excluded_lines": [], "start_line": 166}, "BusinessMetricsManager.update_error_rate": {"executed_lines": [], "summary": {"covered_lines": 0, "num_statements": 1, "percent_covered": 0.0, "percent_covered_display": "0", "missing_lines": 1, "excluded_lines": 0, "percent_statements_covered": 0.0, "percent_statements_covered_display": "0"}, "missing_lines": [172], "excluded_lines": [], "start_line": 170}, "BusinessMetricsManager.update_queue_size": {"executed_lines": [], "summary": {"covered_lines": 0, "num_statements": 1, "percent_covered": 0.0, "percent_covered_display": "0", "missing_lines": 1, "excluded_lines": 0, "percent_statements_covered": 0.0, "percent_statements_covered_display": "0"}, "missing_lines": [176], "excluded_lines": [], "start_line": 174}, "BusinessMetricsManager.update_system_load": {"executed_lines": [], "summary": {"covered_lines": 0, "num_statements": 3, "percent_covered": 0.0, "percent_covered_display": "0", "missing_lines": 3, "excluded_lines": 0, "percent_statements_covered": 0.0, "percent_statements_covered_display": "0"}, "missing_lines": [180, 181, 182], "excluded_lines": [], "start_line": 178}, "TestExecutionTracker.__init__": {"executed_lines": [], "summary": {"covered_lines": 0, "num_statements": 4, "percent_covered": 0.0, "percent_covered_display": "0", "missing_lines": 4, "excluded_lines": 0, "percent_statements_covered": 0.0, "percent_statements_covered_display": "0"}, "missing_lines": [189, 190, 191, 192], "excluded_lines": [], "start_line": 188}, "TestExecutionTracker.__enter__": {"executed_lines": [], "summary": {"covered_lines": 0, "num_statements": 2, "percent_covered": 0.0, "percent_covered_display": "0", "missing_lines": 2, "excluded_lines": 0, "percent_statements_covered": 0.0, "percent_statements_covered_display": "0"}, "missing_lines": [195, 196], "excluded_lines": [], "start_line": 194}, "TestExecutionTracker.__exit__": {"executed_lines": [], "summary": {"covered_lines": 0, "num_statements": 6, "percent_covered": 0.0, "percent_covered_display": "0", "missing_lines": 6, "excluded_lines": 0, "percent_statements_covered": 0.0, "percent_statements_covered_display": "0"}, "missing_lines": [199, 200, 205, 207, 208, 214], "excluded_lines": [], "start_line": 198}, "APIRequestTracker.__init__": {"executed_lines": [], "summary": {"covered_lines": 0, "num_statements": 4, "percent_covered": 0.0, "percent_covered_display": "0", "missing_lines": 4, "excluded_lines": 0, "percent_statements_covered": 0.0, "percent_statements_covered_display": "0"}, "missing_lines": [225, 226, 227, 228], "excluded_lines": [], "start_line": 224}, "APIRequestTracker.__enter__": {"executed_lines": [], "summary": {"covered_lines": 0, "num_statements": 2, "percent_covered": 0.0, "percent_covered_display": "0", "missing_lines": 2, "excluded_lines": 0, "percent_statements_covered": 0.0, "percent_statements_covered_display": "0"}, "missing_lines": [231, 232], "excluded_lines": [], "start_line": 230}, "APIRequestTracker.__exit__": {"executed_lines": [], "summary": {"covered_lines": 0, "num_statements": 4, "percent_covered": 0.0, "percent_covered_display": "0", "missing_lines": 4, "excluded_lines": 0, "percent_statements_covered": 0.0, "percent_statements_covered_display": "0"}, "missing_lines": [235, 236, 241, 242], "excluded_lines": [], "start_line": 234}, "get_metrics_response": {"executed_lines": [], "summary": {"covered_lines": 0, "num_statements": 1, "percent_covered": 0.0, "percent_covered_display": "0", "missing_lines": 1, "excluded_lines": 0, "percent_statements_covered": 0.0, "percent_statements_covered_display": "0"}, "missing_lines": [255], "excluded_lines": [], "start_line": 253}, "": {"executed_lines": [], "summary": {"covered_lines": 0, "num_statements": 39, "percent_covered": 0.0, "percent_covered_display": "0", "missing_lines": 39, "excluded_lines": 0, "percent_statements_covered": 0.0, "percent_statements_covered_display": "0"}, "missing_lines": [6, 7, 8, 9, 10, 18, 24, 31, 38, 45, 56, 64, 72, 84, 90, 97, 104, 110, 121, 124, 127, 137, 147, 151, 162, 166, 170, 174, 178, 185, 188, 194, 198, 221, 224, 230, 234, 250, 253], "excluded_lines": [], "start_line": 1}}, "classes": {"BusinessMetricsManager": {"executed_lines": [], "summary": {"covered_lines": 0, "num_statements": 14, "percent_covered": 0.0, "percent_covered_display": "0", "missing_lines": 14, "excluded_lines": 0, "percent_statements_covered": 0.0, "percent_statements_covered_display": "0"}, "missing_lines": [125, 135, 145, 149, 153, 159, 160, 164, 168, 172, 176, 180, 181, 182], "excluded_lines": [], "start_line": 121}, "TestExecutionTracker": {"executed_lines": [], "summary": {"covered_lines": 0, "num_statements": 12, "percent_covered": 0.0, "percent_covered_display": "0", "missing_lines": 12, "excluded_lines": 0, "percent_statements_covered": 0.0, "percent_statements_covered_display": "0"}, "missing_lines": [189, 190, 191, 192, 195, 196, 199, 200, 205, 207, 208, 214], "excluded_lines": [], "start_line": 185}, "APIRequestTracker": {"executed_lines": [], "summary": {"covered_lines": 0, "num_statements": 10, "percent_covered": 0.0, "percent_covered_display": "0", "missing_lines": 10, "excluded_lines": 0, "percent_statements_covered": 0.0, "percent_statements_covered_display": "0"}, "missing_lines": [225, 226, 227, 228, 231, 232, 235, 236, 241, 242], "excluded_lines": [], "start_line": 221}, "": {"executed_lines": [], "summary": {"covered_lines": 0, "num_statements": 40, "percent_covered": 0.0, "percent_covered_display": "0", "missing_lines": 40, "excluded_lines": 0, "percent_statements_covered": 0.0, "percent_statements_covered_display": "0"}, "missing_lines": [6, 7, 8, 9, 10, 18, 24, 31, 38, 45, 56, 64, 72, 84, 90, 97, 104, 110, 121, 124, 127, 137, 147, 151, 162, 166, 170, 174, 178, 185, 188, 194, 198, 221, 224, 230, 234, 250, 253, 255], "excluded_lines": [], "start_line": 1}}}, "core/smart_cache.py": {"executed_lines": [], "summary": {"covered_lines": 0, "num_statements": 122, "percent_covered": 0.0, "percent_covered_display": "0", "missing_lines": 122, "excluded_lines": 0, "percent_statements_covered": 0.0, "percent_statements_covered_display": "0"}, "missing_lines": [6, 7, 8, 9, 10, 11, 12, 15, 17, 18, 19, 20, 23, 27, 34, 41, 48, 55, 62, 74, 75, 76, 83, 85, 86, 88, 90, 92, 94, 96, 107, 109, 110, 111, 112, 114, 115, 117, 140, 143, 146, 147, 148, 151, 152, 154, 156, 159, 160, 161, 164, 165, 166, 168, 170, 181, 184, 185, 188, 190, 191, 193, 195, 205, 206, 208, 209, 210, 211, 212, 215, 217, 219, 229, 230, 231, 232, 234, 245, 246, 249, 250, 251, 252, 253, 256, 257, 258, 259, 260, 262, 264, 271, 272, 275, 277, 287, 298, 299, 300, 301, 303, 304, 305, 307, 309, 317, 318, 319, 320, 321, 323, 325, 332, 334, 337, 339, 344, 345, 353, 356, 358], "excluded_lines": [], "functions": {"SmartCache.__init__": {"executed_lines": [], "summary": {"covered_lines": 0, "num_statements": 2, "percent_covered": 0.0, "percent_covered_display": "0", "missing_lines": 2, "excluded_lines": 0, "percent_statements_covered": 0.0, "percent_statements_covered_display": "0"}, "missing_lines": [75, 76], "excluded_lines": [], "start_line": 74}, "SmartCache._generate_key": {"executed_lines": [], "summary": {"covered_lines": 0, "num_statements": 2, "percent_covered": 0.0, "percent_covered_display": "0", "missing_lines": 2, "excluded_lines": 0, "percent_statements_covered": 0.0, "percent_statements_covered_display": "0"}, "missing_lines": [85, 86], "excluded_lines": [], "start_line": 83}, "SmartCache._generate_tags_key": {"executed_lines": [], "summary": {"covered_lines": 0, "num_statements": 1, "percent_covered": 0.0, "percent_covered_display": "0", "missing_lines": 1, "excluded_lines": 0, "percent_statements_covered": 0.0, "percent_statements_covered_display": "0"}, "missing_lines": [90], "excluded_lines": [], "start_line": 88}, "SmartCache._generate_dependencies_key": {"executed_lines": [], "summary": {"covered_lines": 0, "num_statements": 1, "percent_covered": 0.0, "percent_covered_display": "0", "missing_lines": 1, "excluded_lines": 0, "percent_statements_covered": 0.0, "percent_statements_covered_display": "0"}, "missing_lines": [94], "excluded_lines": [], "start_line": 92}, "SmartCache.get": {"executed_lines": [], "summary": {"covered_lines": 0, "num_statements": 7, "percent_covered": 0.0, "percent_covered_display": "0", "missing_lines": 7, "excluded_lines": 0, "percent_statements_covered": 0.0, "percent_statements_covered_display": "0"}, "missing_lines": [107, 109, 110, 111, 112, 114, 115], "excluded_lines": [], "start_line": 96}, "SmartCache.set": {"executed_lines": [], "summary": {"covered_lines": 0, "num_statements": 16, "percent_covered": 0.0, "percent_covered_display": "0", "missing_lines": 16, "excluded_lines": 0, "percent_statements_covered": 0.0, "percent_statements_covered_display": "0"}, "missing_lines": [140, 143, 146, 147, 148, 151, 152, 154, 156, 159, 160, 161, 164, 165, 166, 168], "excluded_lines": [], "start_line": 117}, "SmartCache.invalidate": {"executed_lines": [], "summary": {"covered_lines": 0, "num_statements": 7, "percent_covered": 0.0, "percent_covered_display": "0", "missing_lines": 7, "excluded_lines": 0, "percent_statements_covered": 0.0, "percent_statements_covered_display": "0"}, "missing_lines": [181, 184, 185, 188, 190, 191, 193], "excluded_lines": [], "start_line": 170}, "SmartCache.invalidate_by_tag": {"executed_lines": [], "summary": {"covered_lines": 0, "num_statements": 9, "percent_covered": 0.0, "percent_covered_display": "0", "missing_lines": 9, "excluded_lines": 0, "percent_statements_covered": 0.0, "percent_statements_covered_display": "0"}, "missing_lines": [205, 206, 208, 209, 210, 211, 212, 215, 217], "excluded_lines": [], "start_line": 195}, "SmartCache.invalidate_by_tags": {"executed_lines": [], "summary": {"covered_lines": 0, "num_statements": 4, "percent_covered": 0.0, "percent_covered_display": "0", "missing_lines": 4, "excluded_lines": 0, "percent_statements_covered": 0.0, "percent_statements_covered_display": "0"}, "missing_lines": [229, 230, 231, 232], "excluded_lines": [], "start_line": 219}, "SmartCache.invalidate_dependent": {"executed_lines": [], "summary": {"covered_lines": 0, "num_statements": 13, "percent_covered": 0.0, "percent_covered_display": "0", "missing_lines": 13, "excluded_lines": 0, "percent_statements_covered": 0.0, "percent_statements_covered_display": "0"}, "missing_lines": [245, 246, 249, 250, 251, 252, 253, 256, 257, 258, 259, 260, 262], "excluded_lines": [], "start_line": 234}, "SmartCache.get_stats": {"executed_lines": [], "summary": {"covered_lines": 0, "num_statements": 4, "percent_covered": 0.0, "percent_covered_display": "0", "missing_lines": 4, "excluded_lines": 0, "percent_statements_covered": 0.0, "percent_statements_covered_display": "0"}, "missing_lines": [271, 272, 275, 277], "excluded_lines": [], "start_line": 264}, "SmartCache.warm_cache": {"executed_lines": [], "summary": {"covered_lines": 0, "num_statements": 8, "percent_covered": 0.0, "percent_covered_display": "0", "missing_lines": 8, "excluded_lines": 0, "percent_statements_covered": 0.0, "percent_statements_covered_display": "0"}, "missing_lines": [298, 299, 300, 301, 303, 304, 305, 307], "excluded_lines": [], "start_line": 287}, "SmartCache.clear_all": {"executed_lines": [], "summary": {"covered_lines": 0, "num_statements": 6, "percent_covered": 0.0, "percent_covered_display": "0", "missing_lines": 6, "excluded_lines": 0, "percent_statements_covered": 0.0, "percent_statements_covered_display": "0"}, "missing_lines": [317, 318, 319, 320, 321, 323], "excluded_lines": [], "start_line": 309}, "SmartCache.health_check": {"executed_lines": [], "summary": {"covered_lines": 0, "num_statements": 6, "percent_covered": 0.0, "percent_covered_display": "0", "missing_lines": 6, "excluded_lines": 0, "percent_statements_covered": 0.0, "percent_statements_covered_display": "0"}, "missing_lines": [332, 334, 337, 339, 344, 345], "excluded_lines": [], "start_line": 325}, "get_cache": {"executed_lines": [], "summary": {"covered_lines": 0, "num_statements": 1, "percent_covered": 0.0, "percent_covered_display": "0", "missing_lines": 1, "excluded_lines": 0, "percent_statements_covered": 0.0, "percent_statements_covered_display": "0"}, "missing_lines": [358], "excluded_lines": [], "start_line": 356}, "": {"executed_lines": [], "summary": {"covered_lines": 0, "num_statements": 35, "percent_covered": 0.0, "percent_covered_display": "0", "missing_lines": 35, "excluded_lines": 0, "percent_statements_covered": 0.0, "percent_statements_covered_display": "0"}, "missing_lines": [6, 7, 8, 9, 10, 11, 12, 15, 17, 18, 19, 20, 23, 27, 34, 41, 48, 55, 62, 74, 83, 88, 92, 96, 117, 170, 195, 219, 234, 264, 287, 309, 325, 353, 356], "excluded_lines": [], "start_line": 1}}, "classes": {"CacheStrategy": {"executed_lines": [], "summary": {"covered_lines": 0, "num_statements": 0, "percent_covered": 100.0, "percent_covered_display": "100", "missing_lines": 0, "excluded_lines": 0, "percent_statements_covered": 100.0, "percent_statements_covered_display": "100"}, "missing_lines": [], "excluded_lines": [], "start_line": 15}, "CacheConfig": {"executed_lines": [], "summary": {"covered_lines": 0, "num_statements": 0, "percent_covered": 100.0, "percent_covered_display": "100", "missing_lines": 0, "excluded_lines": 0, "percent_statements_covered": 100.0, "percent_statements_covered_display": "100"}, "missing_lines": [], "excluded_lines": [], "start_line": 23}, "SmartCache": {"executed_lines": [], "summary": {"covered_lines": 0, "num_statements": 86, "percent_covered": 0.0, "percent_covered_display": "0", "missing_lines": 86, "excluded_lines": 0, "percent_statements_covered": 0.0, "percent_statements_covered_display": "0"}, "missing_lines": [75, 76, 85, 86, 90, 94, 107, 109, 110, 111, 112, 114, 115, 140, 143, 146, 147, 148, 151, 152, 154, 156, 159, 160, 161, 164, 165, 166, 168, 181, 184, 185, 188, 190, 191, 193, 205, 206, 208, 209, 210, 211, 212, 215, 217, 229, 230, 231, 232, 245, 246, 249, 250, 251, 252, 253, 256, 257, 258, 259, 260, 262, 271, 272, 275, 277, 298, 299, 300, 301, 303, 304, 305, 307, 317, 318, 319, 320, 321, 323, 332, 334, 337, 339, 344, 345], "excluded_lines": [], "start_line": 62}, "": {"executed_lines": [], "summary": {"covered_lines": 0, "num_statements": 36, "percent_covered": 0.0, "percent_covered_display": "0", "missing_lines": 36, "excluded_lines": 0, "percent_statements_covered": 0.0, "percent_statements_covered_display": "0"}, "missing_lines": [6, 7, 8, 9, 10, 11, 12, 15, 17, 18, 19, 20, 23, 27, 34, 41, 48, 55, 62, 74, 83, 88, 92, 96, 117, 170, 195, 219, 234, 264, 287, 309, 325, 353, 356, 358], "excluded_lines": [], "start_line": 1}}}, "database.py": {"executed_lines": [1, 2, 3, 5, 7, 11, 13, 21, 31, 38, 47], "summary": {"covered_lines": 11, "num_statements": 20, "percent_covered": 55.0, "percent_covered_display": "55", "missing_lines": 9, "excluded_lines": 0, "percent_statements_covered": 55.0, "percent_statements_covered_display": "55"}, "missing_lines": [15, 40, 41, 43, 44, 49, 50, 51, 53], "excluded_lines": [], "functions": {"init_db": {"executed_lines": [], "summary": {"covered_lines": 0, "num_statements": 4, "percent_covered": 0.0, "percent_covered_display": "0", "missing_lines": 4, "excluded_lines": 0, "percent_statements_covered": 0.0, "percent_statements_covered_display": "0"}, "missing_lines": [40, 41, 43, 44], "excluded_lines": [], "start_line": 38}, "get_db_session": {"executed_lines": [], "summary": {"covered_lines": 0, "num_statements": 4, "percent_covered": 0.0, "percent_covered_display": "0", "missing_lines": 4, "excluded_lines": 0, "percent_statements_covered": 0.0, "percent_statements_covered_display": "0"}, "missing_lines": [49, 50, 51, 53], "excluded_lines": [], "start_line": 47}, "": {"executed_lines": [1, 2, 3, 5, 7, 11, 13, 21, 31, 38, 47], "summary": {"covered_lines": 11, "num_statements": 12, "percent_covered": 91.66666666666667, "percent_covered_display": "92", "missing_lines": 1, "excluded_lines": 0, "percent_statements_covered": 91.66666666666667, "percent_statements_covered_display": "92"}, "missing_lines": [15], "excluded_lines": [], "start_line": 1}}, "classes": {"": {"executed_lines": [1, 2, 3, 5, 7, 11, 13, 21, 31, 38, 47], "summary": {"covered_lines": 11, "num_statements": 20, "percent_covered": 55.0, "percent_covered_display": "55", "missing_lines": 9, "excluded_lines": 0, "percent_statements_covered": 55.0, "percent_statements_covered_display": "55"}, "missing_lines": [15, 40, 41, 43, 44, 49, 50, 51, 53], "excluded_lines": [], "start_line": 1}}}, "integration/__init__.py": {"executed_lines": [], "summary": {"covered_lines": 0, "num_statements": 2, "percent_covered": 0.0, "percent_covered_display": "0", "missing_lines": 2, "excluded_lines": 0, "percent_statements_covered": 0.0, "percent_statements_covered_display": "0"}, "missing_lines": [6, 12], "excluded_lines": [], "functions": {"": {"executed_lines": [], "summary": {"covered_lines": 0, "num_statements": 2, "percent_covered": 0.0, "percent_covered_display": "0", "missing_lines": 2, "excluded_lines": 0, "percent_statements_covered": 0.0, "percent_statements_covered_display": "0"}, "missing_lines": [6, 12], "excluded_lines": [], "start_line": 1}}, "classes": {"": {"executed_lines": [], "summary": {"covered_lines": 0, "num_statements": 2, "percent_covered": 0.0, "percent_covered_display": "0", "missing_lines": 2, "excluded_lines": 0, "percent_statements_covered": 0.0, "percent_statements_covered_display": "0"}, "missing_lines": [6, 12], "excluded_lines": [], "start_line": 1}}}, "integration/qa_framework_client.py": {"executed_lines": [], "summary": {"covered_lines": 0, "num_statements": 58, "percent_covered": 0.0, "percent_covered_display": "0", "missing_lines": 58, "excluded_lines": 0, "percent_statements_covered": 0.0, "percent_statements_covered_display": "0"}, "missing_lines": [7, 8, 9, 10, 11, 12, 13, 15, 20, 21, 22, 23, 25, 30, 32, 51, 52, 54, 56, 63, 65, 66, 73, 74, 75, 76, 77, 78, 82, 83, 88, 95, 97, 102, 105, 110, 111, 112, 113, 114, 119, 122, 131, 133, 135, 140, 142, 143, 144, 145, 146, 148, 155, 159, 160, 163, 167, 168], "excluded_lines": [], "functions": {"QAFrameworkClient.__init__": {"executed_lines": [], "summary": {"covered_lines": 0, "num_statements": 3, "percent_covered": 0.0, "percent_covered_display": "0", "missing_lines": 3, "excluded_lines": 0, "percent_statements_covered": 0.0, "percent_statements_covered_display": "0"}, "missing_lines": [21, 22, 23], "excluded_lines": [], "start_line": 20}, "QAFrameworkClient.execute_test_suite": {"executed_lines": [], "summary": {"covered_lines": 0, "num_statements": 19, "percent_covered": 0.0, "percent_covered_display": "0", "missing_lines": 19, "excluded_lines": 0, "percent_statements_covered": 0.0, "percent_statements_covered_display": "0"}, "missing_lines": [30, 32, 51, 52, 54, 56, 63, 65, 66, 73, 74, 75, 76, 77, 78, 82, 83, 88, 95], "excluded_lines": [], "start_line": 25}, "QAFrameworkClient.get_available_suites": {"executed_lines": [], "summary": {"covered_lines": 0, "num_statements": 11, "percent_covered": 0.0, "percent_covered_display": "0", "missing_lines": 11, "excluded_lines": 0, "percent_statements_covered": 0.0, "percent_statements_covered_display": "0"}, "missing_lines": [102, 105, 110, 111, 112, 113, 114, 119, 122, 131, 133], "excluded_lines": [], "start_line": 97}, "QAFrameworkClient.get_test_results": {"executed_lines": [], "summary": {"covered_lines": 0, "num_statements": 7, "percent_covered": 0.0, "percent_covered_display": "0", "missing_lines": 7, "excluded_lines": 0, "percent_statements_covered": 0.0, "percent_statements_covered_display": "0"}, "missing_lines": [140, 142, 143, 144, 145, 146, 148], "excluded_lines": [], "start_line": 135}, "execute_qa_test_suite": {"executed_lines": [], "summary": {"covered_lines": 0, "num_statements": 2, "percent_covered": 0.0, "percent_covered_display": "0", "missing_lines": 2, "excluded_lines": 0, "percent_statements_covered": 0.0, "percent_statements_covered_display": "0"}, "missing_lines": [159, 160], "excluded_lines": [], "start_line": 155}, "get_qa_test_suites": {"executed_lines": [], "summary": {"covered_lines": 0, "num_statements": 2, "percent_covered": 0.0, "percent_covered_display": "0", "missing_lines": 2, "excluded_lines": 0, "percent_statements_covered": 0.0, "percent_statements_covered_display": "0"}, "missing_lines": [167, 168], "excluded_lines": [], "start_line": 163}, "": {"executed_lines": [], "summary": {"covered_lines": 0, "num_statements": 14, "percent_covered": 0.0, "percent_covered_display": "0", "missing_lines": 14, "excluded_lines": 0, "percent_statements_covered": 0.0, "percent_statements_covered_display": "0"}, "missing_lines": [7, 8, 9, 10, 11, 12, 13, 15, 20, 25, 97, 135, 155, 163], "excluded_lines": [], "start_line": 1}}, "classes": {"QAFrameworkClient": {"executed_lines": [], "summary": {"covered_lines": 0, "num_statements": 40, "percent_covered": 0.0, "percent_covered_display": "0", "missing_lines": 40, "excluded_lines": 0, "percent_statements_covered": 0.0, "percent_statements_covered_display": "0"}, "missing_lines": [21, 22, 23, 30, 32, 51, 52, 54, 56, 63, 65, 66, 73, 74, 75, 76, 77, 78, 82, 83, 88, 95, 102, 105, 110, 111, 112, 113, 114, 119, 122, 131, 133, 140, 142, 143, 144, 145, 146, 148], "excluded_lines": [], "start_line": 15}, "": {"executed_lines": [], "summary": {"covered_lines": 0, "num_statements": 18, "percent_covered": 0.0, "percent_covered_display": "0", "missing_lines": 18, "excluded_lines": 0, "percent_statements_covered": 0.0, "percent_statements_covered_display": "0"}, "missing_lines": [7, 8, 9, 10, 11, 12, 13, 15, 20, 25, 97, 135, 155, 159, 160, 163, 167, 168], "excluded_lines": [], "start_line": 1}}}, "integrations/__init__.py": {"executed_lines": [], "summary": {"covered_lines": 0, "num_statements": 3, "percent_covered": 0.0, "percent_covered_display": "0", "missing_lines": 3, "excluded_lines": 0, "percent_statements_covered": 0.0, "percent_statements_covered_display": "0"}, "missing_lines": [14, 15, 17], "excluded_lines": [], "functions": {"": {"executed_lines": [], "summary": {"covered_lines": 0, "num_statements": 3, "percent_covered": 0.0, "percent_covered_display": "0", "missing_lines": 3, "excluded_lines": 0, "percent_statements_covered": 0.0, "percent_statements_covered_display": "0"}, "missing_lines": [14, 15, 17], "excluded_lines": [], "start_line": 1}}, "classes": {"": {"executed_lines": [], "summary": {"covered_lines": 0, "num_statements": 3, "percent_covered": 0.0, "percent_covered_display": "0", "missing_lines": 3, "excluded_lines": 0, "percent_statements_covered": 0.0, "percent_statements_covered_display": "0"}, "missing_lines": [14, 15, 17], "excluded_lines": [], "start_line": 1}}}, "integrations/alm/__init__.py": {"executed_lines": [], "summary": {"covered_lines": 0, "num_statements": 3, "percent_covered": 0.0, "percent_covered_display": "0", "missing_lines": 3, "excluded_lines": 0, "percent_statements_covered": 0.0, "percent_statements_covered_display": "0"}, "missing_lines": [14, 15, 17], "excluded_lines": [], "functions": {"": {"executed_lines": [], "summary": {"covered_lines": 0, "num_statements": 3, "percent_covered": 0.0, "percent_covered_display": "0", "missing_lines": 3, "excluded_lines": 0, "percent_statements_covered": 0.0, "percent_statements_covered_display": "0"}, "missing_lines": [14, 15, 17], "excluded_lines": [], "start_line": 1}}, "classes": {"": {"executed_lines": [], "summary": {"covered_lines": 0, "num_statements": 3, "percent_covered": 0.0, "percent_covered_display": "0", "missing_lines": 3, "excluded_lines": 0, "percent_statements_covered": 0.0, "percent_statements_covered_display": "0"}, "missing_lines": [14, 15, 17], "excluded_lines": [], "start_line": 1}}}, "integrations/alm/client.py": {"executed_lines": [], "summary": {"covered_lines": 0, "num_statements": 132, "percent_covered": 0.0, "percent_covered_display": "0", "missing_lines": 132, "excluded_lines": 0, "percent_statements_covered": 0.0, "percent_statements_covered_display": "0"}, "missing_lines": [9, 10, 11, 12, 14, 15, 18, 32, 33, 34, 35, 36, 37, 38, 39, 42, 43, 45, 46, 48, 50, 51, 52, 53, 54, 57, 59, 63, 64, 66, 68, 69, 75, 79, 81, 82, 86, 91, 92, 95, 100, 101, 102, 104, 105, 107, 108, 109, 111, 113, 115, 116, 117, 118, 119, 120, 121, 122, 124, 126, 128, 129, 131, 132, 134, 139, 141, 142, 152, 159, 160, 169, 180, 181, 182, 184, 185, 187, 197, 198, 204, 205, 207, 208, 210, 211, 212, 214, 224, 234, 236, 246, 252, 254, 260, 262, 270, 272, 278, 282, 294, 296, 307, 313, 314, 319, 321, 328, 332, 334, 336, 341, 343, 350, 354, 356, 358, 359, 360, 361, 362, 364, 365, 366, 367, 368, 369, 370, 371, 373, 375, 377], "excluded_lines": [], "functions": {"ALMIntegration.__init__": {"executed_lines": [], "summary": {"covered_lines": 0, "num_statements": 11, "percent_covered": 0.0, "percent_covered_display": "0", "missing_lines": 11, "excluded_lines": 0, "percent_statements_covered": 0.0, "percent_statements_covered_display": "0"}, "missing_lines": [46, 48, 50, 51, 52, 53, 54, 57, 59, 63, 64], "excluded_lines": [], "start_line": 45}, "ALMIntegration._get_client": {"executed_lines": [], "summary": {"covered_lines": 0, "num_statements": 3, "percent_covered": 0.0, "percent_covered_display": "0", "missing_lines": 3, "excluded_lines": 0, "percent_statements_covered": 0.0, "percent_statements_covered_display": "0"}, "missing_lines": [68, 69, 75], "excluded_lines": [], "start_line": 66}, "ALMIntegration.connect": {"executed_lines": [], "summary": {"covered_lines": 0, "num_statements": 14, "percent_covered": 0.0, "percent_covered_display": "0", "missing_lines": 14, "excluded_lines": 0, "percent_statements_covered": 0.0, "percent_statements_covered_display": "0"}, "missing_lines": [81, 82, 86, 91, 92, 95, 100, 101, 102, 104, 105, 107, 108, 109], "excluded_lines": [], "start_line": 79}, "ALMIntegration.disconnect": {"executed_lines": [], "summary": {"covered_lines": 0, "num_statements": 9, "percent_covered": 0.0, "percent_covered_display": "0", "missing_lines": 9, "excluded_lines": 0, "percent_statements_covered": 0.0, "percent_statements_covered_display": "0"}, "missing_lines": [113, 115, 116, 117, 118, 119, 120, 121, 122], "excluded_lines": [], "start_line": 111}, "ALMIntegration.health_check": {"executed_lines": [], "summary": {"covered_lines": 0, "num_statements": 12, "percent_covered": 0.0, "percent_covered_display": "0", "missing_lines": 12, "excluded_lines": 0, "percent_statements_covered": 0.0, "percent_statements_covered_display": "0"}, "missing_lines": [126, 128, 129, 131, 132, 134, 139, 141, 142, 152, 159, 160], "excluded_lines": [], "start_line": 124}, "ALMIntegration.sync_test_results": {"executed_lines": [], "summary": {"covered_lines": 0, "num_statements": 16, "percent_covered": 0.0, "percent_covered_display": "0", "missing_lines": 16, "excluded_lines": 0, "percent_statements_covered": 0.0, "percent_statements_covered_display": "0"}, "missing_lines": [180, 181, 182, 184, 185, 187, 197, 198, 204, 205, 207, 208, 210, 211, 212, 214], "excluded_lines": [], "start_line": 169}, "ALMIntegration.create_test_case": {"executed_lines": [], "summary": {"covered_lines": 0, "num_statements": 6, "percent_covered": 0.0, "percent_covered_display": "0", "missing_lines": 6, "excluded_lines": 0, "percent_statements_covered": 0.0, "percent_statements_covered_display": "0"}, "missing_lines": [234, 236, 246, 252, 254, 260], "excluded_lines": [], "start_line": 224}, "ALMIntegration.get_test_cases": {"executed_lines": [], "summary": {"covered_lines": 0, "num_statements": 1, "percent_covered": 0.0, "percent_covered_display": "0", "missing_lines": 1, "excluded_lines": 0, "percent_statements_covered": 0.0, "percent_statements_covered_display": "0"}, "missing_lines": [270], "excluded_lines": [], "start_line": 262}, "ALMIntegration.update_test_case": {"executed_lines": [], "summary": {"covered_lines": 0, "num_statements": 1, "percent_covered": 0.0, "percent_covered_display": "0", "missing_lines": 1, "excluded_lines": 0, "percent_statements_covered": 0.0, "percent_statements_covered_display": "0"}, "missing_lines": [278], "excluded_lines": [], "start_line": 272}, "ALMIntegration.create_bug": {"executed_lines": [], "summary": {"covered_lines": 0, "num_statements": 6, "percent_covered": 0.0, "percent_covered_display": "0", "missing_lines": 6, "excluded_lines": 0, "percent_statements_covered": 0.0, "percent_statements_covered_display": "0"}, "missing_lines": [294, 296, 307, 313, 314, 319], "excluded_lines": [], "start_line": 282}, "ALMIntegration.get_bugs": {"executed_lines": [], "summary": {"covered_lines": 0, "num_statements": 1, "percent_covered": 0.0, "percent_covered_display": "0", "missing_lines": 1, "excluded_lines": 0, "percent_statements_covered": 0.0, "percent_statements_covered_display": "0"}, "missing_lines": [328], "excluded_lines": [], "start_line": 321}, "ALMIntegration.get_projects": {"executed_lines": [], "summary": {"covered_lines": 0, "num_statements": 5, "percent_covered": 0.0, "percent_covered_display": "0", "missing_lines": 5, "excluded_lines": 0, "percent_statements_covered": 0.0, "percent_statements_covered_display": "0"}, "missing_lines": [334, 336, 341, 343, 350], "excluded_lines": [], "start_line": 332}, "ALMIntegration.validate_config": {"executed_lines": [], "summary": {"covered_lines": 0, "num_statements": 15, "percent_covered": 0.0, "percent_covered_display": "0", "missing_lines": 15, "excluded_lines": 0, "percent_statements_covered": 0.0, "percent_statements_covered_display": "0"}, "missing_lines": [356, 358, 359, 360, 361, 362, 364, 365, 366, 367, 368, 369, 370, 371, 373], "excluded_lines": [], "start_line": 354}, "ALMIntegration.get_config_schema": {"executed_lines": [], "summary": {"covered_lines": 0, "num_statements": 1, "percent_covered": 0.0, "percent_covered_display": "0", "missing_lines": 1, "excluded_lines": 0, "percent_statements_covered": 0.0, "percent_statements_covered_display": "0"}, "missing_lines": [377], "excluded_lines": [], "start_line": 375}, "": {"executed_lines": [], "summary": {"covered_lines": 0, "num_statements": 31, "percent_covered": 0.0, "percent_covered_display": "0", "missing_lines": 31, "excluded_lines": 0, "percent_statements_covered": 0.0, "percent_statements_covered_display": "0"}, "missing_lines": [9, 10, 11, 12, 14, 15, 18, 32, 33, 34, 35, 36, 37, 38, 39, 42, 43, 45, 66, 79, 111, 124, 169, 224, 262, 272, 282, 321, 332, 354, 375], "excluded_lines": [], "start_line": 1}}, "classes": {"ALMIntegration": {"executed_lines": [], "summary": {"covered_lines": 0, "num_statements": 101, "percent_covered": 0.0, "percent_covered_display": "0", "missing_lines": 101, "excluded_lines": 0, "percent_statements_covered": 0.0, "percent_statements_covered_display": "0"}, "missing_lines": [46, 48, 50, 51, 52, 53, 54, 57, 59, 63, 64, 68, 69, 75, 81, 82, 86, 91, 92, 95, 100, 101, 102, 104, 105, 107, 108, 109, 113, 115, 116, 117, 118, 119, 120, 121, 122, 126, 128, 129, 131, 132, 134, 139, 141, 142, 152, 159, 160, 180, 181, 182, 184, 185, 187, 197, 198, 204, 205, 207, 208, 210, 211, 212, 214, 234, 236, 246, 252, 254, 260, 270, 278, 294, 296, 307, 313, 314, 319, 328, 334, 336, 341, 343, 350, 356, 358, 359, 360, 361, 362, 364, 365, 366, 367, 368, 369, 370, 371, 373, 377], "excluded_lines": [], "start_line": 18}, "": {"executed_lines": [], "summary": {"covered_lines": 0, "num_statements": 31, "percent_covered": 0.0, "percent_covered_display": "0", "missing_lines": 31, "excluded_lines": 0, "percent_statements_covered": 0.0, "percent_statements_covered_display": "0"}, "missing_lines": [9, 10, 11, 12, 14, 15, 18, 32, 33, 34, 35, 36, 37, 38, 39, 42, 43, 45, 66, 79, 111, 124, 169, 224, 262, 272, 282, 321, 332, 354, 375], "excluded_lines": [], "start_line": 1}}}, "integrations/alm/config.py": {"executed_lines": [], "summary": {"covered_lines": 0, "num_statements": 16, "percent_covered": 0.0, "percent_covered_display": "0", "missing_lines": 16, "excluded_lines": 0, "percent_statements_covered": 0.0, "percent_statements_covered_display": "0"}, "missing_lines": [4, 5, 8, 11, 16, 20, 25, 29, 34, 35, 36, 37, 38, 39, 41, 42], "excluded_lines": [], "functions": {"ALMConfig.validate_url": {"executed_lines": [], "summary": {"covered_lines": 0, "num_statements": 3, "percent_covered": 0.0, "percent_covered_display": "0", "missing_lines": 3, "excluded_lines": 0, "percent_statements_covered": 0.0, "percent_statements_covered_display": "0"}, "missing_lines": [37, 38, 39], "excluded_lines": [], "start_line": 36}, "": {"executed_lines": [], "summary": {"covered_lines": 0, "num_statements": 13, "percent_covered": 0.0, "percent_covered_display": "0", "missing_lines": 13, "excluded_lines": 0, "percent_statements_covered": 0.0, "percent_statements_covered_display": "0"}, "missing_lines": [4, 5, 8, 11, 16, 20, 25, 29, 34, 35, 36, 41, 42], "excluded_lines": [], "start_line": 1}}, "classes": {"ALMConfig": {"executed_lines": [], "summary": {"covered_lines": 0, "num_statements": 3, "percent_covered": 0.0, "percent_covered_display": "0", "missing_lines": 3, "excluded_lines": 0, "percent_statements_covered": 0.0, "percent_statements_covered_display": "0"}, "missing_lines": [37, 38, 39], "excluded_lines": [], "start_line": 8}, "ALMConfig.Config": {"executed_lines": [], "summary": {"covered_lines": 0, "num_statements": 0, "percent_covered": 100.0, "percent_covered_display": "100", "missing_lines": 0, "excluded_lines": 0, "percent_statements_covered": 100.0, "percent_statements_covered_display": "100"}, "missing_lines": [], "excluded_lines": [], "start_line": 41}, "": {"executed_lines": [], "summary": {"covered_lines": 0, "num_statements": 13, "percent_covered": 0.0, "percent_covered_display": "0", "missing_lines": 13, "excluded_lines": 0, "percent_statements_covered": 0.0, "percent_statements_covered_display": "0"}, "missing_lines": [4, 5, 8, 11, 16, 20, 25, 29, 34, 35, 36, 41, 42], "excluded_lines": [], "start_line": 1}}}, "integrations/azure_devops/__init__.py": {"executed_lines": [], "summary": {"covered_lines": 0, "num_statements": 3, "percent_covered": 0.0, "percent_covered_display": "0", "missing_lines": 3, "excluded_lines": 0, "percent_statements_covered": 0.0, "percent_statements_covered_display": "0"}, "missing_lines": [14, 15, 17], "excluded_lines": [], "functions": {"": {"executed_lines": [], "summary": {"covered_lines": 0, "num_statements": 3, "percent_covered": 0.0, "percent_covered_display": "0", "missing_lines": 3, "excluded_lines": 0, "percent_statements_covered": 0.0, "percent_statements_covered_display": "0"}, "missing_lines": [14, 15, 17], "excluded_lines": [], "start_line": 1}}, "classes": {"": {"executed_lines": [], "summary": {"covered_lines": 0, "num_statements": 3, "percent_covered": 0.0, "percent_covered_display": "0", "missing_lines": 3, "excluded_lines": 0, "percent_statements_covered": 0.0, "percent_statements_covered_display": "0"}, "missing_lines": [14, 15, 17], "excluded_lines": [], "start_line": 1}}}, "integrations/azure_devops/client.py": {"executed_lines": [], "summary": {"covered_lines": 0, "num_statements": 240, "percent_covered": 0.0, "percent_covered_display": "0", "missing_lines": 240, "excluded_lines": 0, "percent_statements_covered": 0.0, "percent_statements_covered_display": "0"}, "missing_lines": [9, 10, 11, 12, 13, 15, 16, 19, 32, 33, 34, 35, 36, 37, 38, 39, 41, 42, 44, 4
[...]
100.0, "percent_covered_display": "100", "missing_lines": 0, "excluded_lines": 0, "percent_statements_covered": 100.0, "percent_statements_covered_display": "100"}, "missing_lines": [], "excluded_lines": [], "start_line": 118}, "TestCronJobResponse.test_cron_job_response_from_dict": {"executed_lines": [147, 161, 163, 164, 165, 166, 167, 168], "summary": {"covered_lines": 8, "num_statements": 8, "percent_covered": 100.0, "percent_covered_display": "100", "missing_lines": 0, "excluded_lines": 0, "percent_statements_covered": 100.0, "percent_statements_covered_display": "100"}, "missing_lines": [], "excluded_lines": [], "start_line": 145}, "TestCronExecutionBase.test_cron_execution_base_success": {"executed_lines": [176, 178, 186, 187, 188, 189, 190], "summary": {"covered_lines": 7, "num_statements": 7, "percent_covered": 100.0, "percent_covered_display": "100", "missing_lines": 0, "excluded_lines": 0, "percent_statements_covered": 100.0, "percent_statements_covered_display": "100"}, "missing_lines": [], "excluded_lines": [], "start_line": 174}, "TestCronExecutionBase.test_cron_execution_base_running": {"executed_lines": [194, 196, 202, 203, 204], "summary": {"covered_lines": 5, "num_statements": 5, "percent_covered": 100.0, "percent_covered_display": "100", "missing_lines": 0, "excluded_lines": 0, "percent_statements_covered": 100.0, "percent_statements_covered_display": "100"}, "missing_lines": [], "excluded_lines": [], "start_line": 192}, "TestCronExecutionBase.test_cron_execution_base_error": {"executed_lines": [208, 210, 217], "summary": {"covered_lines": 3, "num_statements": 3, "percent_covered": 100.0, "percent_covered_display": "100", "missing_lines": 0, "excluded_lines": 0, "percent_statements_covered": 100.0, "percent_statements_covered_display": "100"}, "missing_lines": [], "excluded_lines": [], "start_line": 206}, "TestCronExecutionResponse.test_cron_execution_response_basic": {"executed_lines": [226, 227, 229, 236, 247, 248, 249, 250, 251, 252, 253], "summary": {"covered_lines": 11, "num_statements": 11, "percent_covered": 100.0, "percent_covered_display": "100", "missing_lines": 0, "excluded_lines": 0, "percent_statements_covered": 100.0, "percent_statements_covered_display": "100"}, "missing_lines": [], "excluded_lines": [], "start_line": 224}, "TestCronStats.test_cron_stats_comprehensive": {"executed_lines": [261, 270, 271, 272, 273, 274, 275], "summary": {"covered_lines": 7, "num_statements": 7, "percent_covered": 100.0, "percent_covered_display": "100", "missing_lines": 0, "excluded_lines": 0, "percent_statements_covered": 100.0, "percent_statements_covered_display": "100"}, "missing_lines": [], "excluded_lines": [], "start_line": 259}, "TestCronStats.test_cron_stats_default_values": {"executed_lines": [279, 288, 289], "summary": {"covered_lines": 3, "num_statements": 3, "percent_covered": 100.0, "percent_covered_display": "100", "missing_lines": 0, "excluded_lines": 0, "percent_statements_covered": 100.0, "percent_statements_covered_display": "100"}, "missing_lines": [], "excluded_lines": [], "start_line": 277}, "TestCronStatusEnum.test_cron_job_status_values": {"executed_lines": [297, 298, 299], "summary": {"covered_lines": 3, "num_statements": 3, "percent_covered": 100.0, "percent_covered_display": "100", "missing_lines": 0, "excluded_lines": 0, "percent_statements_covered": 100.0, "percent_statements_covered_display": "100"}, "missing_lines": [], "excluded_lines": [], "start_line": 295}, "TestCronStatusEnum.test_cron_job_status_is_str_enum": {"executed_lines": [303, 304, 305], "summary": {"covered_lines": 3, "num_statements": 3, "percent_covered": 100.0, "percent_covered_display": "100", "missing_lines": 0, "excluded_lines": 0, "percent_statements_covered": 100.0, "percent_statements_covered_display": "100"}, "missing_lines": [], "excluded_lines": [], "start_line": 301}, "TestCronExecutionStatusEnum.test_cron_execution_status_values": {"executed_lines": [313, 314, 315, 316], "summary": {"covered_lines": 4, "num_statements": 4, "percent_covered": 100.0, "percent_covered_display": "100", "missing_lines": 0, "excluded_lines": 0, "percent_statements_covered": 100.0, "percent_statements_covered_display": "100"}, "missing_lines": [], "excluded_lines": [], "start_line": 311}, "TestCronExecutionStatusEnum.test_cron_execution_status_is_str_enum": {"executed_lines": [320, 321, 322], "summary": {"covered_lines": 3, "num_statements": 3, "percent_covered": 100.0, "percent_covered_display": "100", "missing_lines": 0, "excluded_lines": 0, "percent_statements_covered": 100.0, "percent_statements_covered_display": "100"}, "missing_lines": [], "excluded_lines": [], "start_line": 318}, "": {"executed_lines": [6, 7, 8, 15, 18, 31, 42, 51, 62, 75, 85, 88, 100, 115, 118, 145, 171, 174, 192, 206, 221, 224, 256, 259, 277, 292, 295, 301, 308, 311, 318, 326], "summary": {"covered_lines": 32, "num_statements": 33, "percent_covered": 96.96969696969697, "percent_covered_display": "97", "missing_lines": 1, "excluded_lines": 0, "percent_statements_covered": 96.96969696969697, "percent_statements_covered_display": "97"}, "missing_lines": [327], "excluded_lines": [], "start_line": 1}}, "classes": {"TestCronJobBase": {"executed_lines": [20, 26, 27, 28, 29, 33, 40, 44, 45, 54, 60, 66, 73, 77, 78], "summary": {"covered_lines": 15, "num_statements": 15, "percent_covered": 100.0, "percent_covered_display": "100", "missing_lines": 0, "excluded_lines": 0, "percent_statements_covered": 100.0, "percent_statements_covered_display": "100"}, "missing_lines": [], "excluded_lines": [], "start_line": 15}, "TestCronJobCreate": {"executed_lines": [90, 96, 97, 98, 102, 109, 110, 111, 112], "summary": {"covered_lines": 9, "num_statements": 9, "percent_covered": 100.0, "percent_covered_display": "100", "missing_lines": 0, "excluded_lines": 0, "percent_statements_covered": 100.0, "percent_statements_covered_display": "100"}, "missing_lines": [], "excluded_lines": [], "start_line": 85}, "TestCronJobResponse": {"executed_lines": [120, 122, 136, 137, 138, 139, 140, 141, 142, 143, 147, 161, 163, 164, 165, 166, 167, 168], "summary": {"covered_lines": 18, "num_statements": 18, "percent_covered": 100.0, "percent_covered_display": "100", "missing_lines": 0, "excluded_lines": 0, "percent_statements_covered": 100.0, "percent_statements_covered_display": "100"}, "missing_lines": [], "excluded_lines": [], "start_line": 115}, "TestCronExecutionBase": {"executed_lines": [176, 178, 186, 187, 188, 189, 190, 194, 196, 202, 203, 204, 208, 210, 217], "summary": {"covered_lines": 15, "num_statements": 15, "percent_covered": 100.0, "percent_covered_display": "100", "missing_lines": 0, "excluded_lines": 0, "percent_statements_covered": 100.0, "percent_statements_covered_display": "100"}, "missing_lines": [], "excluded_lines": [], "start_line": 171}, "TestCronExecutionResponse": {"executed_lines": [226, 227, 229, 236, 247, 248, 249, 250, 251, 252, 253], "summary": {"covered_lines": 11, "num_statements": 11, "percent_covered": 100.0, "percent_covered_display": "100", "missing_lines": 0, "excluded_lines": 0, "percent_statements_covered": 100.0, "percent_statements_covered_display": "100"}, "missing_lines": [], "excluded_lines": [], "start_line": 221}, "TestCronStats": {"executed_lines": [261, 270, 271, 272, 273, 274, 275, 279, 288, 289], "summary": {"covered_lines": 10, "num_statements": 10, "percent_covered": 100.0, "percent_covered_display": "100", "missing_lines": 0, "excluded_lines": 0, "percent_statements_covered": 100.0, "percent_statements_covered_display": "100"}, "missing_lines": [], "excluded_lines": [], "start_line": 256}, "TestCronStatusEnum": {"executed_lines": [297, 298, 299, 303, 304, 305], "summary": {"covered_lines": 6, "num_statements": 6, "percent_covered": 100.0, "percent_covered_display": "100", "missing_lines": 0, "excluded_lines": 0, "percent_statements_covered": 100.0, "percent_statements_covered_display": "100"}, "missing_lines": [], "excluded_lines": [], "start_line": 292}, "TestCronExecutionStatusEnum": {"executed_lines": [313, 314, 315, 316, 320, 321, 322], "summary": {"covered_lines": 7, "num_statements": 7, "percent_covered": 100.0, "percent_covered_display": "100", "missing_lines": 0, "excluded_lines": 0, "percent_statements_covered": 100.0, "percent_statements_covered_display": "100"}, "missing_lines": [], "excluded_lines": [], "start_line": 308}, "": {"executed_lines": [6, 7, 8, 15, 18, 31, 42, 51, 62, 75, 85, 88, 100, 115, 118, 145, 171, 174, 192, 206, 221, 224, 256, 259, 277, 292, 295, 301, 308, 311, 318, 326], "summary": {"covered_lines": 32, "num_statements": 33, "percent_covered": 96.96969696969697, "percent_covered_display": "97", "missing_lines": 1, "excluded_lines": 0, "percent_statements_covered": 96.96969696969697, "percent_statements_covered_display": "97"}, "missing_lines": [327], "excluded_lines": [], "start_line": 1}}}, "tests/unit/test_cron_service.py": {"executed_lines": [6, 7, 8, 10, 11, 12, 15, 16, 19, 22, 23, 26, 38, 52, 53, 54, 57, 60, 63, 64, 65, 66, 67, 70, 72, 75, 76, 77, 78, 81, 84, 87, 89, 92, 93, 96, 109, 110, 111, 114, 117, 120, 121, 124, 125, 128, 131, 132, 135, 148, 149, 150, 153, 156, 159, 160, 161, 162, 164, 167, 169, 170, 171, 174, 177, 180, 182, 185, 186, 189, 202, 203, 204, 207, 210, 213, 216, 217, 220, 223, 226, 235, 245, 246, 247, 250, 253, 256, 257, 258, 259, 261, 264, 265, 266, 267, 270, 273, 276, 278, 281, 282, 283, 284, 287, 290, 293, 296, 297, 300, 303, 306, 307, 308, 309, 310, 311, 312, 313, 314, 315, 316, 317, 320, 324, 327, 330, 331, 332, 333, 334, 335, 337, 340, 341, 342, 343, 346, 349, 352, 353, 354, 355, 356, 357, 359, 362, 363, 364, 365, 366, 367, 368, 369, 370, 371, 372, 373, 374, 376, 380, 383, 386, 387, 390, 391, 394, 397, 398, 401, 414, 415, 416, 419, 420, 423, 426, 429, 430, 431, 436, 439, 440, 441, 442, 445, 448, 449, 453], "summary": {"covered_lines": 189, "num_statements": 191, "percent_covered": 98.95287958115183, "percent_covered_display": "99", "missing_lines": 2, "excluded_lines": 0, "percent_statements_covered": 98.95287958115183, "percent_statements_covered_display": "99"}, "missing_lines": [434, 454], "excluded_lines": [], "functions": {"TestCronServiceGetJobs.test_get_jobs_success": {"executed_lines": [22, 23, 26, 38, 52, 53, 54, 57, 60, 63, 64, 65, 66, 67, 70], "summary": {"covered_lines": 15, "num_statements": 15, "percent_covered": 100.0, "percent_covered_display": "100", "missing_lines": 0, "excluded_lines": 0, "percent_statements_covered": 100.0, "percent_statements_covered_display": "100"}, "missing_lines": [], "excluded_lines": [], "start_line": 19}, "TestCronServiceGetJobs.test_get_jobs_empty": {"executed_lines": [75, 76, 77, 78, 81, 84, 87], "summary": {"covered_lines": 7, "num_statements": 7, "percent_covered": 100.0, "percent_covered_display": "100", "missing_lines": 0, "excluded_lines": 0, "percent_statements_covered": 100.0, "percent_statements_covered_display": "100"}, "missing_lines": [], "excluded_lines": [], "start_line": 72}, "TestCronServiceGetJobs.test_get_jobs_calculates_zero_division": {"executed_lines": [92, 93, 96, 109, 110, 111, 114, 117, 120, 121], "summary": {"covered_lines": 10, "num_statements": 10, "percent_covered": 100.0, "percent_covered_display": "100", "missing_lines": 0, "excluded_lines": 0, "percent_statements_covered": 100.0, "percent_statements_covered_display": "100"}, "missing_lines": [], "excluded_lines": [], "start_line": 89}, "TestCronServiceGetJob.test_get_job_success": {"executed_lines": [131, 132, 135, 148, 149, 150, 153, 156, 159, 160, 161, 162], "summary": {"covered_lines": 12, "num_statements": 12, "percent_covered": 100.0, "percent_covered_display": "100", "missing_lines": 0, "excluded_lines": 0, "percent_statements_covered": 100.0, "percent_statements_covered_display": "100"}, "missing_lines": [], "excluded_lines": [], "start_line": 128}, "TestCronServiceGetJob.test_get_job_not_found": {"executed_lines": [167, 169, 170, 171, 174, 177, 180], "summary": {"covered_lines": 7, "num_statements": 7, "percent_covered": 100.0, "percent_covered_display": "100", "missing_lines": 0, "excluded_lines": 0, "percent_statements_covered": 100.0, "percent_statements_covered_display": "100"}, "missing_lines": [], "excluded_lines": [], "start_line": 164}, "TestCronServiceGetJob.test_get_job_with_no_executions": {"executed_lines": [185, 186, 189, 202, 203, 204, 207, 210, 213], "summary": {"covered_lines": 9, "num_statements": 9, "percent_covered": 100.0, "percent_covered_display": "100", "missing_lines": 0, "excluded_lines": 0, "percent_statements_covered": 100.0, "percent_statements_covered_display": "100"}, "missing_lines": [], "excluded_lines": [], "start_line": 182}, "TestCronServiceGetExecutions.test_get_executions_success": {"executed_lines": [223, 226, 235, 245, 246, 247, 250, 253, 256, 257, 258, 259], "summary": {"covered_lines": 12, "num_statements": 12, "percent_covered": 100.0, "percent_covered_display": "100", "missing_lines": 0, "excluded_lines": 0, "percent_statements_covered": 100.0, "percent_statements_covered_display": "100"}, "missing_lines": [], "excluded_lines": [], "start_line": 220}, "TestCronServiceGetExecutions.test_get_executions_default_limit": {"executed_lines": [264, 265, 266, 267, 270, 273, 276], "summary": {"covered_lines": 7, "num_statements": 7, "percent_covered": 100.0, "percent_covered_display": "100", "missing_lines": 0, "excluded_lines": 0, "percent_statements_covered": 100.0, "percent_statements_covered_display": "100"}, "missing_lines": [], "excluded_lines": [], "start_line": 261}, "TestCronServiceGetExecutions.test_get_executions_custom_limit": {"executed_lines": [281, 282, 283, 284, 287, 290, 293], "summary": {"covered_lines": 7, "num_statements": 7, "percent_covered": 100.0, "percent_covered_display": "100", "missing_lines": 0, "excluded_lines": 0, "percent_statements_covered": 100.0, "percent_statements_covered_display": "100"}, "missing_lines": [], "excluded_lines": [], "start_line": 278}, "TestCronServiceGetStats.test_get_stats_comprehensive": {"executed_lines": [303, 306, 307, 308, 309, 310, 311, 312, 313, 314, 315, 316, 317, 320, 324, 327, 330, 331, 332, 333, 334, 335], "summary": {"covered_lines": 22, "num_statements": 22, "percent_covered": 100.0, "percent_covered_display": "100", "missing_lines": 0, "excluded_lines": 0, "percent_statements_covered": 100.0, "percent_statements_covered_display": "100"}, "missing_lines": [], "excluded_lines": [], "start_line": 300}, "TestCronServiceGetStats.test_get_stats_empty_database": {"executed_lines": [340, 341, 342, 343, 346, 349, 352, 353, 354, 355, 356, 357], "summary": {"covered_lines": 12, "num_statements": 12, "percent_covered": 100.0, "percent_covered_display": "100", "missing_lines": 0, "excluded_lines": 0, "percent_statements_covered": 100.0, "percent_statements_covered_display": "100"}, "missing_lines": [], "excluded_lines": [], "start_line": 337}, "TestCronServiceGetStats.test_get_stats_success_rate_calculation": {"executed_lines": [362, 363, 364, 365, 366, 367, 368, 369, 370, 371, 372, 373, 374, 376, 380, 383, 386, 387], "summary": {"covered_lines": 18, "num_statements": 18, "percent_covered": 100.0, "percent_covered_display": "100", "missing_lines": 0, "excluded_lines": 0, "percent_statements_covered": 100.0, "percent_statements_covered_display": "100"}, "missing_lines": [], "excluded_lines": [], "start_line": 359}, "TestCronServiceRunJob.test_run_job_success": {"executed_lines": [397, 398, 401, 414, 415, 416, 419, 420, 423, 426, 429, 430, 431], "summary": {"covered_lines": 13, "num_statements": 14, "percent_covered": 92.85714285714286, "percent_covered_display": "93", "missing_lines": 1, "excluded_lines": 0, "percent_statements_covered": 92.85714285714286, "percent_statements_covered_display": "93"}, "missing_lines": [434], "excluded_lines": [], "start_line": 394}, "TestCronServiceRunJob.test_run_job_not_found": {"executed_lines": [439, 440, 441, 442, 445, 448, 449], "summary": {"covered_lines": 7, "num_statements": 7, "percent_covered": 100.0, "percent_covered_display": "100", "missing_lines": 0, "excluded_lines": 0, "percent_statements_covered": 100.0, "percent_statements_covered_display": "100"}, "missing_lines": [], "excluded_lines": [], "start_line": 436}, "": {"executed_lines": [6, 7, 8, 10, 11, 12, 15, 16, 19, 72, 89, 124, 125, 128, 164, 182, 216, 217, 220, 261, 278, 296, 297, 300, 337, 359, 390, 391, 394, 436, 453], "summary": {"covered_lines": 31, "num_statements": 32, "percent_covered": 96.875, "percent_covered_display": "97", "missing_lines": 1, "excluded_lines": 0, "percent_statements_covered": 96.875, "percent_statements_covered_display": "97"}, "missing_lines": [454], "excluded_lines": [], "start_line": 1}}, "classes": {"TestCronServiceGetJobs": {"executed_lines": [22, 23, 26, 38, 52, 53, 54, 57, 60, 63, 64, 65, 66, 67, 70, 75, 76, 77, 78, 81, 84, 87, 92, 93, 96, 109, 110, 111, 114, 117, 120, 121], "summary": {"covered_lines": 32, "num_statements": 32, "percent_covered": 100.0, "percent_covered_display": "100", "missing_lines": 0, "excluded_lines": 0, "percent_statements_covered": 100.0, "percent_statements_covered_display": "100"}, "missing_lines": [], "excluded_lines": [], "start_line": 16}, "TestCronServiceGetJob": {"executed_lines": [131, 132, 135, 148, 149, 150, 153, 156, 159, 160, 161, 162, 167, 169, 170, 171, 174, 177, 180, 185, 186, 189, 202, 203, 204, 207, 210, 213], "summary": {"covered_lines": 28, "num_statements": 28, "percent_covered": 100.0, "percent_covered_display": "100", "missing_lines": 0, "excluded_lines": 0, "percent_statements_covered": 100.0, "percent_statements_covered_display": "100"}, "missing_lines": [], "excluded_lines": [], "start_line": 125}, "TestCronServiceGetExecutions": {"executed_lines": [223, 226, 235, 245, 246, 247, 250, 253, 256, 257, 258, 259, 264, 265, 266, 267, 270, 273, 276, 281, 282, 283, 284, 287, 290, 293], "summary": {"covered_lines": 26, "num_statements": 26, "percent_covered": 100.0, "percent_covered_display": "100", "missing_lines": 0, "excluded_lines": 0, "percent_statements_covered": 100.0, "percent_statements_covered_display": "100"}, "missing_lines": [], "excluded_lines": [], "start_line": 217}, "TestCronServiceGetStats": {"executed_lines": [303, 306, 307, 308, 309, 310, 311, 312, 313, 314, 315, 316, 317, 320, 324, 327, 330, 331, 332, 333, 334, 335, 340, 341, 342, 343, 346, 349, 352, 353, 354, 355, 356, 357, 362, 363, 364, 365, 366, 367, 368, 369, 370, 371, 372, 373, 374, 376, 380, 383, 386, 387], "summary": {"covered_lines": 52, "num_statements": 52, "percent_covered": 100.0, "percent_covered_display": "100", "missing_lines": 0, "excluded_lines": 0, "percent_statements_covered": 100.0, "percent_statements_covered_display": "100"}, "missing_lines": [], "excluded_lines": [], "start_line": 297}, "TestCronServiceRunJob": {"executed_lines": [397, 398, 401, 414, 415, 416, 419, 420, 423, 426, 429, 430, 431, 439, 440, 441, 442, 445, 448, 449], "summary": {"covered_lines": 20, "num_statements": 21, "percent_covered": 95.23809523809524, "percent_covered_display": "95", "missing_lines": 1, "excluded_lines": 0, "percent_statements_covered": 95.23809523809524, "percent_statements_covered_display": "95"}, "missing_lines": [434], "excluded_lines": [], "start_line": 391}, "": {"executed_lines": [6, 7, 8, 10, 11, 12, 15, 16, 19, 72, 89, 124, 125, 128, 164, 182, 216, 217, 220, 261, 278, 296, 297, 300, 337, 359, 390, 391, 394, 436, 453], "summary": {"covered_lines": 31, "num_statements": 32, "percent_covered": 96.875, "percent_covered_display": "97", "missing_lines": 1, "excluded_lines": 0, "percent_statements_covered": 96.875, "percent_statements_covered_display": "97"}, "missing_lines": [454], "excluded_lines": [], "start_line": 1}}}}, "totals": {"covered_lines": 1467, "num_statements": 4648, "percent_covered": 31.561962134251292, "percent_covered_display": "32", "missing_lines": 3181, "excluded_lines": 0, "percent_statements_covered": 31.561962134251292, "percent_statements_covered_display": "32"}}